        -:    0:Source:1503.c
        -:    0:Graph:1503.gcno
        -:    0:Data:1503.gcda
        -:    0:Runs:1
        -:    1:/* { dg-do run } */
        -:    2:/* { dg-require-effective-target lp64 } */
        -:    3:
        -:    4:extern void __attribute__((noreturn)) abort(void);
        -:    5:
        3:    6:int __attribute__((noinline, noclone)) foo(unsigned long addr) {
        3:    7:  unsigned long *p = (unsigned long *)((addr & 0xffff83fffffffff8UL) * 4);
        3:    8:  unsigned long xxx = (unsigned long)(p + 1);
        3:    9:  return xxx >= 0x3c000000000UL;
        -:   10:}
        -:   11:
        1:   12:int main(void) {
        1:   13:  if (foo(0))
    #####:   14:    abort();
        1:   15:  if (foo(0x7c0000000000UL))
    #####:   16:    abort();
        1:   17:  if (!foo(0xfc0000000000UL))
    #####:   18:    abort();
        1:   19:  return 0;
        -:   20:}
