        -:    0:Source:3477.c
        -:    0:Graph:3477.gcno
        -:    0:Data:3477.gcda
        -:    0:Runs:1
        -:    1:/* PR middle-end/44843 */
        -:    2:/* Verify that we don't use the alignment of struct S for inner accesses.  */
        -:    3:
        -:    4:struct S {
        -:    5:  double for_alignment;
        -:    6:  struct {
        -:    7:    int x, y, z;
        -:    8:  } a[16];
        -:    9:};
        -:   10:
        -:   11:void f(struct S *s) __attribute__((noinline));
        -:   12:
        1:   13:void f(struct S *s) {
        -:   14:  unsigned int i;
        -:   15:
       17:   16:  for (i = 0; i < 16; ++i) {
       16:   17:    s->a[i].x = 0;
       16:   18:    s->a[i].y = 0;
       16:   19:    s->a[i].z = 0;
        -:   20:  }
        1:   21:}
        -:   22:
        1:   23:int main(void) {
        -:   24:  struct S s;
        1:   25:  f(&s);
        1:   26:  return 0;
        -:   27:}
