        -:    0:Source:1639.c
        -:    0:Graph:1639.gcno
        -:    0:Data:1639.gcda
        -:    0:Runs:1
        -:    1:/* { dg-do run } */
        -:    2:
        -:    3:int a, b, c, d, e = 1;
        -:    4:
        1:    5:int main() {
        -:    6:  int f;
        1:    7:  if (a)
    #####:    8:    goto L;
        2:    9:  for (f = 0; f < e; e++) {
        1:   10:  L:
        1:   11:    if (d)
    #####:   12:      continue;
        1:   13:    if (c)
    #####:   14:      goto L;
        7:   15:    for (a = 0; a < 6; a++)
       24:   16:      for (f = 0; f < 3; f++)
       18:   17:        while (b)
    #####:   18:          c++;
        -:   19:  }
        1:   20:  return 0;
        -:   21:}
