        -:    0:Source:1348.c
        -:    0:Graph:1348.gcno
        -:    0:Data:1348.gcda
        -:    0:Runs:1
        -:    1:/* { dg-do run } */
        -:    2:
        1:    3:void __attribute__((noinline, noclone)) foo(int *a, int n) {
        1:    4:  int *lasta = a + n;
       14:    5:  for (; a != lasta; a++) {
       13:    6:    *a *= 2;
       13:    7:    a[1] = a[-1] + a[-2];
        -:    8:  }
        1:    9:}
        -:   10:extern void abort(void);
        1:   11:int main() {
        1:   12:  int a[16] = {1, 2, 3, 4, 5, 6, 7, 8, 9, 10, 11, 12, 13, 14, 15, 16};
        1:   13:  int r[16] = {1,   2,   6,   6,   16,   24,   44,   80,
        -:   14:               136, 248, 432, 768, 1360, 2400, 4256, 3760};
        -:   15:  unsigned i;
        1:   16:  foo(&a[2], 13);
        9:   17:  for (i = 0; i < 8; ++i)
        8:   18:    if (a[i] != r[i])
    #####:   19:      abort();
        1:   20:  return 0;
        -:   21:}
