        -:    0:Source:154.c
        -:    0:Graph:154.gcno
        -:    0:Data:154.gcda
        -:    0:Runs:1
        -:    1:/* { dg-do run }  */
        -:    2:/* { dg-require-ifunc "" } */
        -:    3:/* { dg-options "" } */
        -:    4:
        1:    5:static int implementation(void) {
        1:    6:  __builtin_printf("'ere I am JH\n");
        1:    7:  return 0;
        -:    8:}
        -:    9:
        1:   10:static __typeof__(implementation) *resolver(void) { return implementation; }
        -:   11:
        -:   12:extern int magic(void) __attribute__((ifunc("resolver")));
        -:   13:
        1:   14:int main() { return magic() != 0; }
