        -:    0:Source:1758.c
        -:    0:Graph:1758.gcno
        -:    0:Data:1758.gcda
        -:    0:Runs:1
        -:    1:/* { dg-do run } */
        -:    2:
        -:    3:int x;
        -:    4:
        1:    5:int __attribute__((noinline)) foo(int a, int b, int w) {
        1:    6:  int tmp1 = a * w;
        1:    7:  int tmp2 = b * w;
        1:    8:  x = tmp1;
        1:    9:  return tmp1 + tmp2;
        -:   10:}
        -:   11:
        -:   12:extern void abort(void);
        -:   13:
        1:   14:int main() {
        1:   15:  if (foo(1, 2, 3) != 9)
    #####:   16:    abort();
        1:   17:  if (x != 3)
    #####:   18:    abort();
        1:   19:  return 0;
        -:   20:}
