        -:    0:Source:3624.c
        -:    0:Graph:3624.gcno
        -:    0:Data:3624.gcda
        -:    0:Runs:1
        -:    1:/* This test checks that we are no instrumenting a memory access twice
        -:    2:   (before and after inlining) */
        -:    3:
        -:    4:/* { dg-do compile } */
        -:    5:/* { dg-options "-fno-sanitize-address-use-after-scope" } */
        -:    6:/* { dg-final { scan-assembler-not "__asan_report_load" } } */
        -:    7:
        1:    8:__attribute__((always_inline)) inline void foo(int *x) { *x = 0; }
        -:    9:
        1:   10:int main() {
        -:   11:  int x;
        -:   12:  foo(&x);
        1:   13:  return x;
        -:   14:}
