        -:    0:Source:2624.c
        -:    0:Graph:2624.gcno
        -:    0:Data:2624.gcda
        -:    0:Runs:1
        -:    1:/* PR inline-asm/35160 */
        -:    2:/* { dg-do run } */
        -:    3:/* { dg-skip-if "" { ia32 && { ! nonpic } } } */
        -:    4:/* { dg-options "-O2" } */
        -:    5:
        -:    6:extern void abort(void);
        -:    7:
        1:    8:void __attribute__((noinline)) foo(unsigned int *y) {
        -:    9:  unsigned int c0, c1, c2, d0, d1, d2;
        1:   10:  d0 = 0;
        1:   11:  d1 = 0;
        1:   12:  d2 = 0;
        1:   13:  c0 = c1 = c2 = 0;
        -:   14:
        1:   15:  __asm__("movl $7, %k0; movl $8, %k1; movl $9, %k2"
        -:   16:          : "+r"(d0), "+r"(d1), "+r"(d2));
        1:   17:  __asm__("movl %3, %0; movl %4, %1; movl %5, %2"
        -:   18:          : "+r"(c0), "+r"(c1), "+r"(c2), "+r"(d0), "+r"(d1), "+r"(d2));
        1:   19:  y[0] = c0;
        1:   20:  y[1] = c1;
        1:   21:  y[2] = c2;
        1:   22:}
        -:   23:
        1:   24:int main(void) {
        -:   25:  unsigned int y[3];
        1:   26:  foo(y);
        1:   27:  if (y[0] != 7 || y[1] != 8 || y[2] != 9)
    #####:   28:    abort();
        1:   29:  return 0;
        -:   30:}
