        -:    0:Source:4031.c
        -:    0:Graph:4031.gcno
        -:    0:Data:4031.gcda
        -:    0:Runs:1
        -:    1:/* PR tree-optimization/91632 */
        -:    2:/* { dg-additional-options "-fwrapv" } */
        -:    3:
        1:    4:static int __attribute__((noipa)) foo(char x) {
        1:    5:  switch (x) {
    #####:    6:  case '"':
        -:    7:  case '<':
        -:    8:  case '>':
        -:    9:  case '\\':
        -:   10:  case '^':
        -:   11:  case '`':
        -:   12:  case '{':
        -:   13:  case '|':
        -:   14:  case '}':
    #####:   15:    return 0;
        -:   16:  }
        1:   17:  return 1;
        -:   18:}
        -:   19:
        1:   20:int main() {
        1:   21:  if (foo('h') == 0)
    #####:   22:    __builtin_abort();
        1:   23:  return 0;
        -:   24:}
