        -:    0:Source:4141.c
        -:    0:Graph:4141.gcno
        -:    0:Data:4141.gcda
        -:    0:Runs:1
        -:    1:/* { dg-do run } */
        -:    2:/* { dg-options "-O3 -fno-strict-aliasing" } */
        -:    3:
        -:    4:extern void exit(int);
        -:    5:extern void abort(void);
        -:    6:
        -:    7:struct foos {
        -:    8:  int l;
        -:    9:};
        -:   10:int foo;
        -:   11:static struct foos *getfoo(void);
        1:   12:int main(void) {
        1:   13:  struct foos *f = getfoo();
        1:   14:  f->l = 1;
        1:   15:  foo = 2;
        1:   16:  if (f->l == 1)
    #####:   17:    abort();
        1:   18:  exit(0);
        -:   19:}
        1:   20:static struct foos *getfoo(void) { return (struct foos *)&foo; }
