        -:    0:Source:3907.c
        -:    0:Graph:3907.gcno
        -:    0:Data:3907.gcda
        -:    0:Runs:1
        -:    1:/* { dg-options "-O2 -ftree-vectorize -fno-vect-cost-model" } */
        -:    2:/* { dg-additional-options "-fno-common" { target hppa*-*-hpux* } } */
        -:    3:
        -:    4:#define SIZE 128
        -:    5:unsigned short _Alignas(16) in[SIZE];
        -:    6:
        1:    7:__attribute__((noinline)) int test(unsigned short sum, unsigned short *in,
        -:    8:                                   int x) {
       17:    9:  for (int j = 0; j < SIZE; j += 8)
       16:   10:    sum += in[j] * x;
        1:   11:  return sum;
        -:   12:}
        -:   13:
        1:   14:int main() {
      129:   15:  for (int i = 0; i < SIZE; i++)
      128:   16:    in[i] = i;
        1:   17:  if (test(0, in, 1) != 960)
    #####:   18:    __builtin_abort();
        1:   19:  return 0;
        -:   20:}
