        -:    0:Source:2505.c
        -:    0:Graph:2505.gcno
        -:    0:Data:2505.gcda
        -:    0:Runs:1
        -:    1:/* { dg-do run } */
        -:    2:/* { dg-require-effective-target arm_thumb2_ok } */
        -:    3:/* { dg-options "-mthumb -O3 -mrestrict-it" }  */
        -:    4:
        -:    5:int a;
        -:    6:
        2:    7:__attribute__((noinline, noclone)) int fn1(int c, int d) {
        2:    8:  if (c > d)
        1:    9:    a = 1;
        -:   10:  else
        1:   11:    a = -1;
        2:   12:  return a;
        -:   13:}
        -:   14:
        1:   15:int main(void) {
        1:   16:  if (fn1(4, 5) != -1)
    #####:   17:    __builtin_abort();
        -:   18:
        1:   19:  if (fn1(5, 4) != 1)
    #####:   20:    __builtin_abort();
        -:   21:
        1:   22:  return 0;
        -:   23:}
