        -:    0:Source:225.c
        -:    0:Graph:225.gcno
        -:    0:Data:225.gcda
        -:    0:Runs:1
        -:    1:// Options:   --concise --max-struct-fields 5 --max-funcs 2 --max-array-len-per-dim 5 --max-block-depth 3 --max-block-size 2
        -:    2:#include "csmith.h"
        -:    3:
        -:    4:static long __undefined;
        -:    5:
        -:    6:union U0 {
        -:    7:  volatile uint64_t f0;
        -:    8:  uint8_t f1;
        -:    9:  int16_t f2;
        -:   10:  uint64_t f3;
        -:   11:  volatile uint32_t f4;
        -:   12:};
        -:   13:
        -:   14:static int32_t g_2 = 0x4A53AA9AL;
        -:   15:static uint16_t g_13 = 0x10FEL;
        -:   16:static union U0 g_21 = {1UL};
        -:   17:static int32_t g_48 = 0xD579DEB4L;
        -:   18:static int32_t *g_52[2] = {&g_2, &g_2};
        -:   19:static int32_t *volatile *g_51 = &g_52[0];
        -:   20:static int64_t g_58 = 0xE0456BBB30732BABLL;
        -:   21:static const int32_t **const volatile g_66 = (void *)0;
        -:   22:static const int32_t *g_67 = &g_48;
        -:   23:
        -:   24:static int64_t func_1(void);
        -:   25:static const int32_t *func_5(int32_t *p_6, uint32_t p_7, int32_t *p_8);
        -:   26:
        1:   27:static int64_t func_1(void) {
        1:   28:  uint16_t l_18 = 3UL;
        1:   29:  int32_t *l_68[3][2][4] = {{{&g_48, &g_48, &g_48, &g_48}, {&g_2, &g_48, &g_48, &g_48}}, {{&g_48, &g_2, &g_48, &g_48}, {&g_2, &g_2, &g_48, &g_48}}, {{&g_48, &g_2, &g_48, &g_48}, {&g_48, &g_48, &g_48, &g_48}}};
        1:   30:  uint32_t l_69 = 0xE133A9B9L;
        -:   31:  int i, j, k;
       1*:   32:  for (g_2 = 1; (g_2 == 22); g_2 = safe_add_func_int8_t_s_s(g_2, 1)) {
    #####:   33:    int32_t *l_16 = (void *)0;
    #####:   34:    int32_t **l_17 = &l_16;
    #####:   35:    int32_t l_22 = (-5L);
    #####:   36:    g_67 = func_5(&g_2, (safe_add_func_int16_t_s_s(((safe_rshift_func_uint8_t_u_s((g_13--), 6)) & (((*l_17) = l_16) == (void *)0)), 65526UL)), (((((l_18, (safe_add_func_int16_t_s_s((g_21, 0xF9B6L), (l_22 & (safe_div_func_uint32_t_u_u(((safe_mul_func_uint32_t_u_u((l_17 == (void *)0), g_2)) <= g_2), 0x721F7D96L)))))) != g_2), g_2) || g_21.f0), &g_2));
        -:   37:  }
        1:   38:  ++l_69;
        1:   39:  return g_2;
        -:   40:}
        -:   41:
    #####:   42:static const int32_t *func_5(int32_t *p_6, uint32_t p_7, int32_t *p_8) {
    #####:   43:  int32_t l_55 = 0x01153AA9L;
        -:   44:  uint8_t l_59[1][3];
    #####:   45:  const int32_t *l_65 = &g_48;
        -:   46:  int i, j;
    #####:   47:  for (i = 0; i < 1; i++) {
    #####:   48:    for (j = 0; j < 3; j++)
    #####:   49:      l_59[i][j] = 0xB0L;
        -:   50:  }
    #####:   51:lbl_61:
    #####:   52:  for (g_13 = 13; (g_13 < 56); g_13++) {
    #####:   53:    uint8_t l_40 = 255UL;
    #####:   54:    int32_t *l_47 = &g_48;
    #####:   55:    int64_t *l_56 = (void *)0;
    #####:   56:    int64_t *l_57 = &g_58;
    #####:   57:    uint16_t l_60 = 0x5881L;
    #####:   58:    l_60 ^= ((((safe_lshift_func_uint16_t_u_s(g_2, (safe_sub_func_uint16_t_u_u((safe_add_func_int16_t_s_s(((safe_mod_func_uint16_t_u_u((safe_lshift_func_int32_t_s_u((((*l_57) = ((((~l_40) ^ (g_13, 0x11CAL)) >= ((((safe_sub_func_uint64_t_u_u(((safe_rshift_func_uint8_t_u_s((safe_sub_func_int32_t_s_s(((*l_47) = g_21.f0), ((*p_8) | ((safe_lshift_func_uint32_t_u_u((((void *)0 == g_51) <= (safe_mod_func_uint16_t_u_u(((((0x38E0L == l_55) <= 0x756EB3E1984BBC18LL) <= p_7) && (*p_8)), (-1L)))), l_55)) > (-9L))))), g_2)) ^ l_55), p_7)), p_7) == g_13), (*l_47))), 0x335309F33D48A24ELL)) | l_59[0][2]), g_2)), 0x6454L)) & l_59[0][2]), l_55)), g_13)))) ^ 0x90942075L), 0x9A6287676E3B61EALL) > p_7);
    #####:   59:    if (l_55)
    #####:   60:      goto lbl_61;
    #####:   61:    if ((**g_51))
    #####:   62:      continue;
        -:   63:  }
    #####:   64:  for (l_55 = (-20); (l_55 >= (-18)); l_55++) {
    #####:   65:    int32_t l_64 = 0x288841F9L;
    #####:   66:    l_64 = (*p_6);
        -:   67:  }
    #####:   68:  return l_65;
        -:   69:}
        -:   70:
        1:   71:int main(int argc, char *argv[]) {
        -:   72:  int i;
        1:   73:  int print_hash_value = 0;
       1*:   74:  if (argc == 2 && strcmp(argv[1], "1") == 0)
    #####:   75:    print_hash_value = 1;
        1:   76:  platform_main_begin();
        1:   77:  crc32_gentab();
        1:   78:  func_1();
        1:   79:  transparent_crc(g_2, "g_2", print_hash_value);
        1:   80:  transparent_crc(g_13, "g_13", print_hash_value);
        1:   81:  transparent_crc(g_21.f0, "g_21.f0", print_hash_value);
        1:   82:  transparent_crc(g_48, "g_48", print_hash_value);
        1:   83:  transparent_crc(g_58, "g_58", print_hash_value);
        1:   84:  platform_main_end(crc32_context ^ 0xFFFFFFFFUL, print_hash_value);
        1:   85:  return 0;
        -:   86:}
