        -:    0:Source:852.c
        -:    0:Graph:852.gcno
        -:    0:Data:852.gcda
        -:    0:Runs:1
        -:    1:/* PR target/36015 */
        -:    2:/* { dg-do run } */
        -:    3:/* { dg-options "-O0" } */
        -:    4:/* { dg-options "-O0 -mregparm=3" { target { { i?86-*-* x86_64-*-* } && ia32 } }
        -:    5: * } */
        -:    6:
        -:    7:static int test();
        -:    8:
        1:    9:int main(void) {
        1:   10:  test(0, 1, 2, 3, 4, 5, 6, 7);
        1:   11:  return 0;
        -:   12:}
        -:   13:
        1:   14:static int test(int a, int b, int c, int d, int e, int f, int g, int h) {
        1:   15:  if (a != 0 || b != 1 || c != 2 || d != 3 || e != 4 || f != 5 || g != 6 ||
        -:   16:      h != 7)
    #####:   17:    __builtin_abort();
        1:   18:  return 0;
        -:   19:}
