        -:    0:Source:316.c
        -:    0:Graph:316.gcno
        -:    0:Data:316.gcda
        -:    0:Runs:1
        -:    1:// Options:   --concise --max-struct-fields 5 --max-funcs 2 --max-array-len-per-dim 5 --max-block-depth 3 --max-block-size 2
        -:    2:#include "csmith.h"
        -:    3:
        -:    4:static long __undefined;
        -:    5:
        -:    6:struct S1 {
        -:    7:  const int64_t f0;
        -:    8:  int64_t f1;
        -:    9:  const uint64_t f2;
        -:   10:  volatile uint16_t f3;
        -:   11:  int64_t f4;
        -:   12:};
        -:   13:
        -:   14:union U6 {
        -:   15:  uint64_t f0;
        -:   16:  const volatile uint32_t f1;
        -:   17:  int32_t f2;
        -:   18:  int8_t f3;
        -:   19:};
        -:   20:
        -:   21:static uint8_t g_7[5][5][1] = {{{0x78L}, {1UL}, {0xDBL}, {0xBAL}, {9UL}}, {{0x23L}, {9UL}, {0xBAL}, {0xDBL}, {1UL}}, {{0x78L}, {0x78L}, {1UL}, {0xDBL}, {0xBAL}}, {{9UL}, {0x23L}, {9UL}, {0xBAL}, {0xDBL}}, {{1UL}, {0x78L}, {0x78L}, {1UL}, {0xDBL}}};
        -:   22:static union U6 g_13 = {0x33EE67684593F6A0LL};
        -:   23:static uint64_t g_20 = 0UL;
        -:   24:static int64_t g_23 = 0x28129EC6EA3D8810LL;
        -:   25:static uint16_t g_44[4] = {65535UL, 65535UL, 65535UL, 65535UL};
        -:   26:static uint16_t g_47[5] = {65535UL, 65535UL, 65535UL, 65535UL, 65535UL};
        -:   27:static volatile uint8_t g_50 = 7UL;
        -:   28:static volatile uint8_t *volatile g_49 = &g_50;
        -:   29:static const uint8_t g_54 = 0xF3L;
        -:   30:static const uint8_t *g_53 = &g_54;
        -:   31:static uint32_t g_60 = 0x226F84B8L;
        -:   32:static uint32_t g_68[3][5][5] = {{{0UL, 0UL, 18446744073709551608UL, 0xD060950CL, 0x98B87247L}, {18446744073709551606UL, 0x30BDA1A7L, 18446744073709551615UL, 18446744073709551613UL, 0x328171C6L}, {0UL, 0xE23F1199L, 0xCC5DB095L, 18446744073709551610UL, 0xCC5DB095L}, {18446744073709551615UL, 18446744073709551615UL, 1UL, 0x67D69BDFL, 0xFF5532CFL}, {18446744073709551608UL, 0xE46F67A2L, 0xCC5DB095L, 18446744073709551615UL, 18446744073709551608UL}},
        -:   33:                                 {{18446744073709551615UL, 0x831782E4L, 7UL, 0x67D69BDFL, 7UL}, {0xE46F67A2L, 0xE46F67A2L, 0x66C5D899L, 18446744073709551610UL, 18446744073709551608UL}, {0x831782E4L, 18446744073709551615UL, 7UL, 1UL, 0xFF5532CFL}, {0xE46F67A2L, 18446744073709551608UL, 0xCC5DB095L, 18446744073709551610UL, 0xCC5DB095L}, {18446744073709551615UL, 18446744073709551615UL, 1UL, 0x67D69BDFL, 0xFF5532CFL}},
        -:   34:                                 {{18446744073709551608UL, 0xE46F67A2L, 0xCC5DB095L, 18446744073709551615UL, 18446744073709551608UL}, {18446744073709551615UL, 0x831782E4L, 7UL, 0x67D69BDFL, 7UL}, {0xE46F67A2L, 0xE46F67A2L, 0x66C5D899L, 18446744073709551610UL, 18446744073709551608UL}, {0x831782E4L, 18446744073709551615UL, 7UL, 1UL, 0xFF5532CFL}, {0xE46F67A2L, 18446744073709551608UL, 0xCC5DB095L, 18446744073709551610UL, 0xCC5DB095L}}};
        -:   35:static union U6 g_78 = {0x22DD2E1BD6F38C13LL};
        -:   36:static union U6 *g_77 = &g_78;
        -:   37:static volatile uint64_t g_89 = 1UL;
        -:   38:static int32_t g_94[5] = {(-1L), (-1L), (-1L), (-1L), (-1L)};
        -:   39:static int32_t *g_97 = &g_94[1];
        -:   40:static int32_t **volatile g_96 = &g_97;
        -:   41:static uint8_t g_102 = 0xB2L;
        -:   42:static struct S1 g_103 = {0xAD1A43B2DE0ECAC0LL, 0xD6B031E64C26F4C7LL, 0x9F55D16F9888A159LL, 0xD837L, 0xA3785E6FA96CD894LL};
        -:   43:static uint8_t g_111 = 0xF3L;
        -:   44:static int32_t *volatile g_113 = &g_13.f2;
        -:   45:static uint8_t *g_130 = &g_102;
        -:   46:static uint8_t **g_129 = &g_130;
        -:   47:
        -:   48:static int16_t func_1(void);
        -:   49:static int32_t func_2(uint64_t p_3, int8_t p_4, int8_t p_5);
        -:   50:
        1:   51:static int16_t func_1(void) {
        1:   52:  uint32_t l_6 = 0xD1A4E665L;
        1:   53:  int32_t l_95 = (-2L);
        1:   54:  uint8_t *l_110 = &g_111;
        1:   55:  uint8_t **l_109 = &l_110;
        1:   56:  uint64_t *l_118 = &g_20;
        -:   57:  int32_t **l_121[3];
        1:   58:  int64_t l_139 = 0L;
        1:   59:  int16_t l_141 = 0x6D1AL;
        -:   60:  int i;
        4:   61:  for (i = 0; i < 3; i++)
        3:   62:    l_121[i] = &g_97;
        1:   63:  if (func_2(l_6, g_7[0][1][0], l_6)) {
        1:   64:    int32_t l_92 = 0x9ABE1F69L;
        1:   65:    int32_t *l_93[2][5] = {{&g_78.f2, &g_78.f2, (void *)0, &g_94[0], (void *)0}, {&g_78.f2, &g_78.f2, (void *)0, &g_94[0], (void *)0}};
        -:   66:    int i, j;
        1:   67:    l_95 &= l_92;
        1:   68:    (*g_96) = &g_94[3];
        -:   69:  } else {
    #####:   70:    uint32_t l_100 = 0UL;
    #####:   71:    uint8_t *l_101 = &g_102;
    #####:   72:    int64_t *l_106 = &g_103.f1;
    #####:   73:    int32_t *l_112 = &g_78.f2;
    #####:   74:    int32_t ***l_122 = (void *)0;
    #####:   75:    int32_t ***l_123 = (void *)0;
    #####:   76:    int32_t ***l_124 = &l_121[1];
    #####:   77:    uint8_t ***l_131[4] = {&l_109, &l_109, &l_109, &l_109};
    #####:   78:    uint64_t *const *l_138 = (void *)0;
    #####:   79:    uint32_t l_140 = 0xDC62CBA5L;
        -:   80:    int i;
    #####:   81:    (*g_113) = (((g_47[1] == 0xF1A95A07L) >= g_68[1][2][1]), ((*l_112) = ((*g_97) = (((safe_div_func_uint8_t_u_u(l_100, ((*l_101) = (g_7[0][1][0] = l_95)))) | (g_103, (safe_rshift_func_int32_t_s_u(((((*l_106) = l_100) <= (safe_mod_func_int32_t_s_s(((&g_49 != l_109) == 0xABL), 4294967292UL))) != g_44[2]), 3)))) <= g_47[3]))));
    #####:   82:    l_141 |= ((safe_div_func_uint8_t_u_u((safe_rshift_func_uint32_t_u_s(((l_118 == &g_20) > (safe_mul_func_uint16_t_u_u((((*l_124) = l_121[1]) == &g_97), (safe_sub_func_uint32_t_u_u(g_78.f2, ((safe_mul_func_int16_t_s_s((((g_129 = g_129) == (void *)0), 0xAADDL), (safe_lshift_func_uint16_t_u_u((((safe_add_func_uint64_t_u_u((g_13.f0 = (safe_mod_func_uint8_t_u_u((l_138 != l_138), (*g_49)))), l_6)) || l_139) > g_68[1][2][1]), g_20)))) == l_95)))))), l_140)), l_95)) <= l_95);
        -:   83:  }
        1:   84:  return g_68[1][2][1];
        -:   85:}
        -:   86:
        1:   87:static int32_t func_2(uint64_t p_3, int8_t p_4, int8_t p_5) {
        1:   88:  uint8_t l_16 = 1UL;
        1:   89:  uint64_t *l_21 = &g_20;
        1:   90:  int32_t l_32 = 0xC387C7A5L;
        1:   91:  union U6 *l_75 = &g_13;
        1:   92:  int32_t l_88 = 0x026CBAADL;
       1*:   93:  for (p_4 = 0; (p_4 < 7); ++p_4) {
        1:   94:    int32_t l_10 = 0x2E607D19L;
        1:   95:    uint64_t *l_17 = &g_13.f0;
        1:   96:    uint64_t *l_19 = &g_20;
        1:   97:    uint64_t **l_18 = &l_19;
        1:   98:    int64_t *l_22 = &g_23;
        1:   99:    int32_t l_33 = 0x31234912L;
       1*:  100:    if (((((*l_22) &= (((l_10 != (safe_div_func_uint8_t_u_u((g_13, (safe_rshift_func_uint64_t_u_s(((*l_17) = l_16), 7))), (((l_21 = ((*l_18) = l_17)) != &p_3), 0x4DL)))) ^ 4294967289UL), p_3)) & ((g_7[0][1][0], 0x589AFCA8629342BBLL) == l_16)), p_4)) {
    #####:  101:      uint64_t l_30 = 18446744073709551608UL;
    #####:  102:      uint16_t *l_43 = &g_44[2];
    #####:  103:      uint16_t *l_45 = (void *)0;
    #####:  104:      uint16_t *l_46 = &g_47[4];
    #####:  105:      int8_t *l_48 = &g_13.f3;
    #####:  106:      const uint8_t **l_51 = (void *)0;
    #####:  107:      const uint8_t **l_52 = (void *)0;
        -:  108:      uint32_t *l_59[2];
    #####:  109:      int32_t l_61 = 4L;
    #####:  110:      const uint8_t **l_66[3][2][4] = {{{&g_53, &g_53, &g_53, &g_53}, {&g_53, &g_53, &g_53, &g_53}}, {{&g_53, &g_53, &g_53, &g_53}, {&g_53, &g_53, &g_53, &g_53}}, {{&g_53, &g_53, &g_53, &g_53}, {&g_53, &g_53, &g_53, &g_53}}};
        -:  111:      int32_t *l_67[3];
        -:  112:      int i, j, k;
    #####:  113:      for (i = 0; i < 2; i++)
    #####:  114:        l_59[i] = &g_60;
    #####:  115:      for (i = 0; i < 3; i++)
    #####:  116:        l_67[i] = &l_32;
    #####:  117:      for (g_20 = 11; (g_20 == 16); g_20 = safe_add_func_int32_t_s_s(g_20, 2)) {
    #####:  118:        uint64_t **l_29 = &l_17;
        -:  119:        uint8_t *l_31[2];
        -:  120:        int i;
    #####:  121:        for (i = 0; i < 2; i++)
    #####:  122:          l_31[i] = &g_7[0][1][0];
    #####:  123:        l_33 ^= (!((safe_mul_func_int32_t_s_s(g_23, (((*l_18) = &p_3) != ((*l_29) = &g_20)))), (l_32 ^= l_30)));
        -:  124:      }
    #####:  125:      g_68[1][2][1] ^= ((~(((safe_mod_func_uint32_t_u_u(0xA40A7B48L, (safe_div_func_uint8_t_u_u(((((((((((safe_add_func_uint8_t_u_u((g_7[4][4][0] = 0x09L), ((*l_48) = (l_30, (safe_rshift_func_uint16_t_u_u((l_33 |= ((*l_46) = ((*l_43) ^= p_4))), 3)))))) >= (g_49 != (g_53 = &l_16))) || (safe_mod_func_uint32_t_u_u((l_61 = (safe_lshift_func_uint64_t_u_s(0x9BA5CD23E821D2A6LL, 8))), (safe_div_func_int16_t_s_s((safe_div_func_int32_t_s_s((((*l_46) = g_60) || ((l_66[1][1][2] == (void *)0) < p_5)), g_44[1])), 65535UL))))) & g_60), 0L) > p_5) == 0xE7L) < p_4) & p_5) >= g_23), 0x5FL)))) < g_60), g_7[0][1][0])) & (-1L));
        -:  126:    } else {
        1:  127:      return g_7[4][3][0];
        -:  128:    }
    #####:  129:    for (g_60 = (-15); (g_60 <= 21); g_60++) {
    #####:  130:      int32_t l_86 = 0x0916D66CL;
        -:  131:      int32_t l_87[4];
        -:  132:      int i;
    #####:  133:      for (i = 0; i < 4; i++)
    #####:  134:        l_87[i] = (-8L);
    #####:  135:      for (g_13.f2 = (-10); (g_13.f2 == 21); g_13.f2 = safe_add_func_int16_t_s_s(g_13.f2, 9)) {
    #####:  136:        int32_t *l_73 = &l_33;
    #####:  137:        int32_t *l_74 = &l_10;
        -:  138:        union U6 **l_76[1];
        -:  139:        int i;
    #####:  140:        for (i = 0; i < 1; i++)
    #####:  141:          l_76[i] = &l_75;
    #####:  142:        (*l_73) |= (4L < 0x819AL);
    #####:  143:        g_77 = (((*l_74) = 0x6801B04CL), l_75);
        -:  144:      }
    #####:  145:      for (p_3 = 0; (p_3 > 22); p_3++) {
    #####:  146:        int32_t *l_81 = &g_78.f2;
    #####:  147:        int32_t *l_82 = &l_33;
    #####:  148:        int32_t *l_83 = &g_13.f2;
    #####:  149:        int32_t *l_84 = &g_78.f2;
    #####:  150:        int32_t *l_85[3][2] = {{&g_13.f2, (void *)0}, {&g_13.f2, &g_13.f2}, {(void *)0, &g_13.f2}};
        -:  151:        int i, j;
    #####:  152:        g_89--;
    #####:  153:        if (g_50)
    #####:  154:          break;
        -:  155:      }
        -:  156:    }
        -:  157:  }
    #####:  158:  return l_32;
        -:  159:}
        -:  160:
        1:  161:int main(int argc, char *argv[]) {
        -:  162:  int i, j, k;
        1:  163:  int print_hash_value = 0;
       1*:  164:  if (argc == 2 && strcmp(argv[1], "1") == 0)
    #####:  165:    print_hash_value = 1;
        1:  166:  platform_main_begin();
        1:  167:  crc32_gentab();
        1:  168:  func_1();
        6:  169:  for (i = 0; i < 5; i++) {
       30:  170:    for (j = 0; j < 5; j++) {
       50:  171:      for (k = 0; k < 1; k++) {
       25:  172:        transparent_crc(g_7[i][j][k], "g_7[i][j][k]", print_hash_value);
       25:  173:        if (print_hash_value)
    #####:  174:          printf("index = [%d][%d][%d]\n", i, j, k);
        -:  175:      }
        -:  176:    }
        -:  177:  }
        1:  178:  transparent_crc(g_20, "g_20", print_hash_value);
        1:  179:  transparent_crc(g_23, "g_23", print_hash_value);
        5:  180:  for (i = 0; i < 4; i++) {
        4:  181:    transparent_crc(g_44[i], "g_44[i]", print_hash_value);
        4:  182:    if (print_hash_value)
    #####:  183:      printf("index = [%d]\n", i);
        -:  184:  }
        6:  185:  for (i = 0; i < 5; i++) {
        5:  186:    transparent_crc(g_47[i], "g_47[i]", print_hash_value);
        5:  187:    if (print_hash_value)
    #####:  188:      printf("index = [%d]\n", i);
        -:  189:  }
        1:  190:  transparent_crc(g_50, "g_50", print_hash_value);
        1:  191:  transparent_crc(g_54, "g_54", print_hash_value);
        1:  192:  transparent_crc(g_60, "g_60", print_hash_value);
        4:  193:  for (i = 0; i < 3; i++) {
       18:  194:    for (j = 0; j < 5; j++) {
       90:  195:      for (k = 0; k < 5; k++) {
       75:  196:        transparent_crc(g_68[i][j][k], "g_68[i][j][k]", print_hash_value);
       75:  197:        if (print_hash_value)
    #####:  198:          printf("index = [%d][%d][%d]\n", i, j, k);
        -:  199:      }
        -:  200:    }
        -:  201:  }
        1:  202:  transparent_crc(g_89, "g_89", print_hash_value);
        6:  203:  for (i = 0; i < 5; i++) {
        5:  204:    transparent_crc(g_94[i], "g_94[i]", print_hash_value);
        5:  205:    if (print_hash_value)
    #####:  206:      printf("index = [%d]\n", i);
        -:  207:  }
        1:  208:  transparent_crc(g_102, "g_102", print_hash_value);
        1:  209:  transparent_crc(g_103.f0, "g_103.f0", print_hash_value);
        1:  210:  transparent_crc(g_103.f1, "g_103.f1", print_hash_value);
        1:  211:  transparent_crc(g_103.f2, "g_103.f2", print_hash_value);
        1:  212:  transparent_crc(g_103.f3, "g_103.f3", print_hash_value);
        1:  213:  transparent_crc(g_103.f4, "g_103.f4", print_hash_value);
        1:  214:  transparent_crc(g_111, "g_111", print_hash_value);
        1:  215:  platform_main_end(crc32_context ^ 0xFFFFFFFFUL, print_hash_value);
        1:  216:  return 0;
        -:  217:}
