        -:    0:Source:441.c
        -:    0:Graph:441.gcno
        -:    0:Data:441.gcda
        -:    0:Runs:1
        -:    1:// Options:   --concise --max-struct-fields 5 --max-funcs 2 --max-array-len-per-dim 5 --max-block-depth 3 --max-block-size 2
        -:    2:#include "csmith.h"
        -:    3:
        -:    4:static long __undefined;
        -:    5:
        -:    6:#pragma pack(push)
        -:    7:#pragma pack(1)
        -:    8:struct S0 {
        -:    9:  volatile int64_t f0;
        -:   10:};
        -:   11:#pragma pack(pop)
        -:   12:
        -:   13:static int64_t g_8 = 0x2FF40FC0272A7275LL;
        -:   14:static int32_t g_24 = 0xA0F0F5EBL;
        -:   15:static int32_t *g_23 = &g_24;
        -:   16:static int8_t g_27[4][3] = {{0L, 0L, 0L}, {0L, 0L, 0L}, {0L, 0L, 0L}, {0L, 0L, 0L}};
        -:   17:static struct S0 g_45 = {-4L};
        -:   18:
        -:   19:static const int32_t func_1(void);
        -:   20:static struct S0 func_2(uint32_t p_3, int64_t p_4, uint16_t p_5, int32_t p_6, int32_t p_7);
        -:   21:
        1:   22:static const int32_t func_1(void) {
        1:   23:  int32_t l_12 = 0L;
        -:   24:  int32_t *l_17[4];
        1:   25:  uint32_t l_18 = 4294967295UL;
        1:   26:  int32_t **l_25 = &g_23;
        1:   27:  int8_t *l_26 = &g_27[0][1];
        1:   28:  uint16_t l_28 = 0xCB44L;
        -:   29:  int i;
        5:   30:  for (i = 0; i < 4; i++)
        4:   31:    l_17[i] = &l_12;
        1:   32:  g_24 = (func_2((g_8 > (safe_unary_minus_func_int32_t_s((((safe_mod_func_int32_t_s_s(l_12, l_12)), (safe_add_func_uint16_t_u_u(((safe_add_func_uint8_t_u_u(((l_18 = l_12), (~g_8)), ((*l_26) = (((((safe_unary_minus_func_uint32_t_u((safe_mod_func_uint8_t_u_u(g_8, ((((*l_25) = g_23) == &g_24) | g_8))))) | g_24) < 0UL) < 246UL) >= (-9L))))) ^ g_24), g_8))) <= 0x4E2BL)))), g_8, g_24, l_28, g_24), (*g_23));
        1:   33:  (*l_25) = &g_24;
        1:   34:  return (**l_25);
        -:   35:}
        -:   36:
        1:   37:static struct S0 func_2(uint32_t p_3, int64_t p_4, uint16_t p_5, int32_t p_6, int32_t p_7) {
        1:   38:  int32_t *l_29 = &g_24;
        1:   39:  int32_t *l_30 = &g_24;
        1:   40:  int32_t *l_31 = (void *)0;
        1:   41:  int32_t *l_32 = &g_24;
        1:   42:  int32_t *l_33 = &g_24;
        1:   43:  int32_t *l_34 = &g_24;
        1:   44:  int32_t *l_35 = (void *)0;
        1:   45:  int32_t *l_36 = &g_24;
        1:   46:  int32_t *l_37 = &g_24;
        1:   47:  int32_t *l_38 = &g_24;
        1:   48:  int32_t l_39 = 0x73E70D28L;
        1:   49:  int32_t *l_40 = &l_39;
        -:   50:  int32_t *l_41[2][4][2];
        1:   51:  uint32_t l_42[3][5][4] = {{{1UL, 0UL, 0UL, 1UL}, {1UL, 3UL, 0xA56CF6D7L, 0x7DC46221L}, {4294967287UL, 4294967294UL, 1UL, 4294967295UL}, {5UL, 4294967286UL, 4294967293UL, 4294967295UL}, {0xB1ED3090L, 4294967294UL, 1UL, 0x7DC46221L}}, {{0x158E9D28L, 3UL, 4294967287UL, 1UL}, {4294967286UL, 0UL, 0x1E9426CEL, 0UL}, {4294967287UL, 0x4656E2E3L, 1UL, 0xA56CF6D7L}, {1UL, 4294967286UL, 0x92FB38A8L, 0x0268D9A6L}, {1UL, 5UL, 4294967295UL, 0x158E9D28L}}, {{1UL, 0xB1ED3090L, 0x92FB38A8L, 4294967295UL}, {0UL, 0x158E9D28L, 4294967294UL, 4294967295UL}, {4294967295UL, 4294967286UL, 0UL, 0UL}, {4294967287UL, 4294967287UL, 4294967295UL, 4294967294UL}, {1UL, 1UL, 4294967295UL, 0x92FB38A8L}}};
        -:   52:  int i, j, k;
        3:   53:  for (i = 0; i < 2; i++) {
       10:   54:    for (j = 0; j < 4; j++) {
       24:   55:      for (k = 0; k < 2; k++)
       16:   56:        l_41[i][j][k] = &g_24;
        -:   57:    }
        -:   58:  }
        1:   59:  l_42[0][0][3]--;
        1:   60:  return g_45;
        -:   61:}
        -:   62:
        1:   63:int main(int argc, char *argv[]) {
        -:   64:  int i, j;
        1:   65:  int print_hash_value = 0;
       1*:   66:  if (argc == 2 && strcmp(argv[1], "1") == 0)
    #####:   67:    print_hash_value = 1;
        1:   68:  platform_main_begin();
        1:   69:  crc32_gentab();
        1:   70:  func_1();
        1:   71:  transparent_crc(g_8, "g_8", print_hash_value);
        1:   72:  transparent_crc(g_24, "g_24", print_hash_value);
        5:   73:  for (i = 0; i < 4; i++) {
       16:   74:    for (j = 0; j < 3; j++) {
       12:   75:      transparent_crc(g_27[i][j], "g_27[i][j]", print_hash_value);
       12:   76:      if (print_hash_value)
    #####:   77:        printf("index = [%d][%d]\n", i, j);
        -:   78:    }
        -:   79:  }
        1:   80:  transparent_crc(g_45.f0, "g_45.f0", print_hash_value);
        1:   81:  platform_main_end(crc32_context ^ 0xFFFFFFFFUL, print_hash_value);
        1:   82:  return 0;
        -:   83:}
