        -:    0:Source:306.c
        -:    0:Graph:306.gcno
        -:    0:Data:306.gcda
        -:    0:Runs:1
        -:    1:/* { dg-do compile } */
        -:    2:/* { dg-options "-g -O0" } */
        1:    3:int main(int argc, char **argv) {
        -:    4:  if (0) {
        -:    5:    static union {
        -:    6:    } u;
        -:    7:    typedef char tt;
        -:    8:    static tt c[8];
        -:    9:    return c[0] == 0x01 && c[1] == 0x02;
        -:   10:  }
        -:   11:}
