        -:    0:Source:308.c
        -:    0:Graph:308.gcno
        -:    0:Data:308.gcda
        -:    0:Runs:1
        -:    1:// Options:   --concise --max-struct-fields 5 --max-funcs 2 --max-array-len-per-dim 5 --max-block-depth 3 --max-block-size 2
        -:    2:#include "csmith.h"
        -:    3:
        -:    4:static long __undefined;
        -:    5:
        -:    6:static uint8_t g_6 = 0xA8L;
        -:    7:static volatile uint8_t g_7 = 255UL;
        -:    8:static int32_t g_26 = 0x946B43D2L;
        -:    9:static int16_t g_28 = 0x1BA6L;
        -:   10:static int32_t g_30 = 0xAB653B1DL;
        -:   11:static uint64_t g_34[3][1][2] = {{{0x1C84132D38CA8C98LL, 0x1C84132D38CA8C98LL}}, {{0x1C84132D38CA8C98LL, 0x1C84132D38CA8C98LL}}, {{0x1C84132D38CA8C98LL, 0x1C84132D38CA8C98LL}}};
        -:   12:static uint64_t g_51 = 18446744073709551611UL;
        -:   13:static uint64_t g_53 = 0xEBB6F2BA10F40BF6LL;
        -:   14:static int64_t g_56 = 0x98564DBB9A2F725DLL;
        -:   15:static int64_t *g_55[2] = {&g_56, &g_56};
        -:   16:static const int64_t g_58 = 1L;
        -:   17:static int32_t g_60 = 0x9AFFF74BL;
        -:   18:static uint8_t g_61[4][4] = {{0x1BL, 0x1BL, 0x1BL, 0x1BL}, {0x1BL, 0x1BL, 0x1BL, 0x1BL}, {0x1BL, 0x1BL, 0x1BL, 0x1BL}, {0x1BL, 0x1BL, 0x1BL, 0x1BL}};
        -:   19:static const uint8_t g_67 = 0xD8L;
        -:   20:static const uint8_t g_69[5] = {0x4FL, 0x4FL, 0x4FL, 0x4FL, 0x4FL};
        -:   21:static const uint8_t *g_68[5][2] = {{&g_69[2], (void *)0}, {&g_69[2], &g_69[2]}, {(void *)0, &g_69[2]}, {&g_69[2], (void *)0}, {&g_69[2], &g_69[2]}};
        -:   22:static uint8_t g_81[1][3] = {{0UL, 0UL, 0UL}};
        -:   23:static uint64_t g_82 = 18446744073709551611UL;
        -:   24:static int32_t *g_84 = (void *)0;
        -:   25:static int32_t **volatile g_83 = &g_84;
        -:   26:static volatile int16_t g_105 = 0xF443L;
        -:   27:static volatile int16_t *g_104 = &g_105;
        -:   28:static volatile int16_t **volatile g_103 = &g_104;
        -:   29:static volatile uint8_t **volatile *const volatile g_122 = (void *)0;
        -:   30:static const uint8_t **g_124 = &g_68[2][1];
        -:   31:static const uint8_t ***g_123 = &g_124;
        -:   32:static int16_t g_128 = 1L;
        -:   33:static uint16_t g_136 = 65530UL;
        -:   34:
        -:   35:static const int16_t func_1(void);
        -:   36:static int16_t func_18(uint32_t p_19, uint8_t *p_20, int32_t p_21, int64_t p_22, uint8_t *const p_23);
        -:   37:
        1:   38:static const int16_t func_1(void) {
        1:   39:  uint32_t l_4 = 0UL;
        1:   40:  uint8_t *l_5 = &g_6;
        1:   41:  uint32_t l_41 = 4294967288UL;
        1:   42:  const int64_t *l_57 = &g_56;
        1:   43:  const uint8_t **l_77 = (void *)0;
        1:   44:  uint8_t l_102 = 0x0EL;
        1:   45:  int64_t *l_141 = &g_56;
        1:   46:  int16_t l_151 = 1L;
        1:   47:  if ((safe_lshift_func_uint8_t_u_u(((*l_5) = l_4), g_7))) {
    #####:   48:    int64_t l_11 = 0x8E17B844A754320ELL;
    #####:   49:    uint8_t *const l_24 = &g_6;
    #####:   50:    int16_t *l_27 = &g_28;
    #####:   51:    int32_t *l_29 = &g_30;
    #####:   52:    int64_t *l_32 = &l_11;
    #####:   53:    uint64_t *l_33 = &g_34[0][0][1];
    #####:   54:    uint64_t *l_50 = &g_51;
    #####:   55:    uint64_t *l_52 = &g_53;
        -:   56:    int32_t l_54[2];
        -:   57:    int32_t *l_59[1][3];
        -:   58:    int i, j;
    #####:   59:    for (i = 0; i < 2; i++)
    #####:   60:      l_54[i] = 2L;
    #####:   61:    for (i = 0; i < 1; i++) {
    #####:   62:      for (j = 0; j < 3; j++)
    #####:   63:        l_59[i][j] = &g_60;
        -:   64:    }
    #####:   65:    (*l_29) |= ((safe_mod_func_int16_t_s_s(((void *)0 == &g_7), l_4)) || (~((l_11 == 18446744073709551615UL), (safe_div_func_int16_t_s_s(((l_5 != (void *)0), ((*l_27) = (safe_sub_func_uint8_t_u_u((safe_mul_func_int16_t_s_s(g_6, func_18(g_6, l_5, l_11, l_11, l_24))), l_11)))), l_11)))));
    #####:   66:    g_61[3][0] |= (g_60 &= (((((+((((*l_32) |= (-1L)) <= ((*l_33) = g_6)) > (safe_rshift_func_int64_t_s_s((-3L), 13)))) | ((g_6 | (safe_lshift_func_int8_t_s_u((safe_mul_func_uint32_t_u_u((((((l_41 == (safe_add_func_uint32_t_u_u(((safe_rshift_func_int32_t_s_u(((*l_29) = l_4), 3)) & g_26), (safe_mod_func_uint32_t_u_u(((g_55[1] = ((safe_mul_func_uint64_t_u_u((((*l_50) |= 18446744073709551613UL) >= ((*l_52) &= g_26)), l_54[0])), l_33)) != l_57), l_4))))) < g_26) > 2UL) | l_41), l_4), g_7)), 2))) < g_58)) ^ g_28) > g_58) <= 0x95L));
        -:   67:  } else {
        1:   68:    uint64_t l_64 = 0xCC425F8E10B09EDBLL;
        1:   69:    const uint8_t *l_66 = &g_67;
        -:   70:    const uint8_t **l_65[1][2][5];
        1:   71:    int64_t l_89 = (-5L);
        1:   72:    int32_t l_129 = (-1L);
        1:   73:    uint16_t *l_135 = &g_136;
        1:   74:    int64_t **l_142 = &g_55[1];
        1:   75:    int32_t *l_152 = &l_129;
        -:   76:    int i, j, k;
        2:   77:    for (i = 0; i < 1; i++) {
        3:   78:      for (j = 0; j < 2; j++) {
       12:   79:        for (k = 0; k < 5; k++)
       10:   80:          l_65[i][j][k] = &l_66;
        -:   81:      }
        -:   82:    }
        1:   83:    if (((safe_lshift_func_int64_t_s_u(l_64, 28)), (&g_6 != (g_68[2][1] = &g_61[3][0])))) {
        1:   84:      uint32_t l_70 = 4294967295UL;
        1:   85:      uint8_t *const l_80 = &g_81[0][2];
        1:   86:      uint8_t *const *l_79 = &l_80;
        1:   87:      uint8_t *const **l_78 = &l_79;
        -:   88:      const int32_t *l_86[2];
        -:   89:      const int32_t **l_85[5];
        -:   90:      int i;
        3:   91:      for (i = 0; i < 2; i++)
        2:   92:        l_86[i] = (void *)0;
        6:   93:      for (i = 0; i < 5; i++)
        5:   94:        l_85[i] = &l_86[0];
       1*:   95:      (*g_83) = (((*l_80) = ((g_7 > l_70) < ((((((g_28 & g_53) > (safe_add_func_int16_t_s_s((((l_4, (g_82 |= ((safe_mul_func_uint64_t_u_u((0x91E6DCF6L > l_64), (((safe_div_func_int64_t_s_s(((l_77 == ((*l_78) = (void *)0)) & l_70), l_64)) || l_4) & g_61[0][0]))) == l_41))), 0x295891F928D85E26LL) < g_60), g_81[0][2]))) >= 255UL), 7L), 0xF384L) >= g_61[1][0]))), &g_26);
        1:   96:      (*g_83) = (void *)0;
        -:   97:    } else {
        -:   98:      int32_t l_90[5] = {0x8DCCB677L, 0x8DCCB677L, 0x8DCCB677L, 0x8DCCB677L, 0x8DCCB677L};
        -:   99:      uint64_t *l_96 = &g_82;
        -:  100:      int32_t ***l_99 = (void *)0;
        -:  101:      int32_t **l_101 = (void *)0;
        -:  102:      int32_t ***l_100 = &l_101;
        -:  103:      uint32_t l_117[5];
        -:  104:      int i;
        -:  105:      for (i = 0; i < 5; i++)
        -:  106:        l_117[i] = 3UL;
        -:  107:      if ((((&g_53 != (void *)0) <= (safe_lshift_func_int64_t_s_u(l_89, 1))) && (((l_90[2] <= (((safe_lshift_func_int64_t_s_s((safe_rshift_func_int32_t_s_s(((0xD64B6C7F1499195FLL & g_28) != (((!((*l_96)--)) != (((*l_100) = (void *)0) != (void *)0)) != 7UL)), g_69[2])), l_4)) > g_26) ^ 0xB9B5B590L)) >= l_102) ^ g_7))) {
        -:  108:        g_103 = g_103;
        -:  109:      } else {
        -:  110:        uint32_t l_106 = 0x479DA46AL;
        -:  111:        l_106 = 5L;
        -:  112:      }
        -:  113:      for (g_53 = 0; (g_53 <= 1); g_53 += 1) {
        -:  114:        int64_t *l_125 = &g_56;
        -:  115:        int32_t l_126 = 0x59EB0313L;
        -:  116:        int16_t *l_127[4][1][1] = {{{(void *)0}}, {{&g_128}}, {{(void *)0}}, {{&g_128}}};
        -:  117:        int i, j, k;
        -:  118:        l_129 |= (g_6 > (safe_sub_func_int16_t_s_s((g_128 &= ((g_28 < ((g_105 || ((safe_lshift_func_uint32_t_u_u((l_102 || ((safe_lshift_func_int8_t_s_s(0x7EL, (safe_sub_func_int32_t_s_s((&g_83 != (void *)0), (safe_rshift_func_uint64_t_u_s(l_117[1], 20)))))) >= ((*l_125) = (safe_sub_func_int16_t_s_s((safe_mul_func_int16_t_s_s((((&l_64 == &g_34[0][0][1]), g_122) == g_123), g_6)), g_60))))), 3)) | g_82)) != l_126)) & l_64)), 0L)));
        -:  119:      }
        -:  120:    }
       1*:  121:    (*l_152) = ((((safe_mul_func_uint8_t_u_u((~((safe_add_func_uint16_t_u_u(((*l_135) = l_4), (safe_rshift_func_uint16_t_u_u(0xD02EL, 13)))) >= ((l_4 && (((safe_add_func_int64_t_s_s((((*l_142) = l_141) == &g_56), (((*l_5) &= (l_64 <= (0x79CFC9B2F6CA1BE1LL >= 0xCA447F7BB3F607BBLL))) > (safe_div_func_uint8_t_u_u(((safe_mul_func_int16_t_s_s((safe_mod_func_int64_t_s_s(l_89, 8UL)), l_89)), l_89), l_151))))) | 0xC57EA6FF285608B9LL), (*g_104))) | l_64))), l_4)) & g_67) >= g_60) | (-1L));
        -:  122:  }
        1:  123:  return l_151;
        -:  124:}
        -:  125:
    #####:  126:static int16_t func_18(uint32_t p_19, uint8_t *p_20, int32_t p_21, int64_t p_22, uint8_t *const p_23) {
    #####:  127:  int32_t *l_25 = &g_26;
    #####:  128:  (*l_25) |= g_7;
    #####:  129:  return p_21;
        -:  130:}
        -:  131:
        1:  132:int main(int argc, char *argv[]) {
        -:  133:  int i, j, k;
        1:  134:  int print_hash_value = 0;
       1*:  135:  if (argc == 2 && strcmp(argv[1], "1") == 0)
    #####:  136:    print_hash_value = 1;
        1:  137:  platform_main_begin();
        1:  138:  crc32_gentab();
        1:  139:  func_1();
        1:  140:  transparent_crc(g_6, "g_6", print_hash_value);
        1:  141:  transparent_crc(g_7, "g_7", print_hash_value);
        1:  142:  transparent_crc(g_26, "g_26", print_hash_value);
        1:  143:  transparent_crc(g_28, "g_28", print_hash_value);
        1:  144:  transparent_crc(g_30, "g_30", print_hash_value);
        4:  145:  for (i = 0; i < 3; i++) {
        6:  146:    for (j = 0; j < 1; j++) {
        9:  147:      for (k = 0; k < 2; k++) {
        6:  148:        transparent_crc(g_34[i][j][k], "g_34[i][j][k]", print_hash_value);
        6:  149:        if (print_hash_value)
    #####:  150:          printf("index = [%d][%d][%d]\n", i, j, k);
        -:  151:      }
        -:  152:    }
        -:  153:  }
        1:  154:  transparent_crc(g_51, "g_51", print_hash_value);
        1:  155:  transparent_crc(g_53, "g_53", print_hash_value);
        1:  156:  transparent_crc(g_56, "g_56", print_hash_value);
        1:  157:  transparent_crc(g_58, "g_58", print_hash_value);
        1:  158:  transparent_crc(g_60, "g_60", print_hash_value);
        5:  159:  for (i = 0; i < 4; i++) {
       20:  160:    for (j = 0; j < 4; j++) {
       16:  161:      transparent_crc(g_61[i][j], "g_61[i][j]", print_hash_value);
       16:  162:      if (print_hash_value)
    #####:  163:        printf("index = [%d][%d]\n", i, j);
        -:  164:    }
        -:  165:  }
        1:  166:  transparent_crc(g_67, "g_67", print_hash_value);
        6:  167:  for (i = 0; i < 5; i++) {
        5:  168:    transparent_crc(g_69[i], "g_69[i]", print_hash_value);
        5:  169:    if (print_hash_value)
    #####:  170:      printf("index = [%d]\n", i);
        -:  171:  }
        2:  172:  for (i = 0; i < 1; i++) {
        4:  173:    for (j = 0; j < 3; j++) {
        3:  174:      transparent_crc(g_81[i][j], "g_81[i][j]", print_hash_value);
        3:  175:      if (print_hash_value)
    #####:  176:        printf("index = [%d][%d]\n", i, j);
        -:  177:    }
        -:  178:  }
        1:  179:  transparent_crc(g_82, "g_82", print_hash_value);
        1:  180:  transparent_crc(g_105, "g_105", print_hash_value);
        1:  181:  transparent_crc(g_128, "g_128", print_hash_value);
        1:  182:  transparent_crc(g_136, "g_136", print_hash_value);
        1:  183:  platform_main_end(crc32_context ^ 0xFFFFFFFFUL, print_hash_value);
        1:  184:  return 0;
        -:  185:}
