        -:    0:Source:2427.c
        -:    0:Graph:2427.gcno
        -:    0:Data:2427.gcda
        -:    0:Runs:1
        -:    1:/* { dg-do run } */
        -:    2:/* { dg-options "-O2 --save-temps" } */
        -:    3:
        -:    4:extern void abort(void);
        -:    5:
        -:    6:typedef unsigned int u32int;
        -:    7:typedef unsigned long long u64int;
        -:    8:
        1:    9:u32int test_si(u32int w1, u32int w2, u32int w3, u32int w4) {
        -:   10:  u32int w0;
        -:   11:  /* { dg-final { scan-assembler "sbc\tw\[0-9\]+, w\[0-9\]+, w\[0-9\]+\n" } } */
        1:   12:  w0 = w1 - w2 - (w3 < w4);
        1:   13:  return w0;
        -:   14:}
        -:   15:
        1:   16:u64int test_di(u64int x1, u64int x2, u64int x3, u64int x4) {
        -:   17:  u64int x0;
        -:   18:  /* { dg-final { scan-assembler "sbc\tx\[0-9\]+, x\[0-9\]+, x\[0-9\]+\n" } } */
        1:   19:  x0 = x1 - x2 - (x3 < x4);
        1:   20:  return x0;
        -:   21:}
        -:   22:
        1:   23:int main() {
        -:   24:  u32int x;
        -:   25:  u64int y;
        1:   26:  x = test_si(7, 8, 12, 15);
        1:   27:  if (x != -2)
    #####:   28:    abort();
        1:   29:  y = test_di(0x987654321ll, 0x123456789ll, 0x345345345ll, 0x123123123ll);
        1:   30:  if (y != 0x8641fdb98ll)
    #####:   31:    abort();
        1:   32:  return 0;
        -:   33:}
