        -:    0:Source:467.c
        -:    0:Graph:467.gcno
        -:    0:Data:467.gcda
        -:    0:Runs:1
        1:    1:int movegt(int y, long long a) {
        -:    2:  int i;
        1:    3:  int ret = 0;
        2:    4:  for (i = 0; i < y; i++)
        1:    5:    if (a == -1LL << 33)
        1:    6:      ret = -1;
        1:    7:  return ret;
        -:    8:}
        -:    9:
        1:   10:int main() {
        1:   11:  if (movegt(1, -1LL << 33) != -1)
    #####:   12:    __builtin_abort();
        1:   13:  return 0;
        -:   14:}
