        -:    0:Source:1751.c
        -:    0:Graph:1751.gcno
        -:    0:Data:1751.gcda
        -:    0:Runs:1
        -:    1:/* { dg-do run } */
        -:    2:/* { dg-options "-fdump-tree-alias" } */
        -:    3:/* { dg-skip-if "" { *-*-* } { "-O0" "-fno-fat-lto-objects" } { "" } } */
        -:    4:
        -:    5:int *p;
        1:    6:void __attribute__((noinline, noclone)) bar(void) { *p = 1; }
        1:    7:int __attribute__((noinline, noclone)) foo(__INTPTR_TYPE__ addr) {
        -:    8:  int i;
        -:    9:  /* q points to ANYTHING */
        1:   10:  int **q = (int **)addr;
        -:   11:  /* this store needs to cause i to escape */
        1:   12:  *q = &i;
        1:   13:  i = 0;
        -:   14:  /* and thus be clobbered by this function call */
        1:   15:  bar();
        1:   16:  return i;
        -:   17:}
        -:   18:extern void abort(void);
        1:   19:int main() {
        1:   20:  if (foo((__INTPTR_TYPE__)&p) != 1)
    #####:   21:    abort();
        1:   22:  return 0;
        -:   23:}
        -:   24:
        -:   25:/* { dg-final { scan-tree-dump "ESCAPED = {\[^\n\}\]* i \[^\n\}\]*}" "alias" } }
        -:   26: */
