        -:    0:Source:1374.c
        -:    0:Graph:1374.gcno
        -:    0:Data:1374.gcda
        -:    0:Runs:1
        -:    1:/* { dg-do run } */
        -:    2:/* { dg-options "-fno-toplevel-reorder" } */
        -:    3:/* { dg-require-effective-target int32plus } */
        -:    4:
        -:    5:extern void abort(void);
        -:    6:
        -:    7:struct S {
        -:    8:  signed a : 26;
        -:    9:  signed b : 16;
        -:   10:  signed c : 10;
        -:   11:  volatile signed d : 14;
        -:   12:};
        -:   13:
        -:   14:static struct S e = {0, 0, 0, 1};
        -:   15:static int f = 1;
        -:   16:
        1:   17:void __attribute__((noinline)) foo(void) {
        1:   18:  e.d = 0;
        1:   19:  f = 2;
        1:   20:}
        -:   21:
        1:   22:int main() {
        1:   23:  if (e.a || e.b || e.c || e.d != 1 || f != 1)
    #####:   24:    abort();
        1:   25:  foo();
        1:   26:  if (e.a || e.b || e.c || e.d || f != 2)
    #####:   27:    abort();
        1:   28:  return 0;
        -:   29:}
