        -:    0:Source:2433.c
        -:    0:Graph:2433.gcno
        -:    0:Data:2433.gcda
        -:    0:Runs:1
        -:    1:/* { dg-do run } */
        -:    2:/* { dg-options "-O2 --save-temps -fno-inline" } */
        -:    3:
        -:    4:extern void abort(void);
        -:    5:typedef long long s64;
        -:    6:
        3:    7:int subs_ext(s64 a, int b, int c) {
        3:    8:  s64 d = a - b;
        -:    9:
        3:   10:  if (d == 0)
        1:   11:    return a + c;
        -:   12:  else
        2:   13:    return d;
        -:   14:}
        -:   15:
        3:   16:int subs_shift_ext(s64 a, int b, int c) {
        3:   17:  s64 d = (a - ((s64)b << 3));
        -:   18:
        3:   19:  if (d == 0)
        1:   20:    return a + c;
        -:   21:  else
        2:   22:    return d;
        -:   23:}
        -:   24:
        1:   25:int main() {
        -:   26:  int x;
        -:   27:  s64 y;
        -:   28:
        1:   29:  x = subs_ext(0x13000002ll, 41, 15);
        1:   30:  if (x != (int)(0x13000002ll - 41))
    #####:   31:    abort();
        -:   32:
        1:   33:  x = subs_ext(0x50505050ll, 0x50505050ll, 4);
        1:   34:  if (x != (int)(0x50505050ll + 4))
    #####:   35:    abort();
        -:   36:
        1:   37:  x = subs_ext(0x12121212121ll, 2, 14);
        1:   38:  if (x != (int)(0x12121212121ll - 2))
    #####:   39:    abort();
        -:   40:
        1:   41:  x = subs_shift_ext(0x123456789ll, 4, 12);
        1:   42:  if (x != (int)(0x123456789ll - (4 << 3)))
    #####:   43:    abort();
        -:   44:
        1:   45:  x = subs_shift_ext(0x02020202ll << 3, 0x02020202ll, 8);
        1:   46:  if (x != (int)(8 + (0x02020202ll << 3)))
    #####:   47:    abort();
        -:   48:
        1:   49:  x = subs_shift_ext(0x987987987987ll, 23, 41);
        1:   50:  if (x != (int)(0x987987987987ll - (23 << 3)))
    #####:   51:    abort();
        -:   52:
        1:   53:  return 0;
        -:   54:}
        -:   55:
        -:   56:/* { dg-final { scan-assembler-times "subs\tx\[0-9\]+, x\[0-9\]+, x\[0-9\]+,
        -:   57: * sxtw" 2 } } */
