        -:    0:Source:1929.c
        -:    0:Graph:1929.gcno
        -:    0:Data:1929.gcda
        -:    0:Runs:1
        -:    1:/* { dg-do run } */
        -:    2:/* { dg-options "-O1 -fno-tree-vrp -fwrapv" } */
        -:    3:
        -:    4:/* PR tree-optimization/22236
        -:    5:
        -:    6:    Avoid conversion of (signed char) {(uchar)1, +, (uchar)1}_x when
        -:    7:    it is not possible to prove that the scev does not wrap.
        -:    8:
        -:    9:    In this PR, a sequence 1, 2, ..., 255 has to be converted to
        -:   10:    signed char, but this would wrap: 1, 2, ..., 127, -128, ...  The
        -:   11:    result should not be a linear scev {(schar)1, +, (schar)1}_x.
        -:   12:    The conversion should be kept: (schar) {(uchar)1, +, (uchar)1}_x.
        -:   13: */
        -:   14:
        -:   15:void abort(void);
        -:   16:
      255:   17:static inline void foo(signed char a) {
      255:   18:  int b = a - 0x7F;
      255:   19:  if (b > 1)
    #####:   20:    abort();
      255:   21:}
        -:   22:
        1:   23:int main() {
        -:   24:  unsigned char b;
      256:   25:  for (b = 0; b < 0xFF; b++)
      255:   26:    foo(b);
        -:   27:
        1:   28:  return 0;
        -:   29:}
