        -:    0:Source:1774.c
        -:    0:Graph:1774.gcno
        -:    0:Data:1774.gcda
        -:    0:Runs:1
        1:    1:int main(void) {
        1:    2:  float reale = 1.0f;
        -:    3:  float oneplus;
        -:    4:  int i;
        -:    5:
        -:    6:  if (sizeof(float) != 4)
        -:    7:    exit(0);
        -:    8:
        1:    9:  for (i = 0;; i++) {
       25:   10:    oneplus = 1.0f + reale;
       25:   11:    if (oneplus == 1.0f)
        1:   12:      break;
       24:   13:    reale = reale / 2.0f;
        -:   14:  }
        -:   15:  /* Assumes ieee754 accurate arithmetic above.  */
        1:   16:  if (i != 24)
    #####:   17:    abort();
        -:   18:  else
        1:   19:    exit(0);
        -:   20:}
