        -:    0:Source:3970.c
        -:    0:Graph:3970.gcno
        -:    0:Data:3970.gcda
        -:    0:Runs:1
        -:    1:/* PR sanitizer/81281 */
        -:    2:
        1:    3:void foo(unsigned p, unsigned a, unsigned b) {
        1:    4:  unsigned q = p + 7;
        1:    5:  if (a - (1U + __INT_MAX__) >= 2)
    #####:    6:    __builtin_unreachable();
        1:    7:  int d = p + b;
        1:    8:  int c = p + a;
        1:    9:  if (c - d != __INT_MAX__)
    #####:   10:    __builtin_abort();
        1:   11:}
        -:   12:
        1:   13:void bar(unsigned p, unsigned a) {
        1:   14:  unsigned q = p + 7;
        1:   15:  if (a - (1U + __INT_MAX__) >= 2)
    #####:   16:    __builtin_unreachable();
        1:   17:  int c = p;
        1:   18:  int d = p + a;
        1:   19:  if (c - d != -__INT_MAX__ - 1)
    #####:   20:    __builtin_abort();
        1:   21:}
        -:   22:
        1:   23:int main() {
        1:   24:  foo(-1U, 1U + __INT_MAX__, 1U);
        1:   25:  bar(-1U, 1U + __INT_MAX__);
        1:   26:  return 0;
        -:   27:}
