        -:    0:Source:57.c
        -:    0:Graph:57.gcno
        -:    0:Data:57.gcda
        -:    0:Runs:1
        -:    1:struct S {
        -:    2:  int *sp, fc, *sc, a[2];
        -:    3:};
        -:    4:
        1:    5:f(struct S *x) {
        1:    6:  int *t = x->sc;
        1:    7:  int t1 = t[0];
        1:    8:  int t2 = t[1];
        1:    9:  int t3 = t[2];
        1:   10:  int a0 = x->a[0];
        1:   11:  int a1 = x->a[1];
        1:   12:  asm("" : : "r"(t2), "r"(t3));
        1:   13:  t[2] = t1;
        1:   14:  t[0] = a1;
        1:   15:  x->a[1] = a0;
        1:   16:  x->a[0] = t3;
        1:   17:  x->fc = t2;
        1:   18:  x->sp = t;
        1:   19:}
        -:   20:
        1:   21:main() {
        -:   22:  struct S s;
        -:   23:  static int sc[3] = {2, 3, 4};
        1:   24:  s.sc = sc;
        1:   25:  s.a[0] = 10;
        1:   26:  s.a[1] = 11;
        1:   27:  f(&s);
        1:   28:  if (s.sp[2] != 2)
    #####:   29:    abort();
        1:   30:  exit(0);
        -:   31:}
