        -:    0:Source:3517.c
        -:    0:Graph:3517.gcno
        -:    0:Data:3517.gcda
        -:    0:Runs:1
        -:    1:/* PR rtl-optimization/83565 */
        -:    2:/* Testcase by Sergei Trofimovich <slyfox@inbox.ru> */
        -:    3:
        -:    4:extern void abort(void);
        -:    5:
        -:    6:typedef __UINT32_TYPE__ u32;
        -:    7:
        -:    8:u32 bug(u32 *result) __attribute__((noinline));
        1:    9:u32 bug(u32 *result) {
        1:   10:  volatile u32 ss = 0xFFFFffff;
        1:   11:  volatile u32 d = 0xEEEEeeee;
        1:   12:  u32 tt = d & 0x00800000;
        1:   13:  u32 r = tt << 8;
        -:   14:
        1:   15:  r = (r >> 31) | (r << 1);
        -:   16:
        1:   17:  u32 u = r ^ ss;
        1:   18:  u32 off = u >> 1;
        -:   19:
        1:   20:  *result = tt;
        1:   21:  return off;
        -:   22:}
        -:   23:
        1:   24:int main(void) {
        -:   25:  u32 l;
        1:   26:  u32 off = bug(&l);
        1:   27:  if (off != 0x7fffffff)
    #####:   28:    abort();
        1:   29:  return 0;
        -:   30:}
