        -:    0:Source:2547.c
        -:    0:Graph:2547.gcno
        -:    0:Data:2547.gcda
        -:    0:Runs:1
        -:    1:/* Check whether rte is generated only for an ISR.  */
        -:    2:/* { dg-do compile { target h8300-*-* } }  */
        -:    3:/* { dg-options "-O" }  */
        -:    4:/* { dg-final { scan-assembler-times "rte" 1 } }  */
        -:    5:
        -:    6:#pragma interrupt
    #####:    7:void isr(void) {}
        -:    8:
    #####:    9:void delay(int a) {}
        -:   10:
        1:   11:int main(void) { return 0; }
