        -:    0:Source:1579.c
        -:    0:Graph:1579.gcno
        -:    0:Data:1579.gcda
        -:    0:Runs:1
        -:    1:typedef enum {
        -:    2:  END = -1,
        -:    3:  EMPTY = (1 << 8),
        -:    4:  BACKREF,
        -:    5:  BEGLINE,
        -:    6:  ENDLINE,
        -:    7:  BEGWORD,
        -:    8:  ENDWORD,
        -:    9:  LIMWORD,
        -:   10:  NOTLIMWORD,
        -:   11:  QMARK,
        -:   12:  STAR,
        -:   13:  PLUS,
        -:   14:  REPMN,
        -:   15:  CAT,
        -:   16:  OR,
        -:   17:  ORTOP,
        -:   18:  LPAREN,
        -:   19:  RPAREN,
        -:   20:  CSET
        -:   21:} token;
        -:   22:
        -:   23:static token tok;
        -:   24:
        1:   25:static int atom() {
       1*:   26:  if ((tok >= 0 && tok < (1 << 8)) || tok >= CSET || tok == BACKREF ||
    #####:   27:      tok == BEGLINE || tok == ENDLINE || tok == BEGWORD || tok == ENDWORD ||
    #####:   28:      tok == LIMWORD || tok == NOTLIMWORD)
        1:   29:    return 1;
        -:   30:  else
    #####:   31:    return 0;
        -:   32:}
        -:   33:
        1:   34:main() {
        1:   35:  tok = 0;
        1:   36:  if (atom() != 1)
    #####:   37:    abort();
        1:   38:  exit(0);
        -:   39:}
