        -:    0:Source:220.c
        -:    0:Graph:220.gcno
        -:    0:Data:220.gcda
        -:    0:Runs:1
        -:    1:// Options:   --concise --max-struct-fields 5 --max-funcs 2 --max-array-len-per-dim 5 --max-block-depth 3 --max-block-size 2
        -:    2:#include "csmith.h"
        -:    3:
        -:    4:static long __undefined;
        -:    5:
        -:    6:static uint64_t g_2 = 1UL;
        -:    7:static int32_t g_4 = (-10L);
        -:    8:
        -:    9:static uint32_t func_1(void);
        -:   10:
        1:   11:static uint32_t func_1(void) {
        1:   12:  int32_t *l_3 = &g_4;
        1:   13:  int32_t *l_5 = (void *)0;
        1:   14:  (*l_3) &= g_2;
        1:   15:  l_5 = (void *)0;
        1:   16:  return g_2;
        -:   17:}
        -:   18:
        1:   19:int main(int argc, char *argv[]) {
        1:   20:  int print_hash_value = 0;
       1*:   21:  if (argc == 2 && strcmp(argv[1], "1") == 0)
    #####:   22:    print_hash_value = 1;
        1:   23:  platform_main_begin();
        1:   24:  crc32_gentab();
        1:   25:  func_1();
        1:   26:  transparent_crc(g_2, "g_2", print_hash_value);
        1:   27:  transparent_crc(g_4, "g_4", print_hash_value);
        1:   28:  platform_main_end(crc32_context ^ 0xFFFFFFFFUL, print_hash_value);
        1:   29:  return 0;
        -:   30:}
