        -:    0:Source:544.c
        -:    0:Graph:544.gcno
        -:    0:Data:544.gcda
        -:    0:Runs:1
        -:    1:/* { dg-do run } */
        -:    2:/* { dg-require-effective-target sync_int_long } */
        -:    3:/* { dg-options } */
        -:    4:/* { dg-options "-march=i486" { target { { i?86-*-* x86_64-*-* } && ia32 } } }
        -:    5: */
        -:    6:/* { dg-options "-mcpu=v9" { target sparc*-*-* } } */
        -:    7:
        -:    8:/* Test basic functionality of the intrinsics.  */
        -:    9:
        -:   10:__extension__ typedef __SIZE_TYPE__ size_t;
        -:   11:
        -:   12:extern void abort(void);
        -:   13:extern void *memcpy(void *, const void *, size_t);
        -:   14:extern int memcmp(const void *, const void *, size_t);
        -:   15:
        -:   16:static int AI[4];
        -:   17:static int init_si[4] = {-30, -30, -50, -50};
        -:   18:static int test_si[4] = {-115, -115, 25, 25};
        -:   19:
        1:   20:static void do_si(void) {
        1:   21:  if (__sync_val_compare_and_swap(AI + 0, -30, -115) != -30)
    #####:   22:    abort();
        1:   23:  if (__sync_val_compare_and_swap(AI + 0, -30, -115) != -115)
    #####:   24:    abort();
        1:   25:  if (__sync_bool_compare_and_swap(AI + 1, -30, -115) != 1)
    #####:   26:    abort();
        1:   27:  if (__sync_bool_compare_and_swap(AI + 1, -30, -115) != 0)
    #####:   28:    abort();
        -:   29:
        1:   30:  if (__sync_val_compare_and_swap(AI + 2, AI[2], 25) != -50)
    #####:   31:    abort();
        1:   32:  if (__sync_val_compare_and_swap(AI + 2, AI[2], 25) != 25)
    #####:   33:    abort();
        1:   34:  if (__sync_bool_compare_and_swap(AI + 3, AI[3], 25) != 1)
    #####:   35:    abort();
        1:   36:  if (__sync_bool_compare_and_swap(AI + 3, AI[3], 25) != 1)
    #####:   37:    abort();
        1:   38:}
        -:   39:
        -:   40:static long AL[4];
        -:   41:static long init_di[4] = {-30, -30, -50, -50};
        -:   42:static long test_di[4] = {-115, -115, 25, 25};
        -:   43:
        1:   44:static void do_di(void) {
        1:   45:  if (__sync_val_compare_and_swap(AL + 0, -30, -115) != -30)
    #####:   46:    abort();
        1:   47:  if (__sync_val_compare_and_swap(AL + 0, -30, -115) != -115)
    #####:   48:    abort();
        1:   49:  if (__sync_bool_compare_and_swap(AL + 1, -30, -115) != 1)
    #####:   50:    abort();
        1:   51:  if (__sync_bool_compare_and_swap(AL + 1, -30, -115) != 0)
    #####:   52:    abort();
        -:   53:
        1:   54:  if (__sync_val_compare_and_swap(AL + 2, AL[2], 25) != -50)
    #####:   55:    abort();
        1:   56:  if (__sync_val_compare_and_swap(AL + 2, AL[2], 25) != 25)
    #####:   57:    abort();
        1:   58:  if (__sync_bool_compare_and_swap(AL + 3, AL[3], 25) != 1)
    #####:   59:    abort();
        1:   60:  if (__sync_bool_compare_and_swap(AL + 3, AL[3], 25) != 1)
    #####:   61:    abort();
        1:   62:}
        -:   63:
        1:   64:int main() {
        1:   65:  memcpy(AI, init_si, sizeof(init_si));
        1:   66:  memcpy(AL, init_di, sizeof(init_di));
        -:   67:
        1:   68:  do_si();
        1:   69:  do_di();
        -:   70:
        1:   71:  if (memcmp(AI, test_si, sizeof(test_si)))
    #####:   72:    abort();
        1:   73:  if (memcmp(AL, test_di, sizeof(test_di)))
    #####:   74:    abort();
        -:   75:
        1:   76:  return 0;
        -:   77:}
