        -:    0:Source:637.c
        -:    0:Graph:637.gcno
        -:    0:Data:637.gcda
        -:    0:Runs:1
        -:    1:// Options:   --concise --max-struct-fields 5 --max-funcs 2 --max-array-len-per-dim 5 --max-block-depth 3 --max-block-size 2
        -:    2:#include "csmith.h"
        -:    3:
        -:    4:static long __undefined;
        -:    5:
        -:    6:#pragma pack(push)
        -:    7:#pragma pack(1)
        -:    8:struct S0 {
        -:    9:  volatile signed f0 : 12;
        -:   10:};
        -:   11:#pragma pack(pop)
        -:   12:
        -:   13:union U1 {
        -:   14:  uint16_t f0;
        -:   15:};
        -:   16:
        -:   17:union U2 {
        -:   18:  int8_t f0;
        -:   19:};
        -:   20:
        -:   21:union U3 {
        -:   22:  int32_t f0;
        -:   23:};
        -:   24:
        -:   25:union U4 {
        -:   26:  uint16_t f0;
        -:   27:  volatile int16_t f1;
        -:   28:};
        -:   29:
        -:   30:static uint32_t g_12[1] = {1UL};
        -:   31:static int32_t g_14 = (-5L);
        -:   32:static uint8_t g_29[2] = {0xC3L, 0xC3L};
        -:   33:static int16_t g_32 = 4L;
        -:   34:static int32_t g_41 = 4L;
        -:   35:static int32_t *const volatile g_40 = &g_41;
        -:   36:static int8_t g_74 = 0L;
        -:   37:static volatile struct S0 g_77 = {34};
        -:   38:static int32_t g_85 = 0x6052DBC4L;
        -:   39:static int32_t *g_86 = &g_85;
        -:   40:static struct S0 g_105 = {55};
        -:   41:static struct S0 *g_107 = &g_105;
        -:   42:static int32_t *volatile g_108 = &g_41;
        -:   43:static union U4 g_110 = {65535UL};
        -:   44:static int32_t *g_113 = &g_41;
        -:   45:static int32_t **volatile g_112 = &g_113;
        -:   46:static volatile struct S0 g_114 = {52};
        -:   47:static int32_t g_145[1][4][4] = {{{0xE2C01BB2L, 0xE2C01BB2L, 0xE2C01BB2L, 0xE2C01BB2L}, {0xE2C01BB2L, 0xE2C01BB2L, 0xE2C01BB2L, 0xE2C01BB2L}, {0xE2C01BB2L, 0xE2C01BB2L, 0xE2C01BB2L, 0xE2C01BB2L}, {0xE2C01BB2L, 0xE2C01BB2L, 0xE2C01BB2L, 0xE2C01BB2L}}};
        -:   48:static union U2 g_159 = {0x27L};
        -:   49:static union U2 *g_158 = &g_159;
        -:   50:static union U2 **volatile g_160 = &g_158;
        -:   51:static const union U1 g_164 = {0x3939L};
        -:   52:static const union U1 *g_163 = &g_164;
        -:   53:static const union U1 **volatile g_162 = &g_163;
        -:   54:static uint64_t g_184 = 0x05431493BB85391ALL;
        -:   55:static volatile struct S0 *volatile g_196 = (void *)0;
        -:   56:static volatile struct S0 *const volatile g_197 = &g_77;
        -:   57:static uint16_t g_225 = 65528UL;
        -:   58:static volatile struct S0 *g_232 = (void *)0;
        -:   59:static volatile struct S0 **g_231 = &g_232;
        -:   60:static volatile struct S0 ***g_230[5][2][1] = {{{&g_231}, {&g_231}}, {{&g_231}, {&g_231}}, {{&g_231}, {&g_231}}, {{&g_231}, {&g_231}}, {{&g_231}, {&g_231}}};
        -:   61:static volatile struct S0 ****g_229[3][4] = {{&g_230[4][0][0], &g_230[4][0][0], (void *)0, &g_230[4][0][0]}, {&g_230[4][0][0], &g_230[4][0][0], &g_230[4][0][0], (void *)0}, {&g_230[4][0][0], (void *)0, (void *)0, &g_230[4][0][0]}};
        -:   62:static struct S0 g_264 = {-46};
        -:   63:static struct S0 g_266 = {-30};
        -:   64:static struct S0 g_267 = {-30};
        -:   65:static int32_t g_278 = 8L;
        -:   66:static int32_t **volatile g_279 = &g_113;
        -:   67:
        -:   68:static int64_t func_1(void);
        -:   69:static uint64_t func_7(int16_t p_8, const int32_t p_9, uint32_t p_10, int32_t p_11);
        -:   70:
        1:   71:static int64_t func_1(void) {
        1:   72:  uint16_t l_4 = 0x3F36L;
        1:   73:  int32_t *l_13 = &g_14;
        1:   74:  uint32_t l_19 = 0xE71B35D5L;
        1:   75:  uint8_t *l_28 = &g_29[1];
        1:   76:  int32_t *l_280 = &g_145[0][1][1];
        1:   77:  int32_t l_281 = 0xBA4B16BCL;
       1*:   78:  l_281 = ((*l_280) = ((((safe_mul_func_uint16_t_u_u((l_4 != (safe_sub_func_uint64_t_u_u(func_7(g_12[0], ((*l_13) &= 0x1AFA9B64L), (g_12[0], (g_12[0] <= (l_4 && (((*l_28) &= (safe_add_func_int8_t_s_s((safe_mul_func_int64_t_s_s(((l_19 > (safe_mod_func_uint64_t_u_u((((((safe_add_func_uint8_t_u_u(l_19, (safe_lshift_func_uint8_t_u_u(((safe_div_func_uint64_t_u_u(0x0C6548AAB56411D7LL, l_4)) > 0x69FFL), 4)))) ^ 3L) >= g_12[0]) < g_12[0]) >= g_12[0]), l_19))) > g_12[0]), l_4)), g_12[0]))) <= g_12[0])))), l_4), g_145[0][3][1]))), g_85)), l_4), 0L) <= g_159.f0));
        1:   79:  return g_266.f0;
        -:   80:}
        -:   81:
        1:   82:static uint64_t func_7(int16_t p_8, const int32_t p_9, uint32_t p_10, int32_t p_11) {
        1:   83:  int32_t l_30 = (-3L);
        1:   84:  int16_t *l_31 = &g_32;
        1:   85:  int8_t l_35 = 0x57L;
        1:   86:  int32_t *l_87 = &g_85;
        1:   87:  struct S0 *l_104 = &g_105;
        1:   88:  union U4 *l_111 = &g_110;
        1:   89:  union U1 l_125 = {0x759DL};
        -:   90:  uint8_t *l_131[3];
        1:   91:  union U3 l_135 = {2L};
        -:   92:  uint8_t l_136[2][3];
        1:   93:  uint32_t l_146[2][1][4] = {{{0x2A052AF0L, 1UL, 0x2A052AF0L, 1UL}}, {{0x2A052AF0L, 1UL, 0x2A052AF0L, 1UL}}};
        1:   94:  int16_t l_147[5] = {1L, 1L, 1L, 1L, 1L};
        1:   95:  union U2 l_152 = {0xD4L};
        1:   96:  union U4 *l_157 = &g_110;
        -:   97:  struct S0 *l_168[1][2];
        -:   98:  struct S0 *l_169[4];
        1:   99:  struct S0 **const l_167[3][2] = {{&l_168[0][1], &l_168[0][1]}, {&l_168[0][1], &l_168[0][1]}, {&l_168[0][1], &l_168[0][1]}};
        1:  100:  struct S0 **const *l_166 = &l_167[2][1];
        1:  101:  uint16_t l_205 = 0xE899L;
        -:  102:  int32_t l_249[4];
        1:  103:  int64_t l_251 = 3L;
        1:  104:  int32_t l_254 = 0x6D24C9DFL;
        1:  105:  struct S0 *l_263 = &g_264;
        1:  106:  struct S0 *l_265[1][3][3] = {{{&g_266, &g_266, &g_266}, {(void *)0, &g_267, (void *)0}, {&g_266, &g_266, &g_266}}};
        -:  107:  int i, j, k;
        4:  108:  for (i = 0; i < 3; i++)
        3:  109:    l_131[i] = (void *)0;
        3:  110:  for (i = 0; i < 2; i++) {
        8:  111:    for (j = 0; j < 3; j++)
        6:  112:      l_136[i][j] = 0x0AL;
        -:  113:  }
        2:  114:  for (i = 0; i < 1; i++) {
        3:  115:    for (j = 0; j < 2; j++)
        2:  116:      l_168[i][j] = &g_105;
        -:  117:  }
        5:  118:  for (i = 0; i < 4; i++)
        4:  119:    l_169[i] = &g_105;
        5:  120:  for (i = 0; i < 4; i++)
        4:  121:    l_249[i] = 0L;
       1*:  122:  if ((((*l_31) = l_30) && (safe_lshift_func_int16_t_s_u(l_35, p_10)))) {
        1:  123:    int32_t *l_76 = &l_30;
       1*:  124:    if ((g_32 && l_35)) {
        1:  125:      int32_t *l_42 = &l_30;
        -:  126:      int32_t *l_43[5];
        1:  127:      uint32_t l_44 = 1UL;
        -:  128:      int i;
        6:  129:      for (i = 0; i < 5; i++)
        5:  130:        l_43[i] = &l_30;
       1*:  131:      for (p_10 = 0; (p_10 >= 55); p_10++) {
    #####:  132:        (*g_40) &= (safe_div_func_uint8_t_u_u(p_11, p_9));
        -:  133:      }
        1:  134:      if (g_32)
        1:  135:        goto lbl_132;
    #####:  136:      ++l_44;
        -:  137:    } else {
    #####:  138:      union U3 l_51 = {0x99DB2213L};
    #####:  139:      union U1 l_69 = {0xA504L};
    #####:  140:      for (p_11 = (-12); (p_11 >= 25); ++p_11) {
    #####:  141:        uint8_t *l_60 = &g_29[1];
    #####:  142:        int8_t *l_72 = &l_35;
    #####:  143:        int8_t *l_73 = &g_74;
    #####:  144:        int32_t *l_75 = &l_30;
    #####:  145:        (*l_75) |= (safe_mul_func_int8_t_s_s(((-6L) | (l_51, ((*l_31) |= (safe_mul_func_int64_t_s_s(((safe_sub_func_int16_t_s_s((safe_div_func_int8_t_s_s((safe_div_func_uint64_t_u_u(((*g_40) != ((--(*l_60)) ^ ((*l_73) = ((-1L) > (safe_lshift_func_uint8_t_u_u(((((safe_mul_func_uint32_t_u_u(4294967294UL, (l_51.f0 | (safe_div_func_uint64_t_u_u(((((p_8 | ((*l_72) &= (l_69, (safe_sub_func_uint32_t_u_u(g_41, p_10))))) >= p_10) & p_9) == g_41), l_51.f0))))) > (-3L)) < l_69.f0) <= l_69.f0), g_12[0])))))), p_9)), 0x15L)), 0x7236L)), g_29[1]), 0L))))), p_10));
        -:  146:      }
        -:  147:    }
    #####:  148:    (*l_76) |= 0x42895483L;
        -:  149:  } else {
    #####:  150:    uint32_t l_81 = 0x7DFB9DB6L;
    #####:  151:    int32_t *l_82 = &g_14;
    #####:  152:    int32_t *l_84 = &g_85;
    #####:  153:    int32_t **l_83[4] = {&l_82, &l_82, &l_82, &l_82};
    #####:  154:    const union U3 l_88 = {0x03ABED3AL};
    #####:  155:    int8_t l_103 = 0x9AL;
        -:  156:    int i;
    #####:  157:    if (((g_77, (safe_mul_func_uint16_t_u_u(((((*l_82) = (~l_81)), &g_14) == (l_87 = (g_86 = (void *)0))), (l_88, (safe_mod_func_uint16_t_u_u(((safe_div_func_uint8_t_u_u(((safe_sub_func_uint16_t_u_u(((g_77, ((safe_mul_func_uint8_t_u_u((safe_lshift_func_uint32_t_u_u(4294967288UL, 19)), (safe_sub_func_int8_t_s_s(((safe_rshift_func_uint8_t_u_u(l_103, ((void *)0 != &g_41))) && g_85), p_9)))) || 2L)) | g_12[0]), 3UL)) != g_29[0]), l_30)) == 1L), l_30)))))) & l_35)) {
        -:  158:      struct S0 **l_106[4][4];
        -:  159:      int i, j;
    #####:  160:      for (i = 0; i < 4; i++) {
    #####:  161:        for (j = 0; j < 4; j++)
    #####:  162:          l_106[i][j] = &l_104;
        -:  163:      }
    #####:  164:      g_107 = l_104;
        -:  165:    } else {
    #####:  166:      if ((*g_40)) {
    #####:  167:        (*g_108) |= l_81;
        -:  168:      } else {
    #####:  169:        union U4 *l_109 = &g_110;
    #####:  170:        l_111 = l_109;
        -:  171:      }
    #####:  172:      (*g_112) = &l_30;
        -:  173:    }
    #####:  174:    (*g_113) &= 0xD104DD42L;
        -:  175:  }
    #####:  176:  if ((((g_114, 0x4C8AB293L) & (safe_add_func_uint32_t_u_u((safe_add_func_int64_t_s_s(((g_74 & ((safe_sub_func_int64_t_s_s((safe_sub_func_uint64_t_u_u(p_11, (((l_125, (safe_div_func_uint8_t_u_u((safe_mul_func_int16_t_s_s(g_85, (l_35, (~p_11)))), (g_29[1] = p_8)))) == 7UL) <= (-9L)))), p_8)) > p_11)) & 6L), 1UL)), (*g_113)))) || g_41)) {
    #####:  177:  lbl_132:
        1:  178:    (*g_113) = (*g_40);
        1:  179:    if ((safe_rshift_func_uint32_t_u_u((l_135, l_136[0][1]), 8))) {
    #####:  180:      int32_t *l_143 = (void *)0;
        -:  181:      int32_t *l_144[3];
    #####:  182:      union U2 *l_153 = (void *)0;
    #####:  183:      union U2 *l_154 = (void *)0;
    #####:  184:      union U2 *l_155 = &l_152;
    #####:  185:      union U2 l_156 = {0xB2L};
        -:  186:      int i;
    #####:  187:      for (i = 0; i < 3; i++)
    #####:  188:        l_144[i] = &g_145[0][1][0];
    #####:  189:      (*g_160) = ((safe_sub_func_uint16_t_u_u(((*g_113) | 0x3A31468BL), (safe_add_func_int16_t_s_s((safe_add_func_uint32_t_u_u(((l_146[1][0][2] = (p_11 = p_11)) | (l_147[2] = 0x7CB90AFEL)), (((void *)0 != &g_110) > (safe_mul_func_uint32_t_u_u((safe_div_func_int8_t_s_s(p_8, l_125.f0)), (g_12[0] = ((((l_156 = ((*l_155) = l_152)), &g_110) == l_157), l_125.f0))))))), 0x1281L)))), g_158);
    #####:  190:      if ((1UL == g_74)) {
    #####:  191:        const union U1 *l_161 = &l_125;
    #####:  192:        (*g_162) = l_161;
        -:  193:      } else {
    #####:  194:        union U2 **l_165 = &g_158;
    #####:  195:        struct S0 **const *l_171 = &l_167[2][1];
    #####:  196:        struct S0 **const **l_170 = &l_171;
    #####:  197:        (*l_165) = (*g_160);
    #####:  198:        (*l_170) = (l_166 = (void *)0);
        -:  199:      }
        -:  200:    } else {
        -:  201:      union U3 *l_173[4][3][1];
        1:  202:      union U3 **l_172 = &l_173[3][1][0];
        -:  203:      int i, j, k;
        5:  204:      for (i = 0; i < 4; i++) {
       16:  205:        for (j = 0; j < 3; j++) {
       24:  206:          for (k = 0; k < 1; k++)
       12:  207:            l_173[i][j][k] = &l_135;
        -:  208:        }
        -:  209:      }
        1:  210:      (*l_172) = &l_135;
        -:  211:    }
        -:  212:  } else {
    #####:  213:    uint32_t l_195 = 0x5FCB09B1L;
    #####:  214:    int32_t l_202 = 0x93B66AF9L;
    #####:  215:    int32_t l_203 = 0x41FD33E8L;
    #####:  216:    int32_t l_204[4][5][3] = {
        -:  217:        {{0xC82C1C9FL, 0xC82C1C9FL, 0x5578D77BL}, {0xCF63262DL, 0xD3352EEFL, 0x8FA652D3L}, {0x03A303ACL, 0x7468A156L, 0x5578D77BL}, {2L, 2L, 0x8FA652D3L}, {0x7468A156L, 0x03A303ACL, 0x5578D77BL}}, {{0xD3352EEFL, 0xCF63262DL, 0x8FA652D3L}, {0xC82C1C9FL, 0xC82C1C9FL, 0x5578D77BL}, {0xCF63262DL, 0xD3352EEFL, 0x8FA652D3L}, {0x03A303ACL, 0x7468A156L, 0x5578D77BL}, {2L, 2L, 0x8FA652D3L}}, {{0x7468A156L, 0x03A303ACL, 0x5578D77BL}, {0xD3352EEFL, 0xCF63262DL, 0x8FA652D3L}, {0xC82C1C9FL, 0xC82C1C9FL, 0x5578D77BL}, {0xCF63262DL, 0xD3352EEFL, 0x8FA652D3L}, {0x03A303ACL, 0x7468A156L, 0x5578D77BL}}, {{2L, 2L, 0x8FA652D3L}, {0x7468A156L, 0x03A303ACL, 0x5578D77BL}, {0xD3352EEFL, 0xCF63262DL, 0x8FA652D3L}, {0xC82C1C9FL, 0xC82C1C9FL, 0x5578D77BL}, {0xCF63262DL, 0xD3352EEFL, 0x8FA652D3L}}};
    #####:  218:    uint8_t *l_244 = &g_29[1];
    #####:  219:    int16_t l_247 = 0L;
    #####:  220:    uint16_t *l_268[5][2][1] = {{{(void *)0}, {&g_110.f0}}, {{&l_125.f0}, {&g_110.f0}}, {{(void *)0}, {(void *)0}}, {{&g_110.f0}, {&l_125.f0}}, {{&g_110.f0}, {(void *)0}}};
    #####:  221:    int32_t *const *l_269 = &g_113;
        -:  222:    int i, j, k;
        -:  223:    if ((&l_35 != &g_74)) {
    #####:  224:      for (g_32 = 0; (g_32 < 14); g_32 = safe_add_func_int64_t_s_s(g_32, 7)) {
    #####:  225:        int32_t **l_182 = &g_113;
    #####:  226:        uint64_t *l_183 = &g_184;
    #####:  227:        int8_t *l_194 = &g_74;
    #####:  228:        (*g_197) = ((safe_mod_func_uint16_t_u_u(((((*l_183) = ((safe_lshift_func_uint32_t_u_s(l_146[1][0][2], 16)) > (l_182 == (void *)0))) ^ ((safe_div_func_uint32_t_u_u((((*l_194) |= ((safe_lshift_func_uint32_t_u_s((safe_lshift_func_int32_t_s_s((g_12[0] || ((void *)0 == (*g_112))), 15)), (safe_mul_func_uint16_t_u_u(0x6F57L, (+g_110.f0))))) <= g_110.f0)) & l_35), g_110.f0)) != l_195)) >= 4UL), 7UL)), g_114);
    #####:  229:        if ((*g_108))
    #####:  230:          break;
        -:  231:      }
        -:  232:    } else {
        -:  233:      int32_t *l_198 = &g_41;
        -:  234:      int32_t *l_199 = &g_145[0][1][0];
        -:  235:      int32_t *l_200 = (void *)0;
        -:  236:      int32_t *l_201[5][2][1] = {{{&l_30}, {(void *)0}}, {{&l_30}, {(void *)0}}, {{&l_30}, {&l_30}}, {{(void *)0}, {&l_30}}, {{(void *)0}, {&l_30}}};
        -:  237:      int16_t *l_214 = &l_147[2];
        -:  238:      uint32_t *l_224 = (void *)0;
        -:  239:      uint16_t l_226 = 65535UL;
        -:  240:      uint16_t *l_227 = &l_226;
        -:  241:      uint32_t l_228 = 5UL;
        -:  242:      struct S0 **l_237 = &l_104;
        -:  243:      struct S0 ***l_236 = &l_237;
        -:  244:      struct S0 ****l_235[3][2][1];
        -:  245:      uint8_t l_241 = 0x24L;
        -:  246:      int32_t l_248[4][2][1];
        -:  247:      uint16_t l_258 = 65535UL;
        -:  248:      int i, j, k;
        -:  249:      for (i = 0; i < 3; i++) {
        -:  250:        for (j = 0; j < 2; j++) {
        -:  251:          for (k = 0; k < 1; k++)
        -:  252:            l_235[i][j][k] = &l_236;
        -:  253:        }
        -:  254:      }
        -:  255:      for (i = 0; i < 4; i++) {
        -:  256:        for (j = 0; j < 2; j++) {
        -:  257:          for (k = 0; k < 1; k++)
        -:  258:            l_248[i][j][k] = (-1L);
        -:  259:        }
        -:  260:      }
        -:  261:      l_205++;
        -:  262:      if (((safe_mul_func_int32_t_s_s(0xEA3A5B7FL, (((l_203 != (safe_rshift_func_uint16_t_u_s(p_8, 8))) >= (((*l_214) = ((*l_31) = (-1L))) <= ((0xC4L | (safe_add_func_uint16_t_u_u(((*l_198) = ((*l_227) = (safe_sub_func_int8_t_s_s(((g_164.f0, (((g_225 = (p_9 <= (((!g_74), (safe_sub_func_uint32_t_u_u((g_12[0] = 0x90BC55D5L), l_146[1][0][2]))) > 0x990F7100B6ED011CLL))) > 4294967295UL) | l_226)) <= l_204[1][3][2]), g_29[1])))), l_228))) != g_29[1]))) < 0x1473C7CBC0A3B53BLL))) <= 0xCDBE2488046BDB76LL)) {
        -:  263:        struct S0 ****const l_238 = &l_236;
        -:  264:        int32_t l_242 = 0xF1F12EC7L;
        -:  265:        uint32_t *l_243 = &g_12[0];
        -:  266:        int32_t l_245 = (-1L);
        -:  267:        int32_t l_246 = 0x67979257L;
        -:  268:        int32_t l_250[1];
        -:  269:        int64_t l_252[5] = {4L, 4L, 4L, 4L, 4L};
        -:  270:        int32_t l_253 = 0x7830CF46L;
        -:  271:        uint32_t l_255 = 0x2FEB1DDCL;
        -:  272:        int i;
        -:  273:        for (i = 0; i < 1; i++)
        -:  274:          l_250[i] = 7L;
        -:  275:        (*g_113) = (p_8 <= (((((*l_243) |= ((g_110, (((g_229[1][1] != ((((safe_add_func_int16_t_s_s((((&l_201[2][0][0] == (void *)0) >= (l_235[2][0][0] == (p_11, l_238))) == (safe_mod_func_int8_t_s_s(0x7CL, 3UL))), 0x3F7CL)) && l_241), (**g_112)), &l_166)) < l_242) == 0L)) ^ p_11)), p_11), &g_29[1]) == l_244));
        -:  276:        l_255++;
        -:  277:      } else {
        -:  278:        --l_258;
        -:  279:        (*g_113) &= 0x45112F0BL;
        -:  280:      }
        -:  281:    }
    #####:  282:    if (((safe_mul_func_int32_t_s_s((*g_108), ((l_30 &= ((l_265[0][1][0] = l_263) != (*g_231))), ((0x3741L | (g_225 = (l_269 != l_269))) <= (safe_rshift_func_uint64_t_u_s((safe_rshift_func_int8_t_s_u((safe_sub_func_uint16_t_u_u(g_74, (safe_mod_func_int32_t_s_s((-4L), 4294967295UL)))), 6)), g_74)))))) && l_146[1][0][2])) {
    #####:  283:      g_278 = 0x5345E88EL;
        -:  284:    } else {
    #####:  285:      (*g_279) = (*g_112);
        -:  286:    }
        -:  287:  }
        1:  288:  return g_41;
        -:  289:}
        -:  290:
        1:  291:int main(int argc, char *argv[]) {
        -:  292:  int i, j, k;
        1:  293:  int print_hash_value = 0;
       1*:  294:  if (argc == 2 && strcmp(argv[1], "1") == 0)
    #####:  295:    print_hash_value = 1;
        1:  296:  platform_main_begin();
        1:  297:  crc32_gentab();
        1:  298:  func_1();
        2:  299:  for (i = 0; i < 1; i++) {
        1:  300:    transparent_crc(g_12[i], "g_12[i]", print_hash_value);
        1:  301:    if (print_hash_value)
    #####:  302:      printf("index = [%d]\n", i);
        -:  303:  }
        1:  304:  transparent_crc(g_14, "g_14", print_hash_value);
        3:  305:  for (i = 0; i < 2; i++) {
        2:  306:    transparent_crc(g_29[i], "g_29[i]", print_hash_value);
        2:  307:    if (print_hash_value)
    #####:  308:      printf("index = [%d]\n", i);
        -:  309:  }
        1:  310:  transparent_crc(g_32, "g_32", print_hash_value);
        1:  311:  transparent_crc(g_41, "g_41", print_hash_value);
        1:  312:  transparent_crc(g_74, "g_74", print_hash_value);
        1:  313:  transparent_crc(g_77.f0, "g_77.f0", print_hash_value);
        1:  314:  transparent_crc(g_85, "g_85", print_hash_value);
        1:  315:  transparent_crc(g_105.f0, "g_105.f0", print_hash_value);
        1:  316:  transparent_crc(g_110.f0, "g_110.f0", print_hash_value);
        1:  317:  transparent_crc(g_114.f0, "g_114.f0", print_hash_value);
        2:  318:  for (i = 0; i < 1; i++) {
        5:  319:    for (j = 0; j < 4; j++) {
       20:  320:      for (k = 0; k < 4; k++) {
       16:  321:        transparent_crc(g_145[i][j][k], "g_145[i][j][k]", print_hash_value);
       16:  322:        if (print_hash_value)
    #####:  323:          printf("index = [%d][%d][%d]\n", i, j, k);
        -:  324:      }
        -:  325:    }
        -:  326:  }
        1:  327:  transparent_crc(g_159.f0, "g_159.f0", print_hash_value);
        1:  328:  transparent_crc(g_164.f0, "g_164.f0", print_hash_value);
        1:  329:  transparent_crc(g_184, "g_184", print_hash_value);
        1:  330:  transparent_crc(g_225, "g_225", print_hash_value);
        1:  331:  transparent_crc(g_264.f0, "g_264.f0", print_hash_value);
        1:  332:  transparent_crc(g_266.f0, "g_266.f0", print_hash_value);
        1:  333:  transparent_crc(g_267.f0, "g_267.f0", print_hash_value);
        1:  334:  transparent_crc(g_278, "g_278", print_hash_value);
        1:  335:  platform_main_end(crc32_context ^ 0xFFFFFFFFUL, print_hash_value);
        1:  336:  return 0;
        -:  337:}
