        -:    0:Source:2878.c
        -:    0:Graph:2878.gcno
        -:    0:Data:2878.gcda
        -:    0:Runs:1
        -:    1:extern void abort(void);
        -:    2:
        -:    3:union U {
        -:    4:  int i, j[4];
        -:    5:};
        -:    6:
        1:    7:int main() {
        1:    8:  union U t = {};
        -:    9:  int i;
        -:   10:
        5:   11:  for (i = 0; i < 4; ++i)
        4:   12:    if (t.j[i] != 0)
    #####:   13:      abort();
        -:   14:
        1:   15:  return 0;
        -:   16:}
