        -:    0:Source:422.c
        -:    0:Graph:422.gcno
        -:    0:Data:422.gcda
        -:    0:Runs:1
        -:    1:// Options:   --concise --max-struct-fields 5 --max-funcs 2 --max-array-len-per-dim 5 --max-block-depth 3 --max-block-size 2
        -:    2:#include "csmith.h"
        -:    3:
        -:    4:static long __undefined;
        -:    5:
        -:    6:static int32_t g_7 = 2L;
        -:    7:static uint8_t g_8 = 255UL;
        -:    8:static const int32_t g_28 = 0x4132D38CL;
        -:    9:static int32_t g_33 = 0x4B05EF13L;
        -:   10:
        -:   11:static uint32_t func_1(void);
        -:   12:static int8_t func_9(const uint32_t p_10, uint64_t p_11, uint16_t p_12, const uint64_t p_13);
        -:   13:
        1:   14:static uint32_t func_1(void) {
        1:   15:  uint64_t l_6 = 0x8C66F5A9C4C8D3C8LL;
        1:   16:  uint16_t l_26 = 5UL;
        1:   17:  uint8_t *l_27 = &g_8;
        -:   18:  int32_t *l_32[1][5];
        1:   19:  uint8_t l_34 = 0xA7L;
        -:   20:  int i, j;
        2:   21:  for (i = 0; i < 1; i++) {
        6:   22:    for (j = 0; j < 5; j++)
        5:   23:      l_32[i][j] = &g_33;
        -:   24:  }
       1*:   25:  l_34 ^= ((safe_mod_func_uint64_t_u_u(((safe_div_func_uint32_t_u_u(0x97EEDE0BL, l_6)) > (((g_7 &= l_6) != (g_8 && func_9(l_6, (safe_mod_func_uint16_t_u_u((((*l_27) = ((l_6 <= (safe_rshift_func_int16_t_s_u((safe_lshift_func_uint16_t_u_u(((safe_mod_func_uint16_t_u_u(((((g_8 <= ((0xCA7B5CF1L | (safe_mul_func_int64_t_s_s(((safe_rshift_func_uint16_t_u_s((g_8 < 0x4AB653B1L), l_6)) == 0x82L), g_8))) ^ g_8)), 65535UL) ^ g_8) == l_6), g_8)) >= l_6), 14)), 3))), l_26)) > g_28), g_28)), g_28, g_28))) == l_6)), g_28)), 0x914A3A6DL);
        1:   26:  return g_28;
        -:   27:}
        -:   28:
        1:   29:static int8_t func_9(const uint32_t p_10, uint64_t p_11, uint16_t p_12, const uint64_t p_13) {
        1:   30:  uint32_t l_29 = 0xFA72D50FL;
        1:   31:  ++l_29;
        1:   32:  return l_29;
        -:   33:}
        -:   34:
        1:   35:int main(int argc, char *argv[]) {
        1:   36:  int print_hash_value = 0;
       1*:   37:  if (argc == 2 && strcmp(argv[1], "1") == 0)
    #####:   38:    print_hash_value = 1;
        1:   39:  platform_main_begin();
        1:   40:  crc32_gentab();
        1:   41:  func_1();
        1:   42:  transparent_crc(g_7, "g_7", print_hash_value);
        1:   43:  transparent_crc(g_8, "g_8", print_hash_value);
        1:   44:  transparent_crc(g_28, "g_28", print_hash_value);
        1:   45:  transparent_crc(g_33, "g_33", print_hash_value);
        1:   46:  platform_main_end(crc32_context ^ 0xFFFFFFFFUL, print_hash_value);
        1:   47:  return 0;
        -:   48:}
