        -:    0:Source:1786.c
        -:    0:Graph:1786.gcno
        -:    0:Data:1786.gcda
        -:    0:Runs:1
        -:    1:/* { dg-do run } */
        -:    2:/* { dg-require-effective-target nonlocal_goto } */
        -:    3:/* { dg-require-effective-target label_values } */
        -:    4:/* { dg-require-effective-target trampolines } */
        -:    5:
        -:    6:extern void exit(int);
        -:    7:extern void abort(void);
        3:    8:int s(int i) {
        3:    9:  if (i > 0) {
        -:   10:    __label__ l1;
        2:   11:    int f(int i) {
        2:   12:      if (i == 2)
        1:   13:        goto l1;
        1:   14:      return 0;
        -:   15:    }
        2:   16:    return f(i);
        1:   17:  l1:;
        -:   18:  }
        2:   19:  return 1;
        -:   20:}
       1*:   21:int x() { return s(0) == 1 && s(1) == 0 && s(2) == 1; }
        1:   22:int main() {
        1:   23:  if (x() != 1)
    #####:   24:    abort();
        1:   25:  exit(0);
        -:   26:}
