        -:    0:Source:3938.c
        -:    0:Graph:3938.gcno
        -:    0:Data:3938.gcda
        -:    0:Runs:1
        -:    1:/* { dg-require-effective-target int32plus } */
        -:    2:
        -:    3:/* PR tree-optimization/78170.
        -:    4:   Check that sign-extended store to a bitfield
        -:    5:   doesn't overwrite other fields.  */
        -:    6:
        -:    7:int a, b, d;
        -:    8:
        -:    9:struct S0 {
        -:   10:  int f0;
        -:   11:  int f1;
        -:   12:  int f2;
        -:   13:  int f3;
        -:   14:  int f4;
        -:   15:  int f5 : 15;
        -:   16:  int f6 : 17;
        -:   17:  int f7 : 2;
        -:   18:  int f8 : 30;
        -:   19:} c;
        -:   20:
        1:   21:void fn1() {
        1:   22:  d = b = 1;
        2:   23:  for (; b; b = a) {
        1:   24:    struct S0 e = {0, 0, 0, 0, 0, 0, 1, 0, 1};
        1:   25:    c = e;
        1:   26:    c.f6 = -1;
        -:   27:  }
        1:   28:}
        -:   29:
        1:   30:int main() {
        1:   31:  fn1();
        1:   32:  if (c.f7 != 0)
    #####:   33:    __builtin_abort();
        1:   34:  return 0;
        -:   35:}
