        -:    0:Source:766.c
        -:    0:Graph:766.gcno
        -:    0:Data:766.gcda
        -:    0:Runs:1
        -:    1:// Options:   --concise --max-struct-fields 5 --max-funcs 2 --max-array-len-per-dim 5 --max-block-depth 3 --max-block-size 2
        -:    2:#include "csmith.h"
        -:    3:
        -:    4:static long __undefined;
        -:    5:
        -:    6:#pragma pack(push)
        -:    7:#pragma pack(1)
        -:    8:struct S0 {
        -:    9:  uint8_t f0;
        -:   10:  const volatile uint32_t f1;
        -:   11:};
        -:   12:#pragma pack(pop)
        -:   13:
        -:   14:union U1 {
        -:   15:  volatile struct S0 f0;
        -:   16:  uint16_t f1;
        -:   17:  int32_t f2;
        -:   18:  const volatile int64_t f3;
        -:   19:  const volatile int32_t f4;
        -:   20:};
        -:   21:
        -:   22:static uint16_t g_7 = 0x8A83L;
        -:   23:static int8_t g_14 = (-1L);
        -:   24:static int8_t g_16[5][3] = {{0xE1L, 0xE1L, 0xE1L}, {(-8L), (-1L), (-8L)}, {0xE1L, 0xE1L, 0xE1L}, {(-8L), (-1L), (-8L)}, {0xE1L, 0xE1L, 0xE1L}};
        -:   25:static uint8_t g_38 = 247UL;
        -:   26:static int32_t g_42[4] = {0x4CE9D061L, 0x4CE9D061L, 0x4CE9D061L, 0x4CE9D061L};
        -:   27:static int32_t *volatile g_41 = &g_42[3];
        -:   28:static volatile struct S0 g_59 = {255UL, 0xD2D1E567L};
        -:   29:static uint64_t g_80 = 0x386A5B839CC85B7FLL;
        -:   30:static uint32_t g_103 = 0xE71B68C1L;
        -:   31:static int64_t g_105 = 4L;
        -:   32:static int64_t *g_104 = &g_105;
        -:   33:static int16_t g_111[5][1] = {{0x7DFAL}, {0x7DFAL}, {0x7DFAL}, {0x7DFAL}, {0x7DFAL}};
        -:   34:static const union U1 g_113 = {{0x9AL, 0UL}};
        -:   35:static const union U1 *g_115 = (void *)0;
        -:   36:static const union U1 **volatile g_114[4] = {&g_115, &g_115, &g_115, &g_115};
        -:   37:static const union U1 **volatile g_116[5] = {&g_115, &g_115, &g_115, &g_115, &g_115};
        -:   38:static const union U1 **volatile g_117 = (void *)0;
        -:   39:
        -:   40:static int32_t func_1(void);
        -:   41:static int32_t func_2(const uint16_t p_3, uint16_t p_4, uint64_t p_5);
        -:   42:
        1:   43:static int32_t func_1(void) {
        1:   44:  uint16_t *l_6 = &g_7;
        1:   45:  uint8_t l_10 = 255UL;
        1:   46:  int8_t *l_13 = &g_14;
        1:   47:  int8_t *l_15[5][3][5] = {{{&g_16[0][0], &g_16[4][0], &g_16[0][0], (void *)0, (void *)0}, {&g_16[0][0], &g_16[4][0], &g_16[0][0], (void *)0, (void *)0}, {&g_16[0][0], &g_16[4][0], &g_16[0][0], &g_16[0][0], &g_16[0][0]}},
        -:   48:                           {{(void *)0, &g_16[4][0], (void *)0, &g_16[0][0], &g_16[0][0]}, {(void *)0, &g_16[4][0], (void *)0, &g_16[0][0], &g_16[0][0]}, {(void *)0, &g_16[4][0], (void *)0, &g_16[0][0], &g_16[0][0]}},
        -:   49:                           {{(void *)0, &g_16[4][0], (void *)0, &g_16[0][0], &g_16[0][0]}, {(void *)0, &g_16[4][0], (void *)0, &g_16[0][0], &g_16[0][0]}, {(void *)0, &g_16[4][0], (void *)0, &g_16[0][0], &g_16[0][0]}},
        -:   50:                           {{(void *)0, &g_16[4][0], (void *)0, &g_16[0][0], &g_16[0][0]}, {(void *)0, &g_16[4][0], (void *)0, &g_16[0][0], &g_16[0][0]}, {(void *)0, &g_16[4][0], (void *)0, &g_16[0][0], &g_16[0][0]}},
        -:   51:                           {{(void *)0, &g_16[4][0], (void *)0, &g_16[0][0], &g_16[0][0]}, {(void *)0, &g_16[4][0], (void *)0, &g_16[0][0], &g_16[0][0]}, {(void *)0, &g_16[4][0], (void *)0, &g_16[0][0], &g_16[0][0]}}};
        1:   52:  int32_t l_17 = 0x8B15E314L;
        1:   53:  int32_t l_33 = 6L;
        1:   54:  int32_t l_34 = 4L;
        1:   55:  const int32_t l_35 = 0xCBB40284L;
        1:   56:  const uint16_t l_36 = 0x7DF2L;
        -:   57:  int32_t *l_37[3];
        -:   58:  int16_t l_54[3][1];
        1:   59:  uint8_t l_60 = 255UL;
        1:   60:  uint32_t l_106 = 18446744073709551608UL;
        1:   61:  const uint64_t l_107 = 0xB2A72B5AE5FB0772LL;
        1:   62:  int16_t l_109 = 0x712DL;
        1:   63:  const union U1 *l_112 = &g_113;
        -:   64:  int i, j, k;
        4:   65:  for (i = 0; i < 3; i++)
        3:   66:    l_37[i] = &l_34;
        4:   67:  for (i = 0; i < 3; i++) {
        6:   68:    for (j = 0; j < 1; j++)
        3:   69:      l_54[i][j] = 0xC758L;
        -:   70:  }
       1*:   71:  if (func_2((((*l_6)--) && (l_10 <= (safe_add_func_uint16_t_u_u(((l_17 &= ((*l_13) = l_10)) <= (safe_rshift_func_uint8_t_u_u((0xD4309642L ^ (g_38 = (((((safe_rshift_func_uint64_t_u_s((&g_7 == l_6), (safe_mod_func_int64_t_s_s(((safe_add_func_int16_t_s_s((+((((safe_mul_func_uint8_t_u_u(((l_10 == (0x2C51978EL == 0xD743CCC0L)), (safe_mod_func_int64_t_s_s(l_33, g_7))), g_16[2][0])) != l_34) <= l_33) ^ l_33)), l_33)), 1L), l_34)))), (-10L)) < l_35) & l_36) <= l_33))), g_16[0][0]))), 1L)))), g_16[0][1], g_16[0][0])) {
        1:   72:    return g_16[0][0];
        -:   73:  } else {
    #####:   74:    int64_t l_50[3][4][4] = {{{0L, 0x57CF3D0097E410F7LL, 1L, 0xDEDC29BFBD42F903LL}, {1L, 0x1DEC74357240E601LL, (-5L), 0xD7FBA349A2DD3184LL}, {1L, (-1L), 1L, 0xF7C1AE2EFAADAD2DLL}, {0L, 0xD7FBA349A2DD3184LL, 0x61CAE4674E6A83B1LL, 5L}}, {{0x468F30040642FC30LL, 1L, 1L, 0x468F30040642FC30LL}, {5L, 0x61CAE4674E6A83B1LL, 0xD7FBA349A2DD3184LL, 0L}, {0xF7C1AE2EFAADAD2DLL, 1L, (-1L), 1L}, {0xD7FBA349A2DD3184LL, (-5L), 0x1DEC74357240E601LL, 1L}}, {{0xDEDC29BFBD42F903LL, 1L, 0x57CF3D0097E410F7LL, 0L}, {1L, 0x61CAE4674E6A83B1LL, 0x6B80555F25AD92EDLL, 0x468F30040642FC30LL}, {0x32A1BF33464EB7F0LL, 1L, 0x32A1BF33464EB7F0LL, 5L}, {0x8B9DB5DF1D979388LL, 0xD7FBA349A2DD3184LL, 0x350D55FAF230988ALL, 0xF7C1AE2EFAADAD2DLL}}};
    #####:   75:    uint16_t *l_53 = &g_7;
    #####:   76:    int32_t l_61 = 0xF38E6A27L;
    #####:   77:    int32_t l_63 = 1L;
    #####:   78:    int32_t l_64 = 0L;
    #####:   79:    int32_t l_65 = 0x3CF365AEL;
    #####:   80:    int8_t *l_88 = &g_16[0][0];
        -:   81:    int i, j, k;
    #####:   82:  lbl_82:
    #####:   83:    (*g_41) = (safe_lshift_func_uint32_t_u_s((safe_lshift_func_int32_t_s_s((safe_rshift_func_uint64_t_u_u((l_50[2][0][2] >= l_50[2][0][2]), 12)), (((safe_add_func_int16_t_s_s((&g_7 != l_53), l_54[1][0])) <= ((safe_lshift_func_int8_t_s_u(((g_16[1][0] = (~((((safe_unary_minus_func_int16_t_s((0xE582D056B0C4F586LL >= (g_59, g_7)))) != (g_7 <= l_50[2][0][2])) ^ l_60) > g_42[2]))) <= l_50[2][0][2]), g_14)) && g_59.f0)) > (-5L)))), g_38));
    #####:   84:    if (l_50[0][2][1]) {
    #####:   85:      uint32_t l_66 = 0x7B92311CL;
    #####:   86:      uint8_t l_78 = 5UL;
    #####:   87:    lbl_81:
    #####:   88:      for (l_60 = 0; (l_60 <= 2); l_60 += 1) {
    #####:   89:        int32_t l_62 = 0x24A103C2L;
    #####:   90:        int64_t *l_77 = &l_50[0][0][2];
    #####:   91:        uint8_t *l_79 = &l_78;
        -:   92:        int i;
    #####:   93:        l_66++;
    #####:   94:        if (l_35)
    #####:   95:          goto lbl_81;
    #####:   96:        g_80 &= ((((*l_6) &= l_66) > (safe_lshift_func_uint64_t_u_s((g_59, 0x8C84420CA5725C8ELL), ((void *)0 == &g_14)))) ^ ((*l_79) = (((((((7L > ((g_38 && (l_66 ^ (safe_mod_func_uint8_t_u_u((((*l_77) = (safe_mul_func_int32_t_s_s(((safe_mod_func_int8_t_s_s(g_38, g_16[0][2])) && g_42[1]), 4294967295UL))), g_14), g_42[2])))) || l_66)), l_78) != g_38) | 8UL) & g_38) < g_42[2]) >= g_42[3])));
        -:   97:      }
    #####:   98:      if (l_60)
    #####:   99:        goto lbl_82;
        -:  100:    } else {
    #####:  101:      int8_t l_108 = 1L;
    #####:  102:      if ((*g_41)) {
    #####:  103:        int8_t *l_87 = &g_16[4][0];
    #####:  104:        uint64_t *l_93 = &g_80;
    #####:  105:        int32_t *const l_96[2] = {&l_64, &l_64};
    #####:  106:        int64_t *l_102 = (void *)0;
    #####:  107:        uint8_t *l_110 = &g_38;
        -:  108:        int i;
    #####:  109:        l_61 = ((*g_41) || 0xA980D529L);
    #####:  110:        g_111[2][0] = (safe_add_func_int8_t_s_s(0x96L, ((l_87 == l_88) & ((*l_110) = ((safe_lshift_func_int32_t_s_s((safe_lshift_func_uint64_t_u_u(((*l_93)--), ((void *)0 != l_96[1]))), ((safe_lshift_func_uint16_t_u_u(((((safe_add_func_int64_t_s_s(((*g_104) = ((~(g_103 = 0x2D809A3AC23FC009LL)) | (l_102 == g_104))), l_106)) == l_107) > g_16[0][1]) != l_108), 7)) < 0x0F90C5DD00C07DD8LL))) <= l_109)))));
        -:  111:      } else {
    #####:  112:        const union U1 **l_118 = &g_115;
    #####:  113:        (*l_118) = (l_112 = (void *)0);
        -:  114:      }
        -:  115:    }
        -:  116:  }
    #####:  117:  return g_59.f1;
        -:  118:}
        -:  119:
        1:  120:static int32_t func_2(const uint16_t p_3, uint16_t p_4, uint64_t p_5) {
        1:  121:  uint16_t l_43 = 0x12EDL;
       1*:  122:  for (g_38 = (-9); (g_38 < 2); g_38++) {
    #####:  123:    for (g_14 = 2; (g_14 >= 0); g_14 -= 1) {
        -:  124:      int i, j;
    #####:  125:      (*g_41) |= g_16[(g_14 + 1)][g_14];
    #####:  126:      if (l_43)
    #####:  127:        break;
        -:  128:    }
        -:  129:  }
        1:  130:  return (*g_41);
        -:  131:}
        -:  132:
        1:  133:int main(int argc, char *argv[]) {
        -:  134:  int i, j;
        1:  135:  int print_hash_value = 0;
       1*:  136:  if (argc == 2 && strcmp(argv[1], "1") == 0)
    #####:  137:    print_hash_value = 1;
        1:  138:  platform_main_begin();
        1:  139:  crc32_gentab();
        1:  140:  func_1();
        1:  141:  transparent_crc(g_7, "g_7", print_hash_value);
        1:  142:  transparent_crc(g_14, "g_14", print_hash_value);
        6:  143:  for (i = 0; i < 5; i++) {
       20:  144:    for (j = 0; j < 3; j++) {
       15:  145:      transparent_crc(g_16[i][j], "g_16[i][j]", print_hash_value);
       15:  146:      if (print_hash_value)
    #####:  147:        printf("index = [%d][%d]\n", i, j);
        -:  148:    }
        -:  149:  }
        1:  150:  transparent_crc(g_38, "g_38", print_hash_value);
        5:  151:  for (i = 0; i < 4; i++) {
        4:  152:    transparent_crc(g_42[i], "g_42[i]", print_hash_value);
        4:  153:    if (print_hash_value)
    #####:  154:      printf("index = [%d]\n", i);
        -:  155:  }
        1:  156:  transparent_crc(g_59.f0, "g_59.f0", print_hash_value);
        1:  157:  transparent_crc(g_59.f1, "g_59.f1", print_hash_value);
        1:  158:  transparent_crc(g_80, "g_80", print_hash_value);
        1:  159:  transparent_crc(g_103, "g_103", print_hash_value);
        1:  160:  transparent_crc(g_105, "g_105", print_hash_value);
        6:  161:  for (i = 0; i < 5; i++) {
       10:  162:    for (j = 0; j < 1; j++) {
        5:  163:      transparent_crc(g_111[i][j], "g_111[i][j]", print_hash_value);
        5:  164:      if (print_hash_value)
    #####:  165:        printf("index = [%d][%d]\n", i, j);
        -:  166:    }
        -:  167:  }
        1:  168:  transparent_crc(g_113.f0.f0, "g_113.f0.f0", print_hash_value);
        1:  169:  transparent_crc(g_113.f0.f1, "g_113.f0.f1", print_hash_value);
        1:  170:  platform_main_end(crc32_context ^ 0xFFFFFFFFUL, print_hash_value);
        1:  171:  return 0;
        -:  172:}
