        -:    0:Source:1448.c
        -:    0:Graph:1448.gcno
        -:    0:Data:1448.gcda
        -:    0:Runs:1
        -:    1:/* { dg-do run } */
        -:    2:
        -:    3:extern void abort(void) __attribute__((noreturn));
        -:    4:
        -:    5:union setconflict {
        -:    6:  int a[20];
        -:    7:  long b[10];
        -:    8:};
        -:    9:
        1:   10:int main() {
        1:   11:  int sum = 0;
        -:   12:  {
        -:   13:    union setconflict a;
        -:   14:    int *c;
        1:   15:    c = a.a;
        1:   16:    asm("" : "=r"(c) : "0"(c));
        1:   17:    *c = 0;
        1:   18:    asm("" : "=r"(c) : "0"(c));
        1:   19:    sum += *c;
        -:   20:  }
        -:   21:  {
        -:   22:    union setconflict a;
        -:   23:    long *c;
        1:   24:    c = a.b;
        1:   25:    asm("" : "=r"(c) : "0"(c));
        1:   26:    *c = 1;
        1:   27:    asm("" : "=r"(c) : "0"(c));
        1:   28:    sum += *c;
        -:   29:  }
        -:   30:
        1:   31:  if (sum != 1)
    #####:   32:    abort();
        1:   33:  return 0;
        -:   34:}
