        -:    0:Source:362.c
        -:    0:Graph:362.gcno
        -:    0:Data:362.gcda
        -:    0:Runs:1
        -:    1:// Options:   --concise --max-struct-fields 5 --max-funcs 2 --max-array-len-per-dim 5 --max-block-depth 3 --max-block-size 2
        -:    2:#include "csmith.h"
        -:    3:
        -:    4:static long __undefined;
        -:    5:
        -:    6:struct S0 {
        -:    7:  int64_t f0;
        -:    8:  int64_t f1;
        -:    9:};
        -:   10:
        -:   11:static int32_t g_8 = 0x0FA72C25L;
        -:   12:static uint8_t g_21 = 4UL;
        -:   13:static volatile uint8_t g_27 = 1UL;
        -:   14:static volatile uint8_t *g_26 = &g_27;
        -:   15:static uint8_t g_30 = 252UL;
        -:   16:static int32_t g_34 = (-1L);
        -:   17:static struct S0 g_40 = {0x8663C10B42B8FFD0LL, 1L};
        -:   18:
        -:   19:static int8_t func_1(void);
        -:   20:static struct S0 func_2(int8_t p_3, uint64_t p_4, uint64_t p_5, int8_t p_6, uint16_t p_7);
        -:   21:
        1:   22:static int8_t func_1(void) {
        1:   23:  int16_t l_13 = 5L;
        1:   24:  uint8_t *l_20 = &g_21;
        1:   25:  uint16_t *l_28 = (void *)0;
        -:   26:  uint16_t *l_29[1];
        -:   27:  int i;
        2:   28:  for (i = 0; i < 1; i++)
        1:   29:    l_29[i] = (void *)0;
       1*:   30:  g_40 = func_2(g_8, (+g_8), (g_8 && (safe_div_func_int16_t_s_s(0xD783L, (safe_unary_minus_func_uint32_t_u(l_13))))), ((safe_lshift_func_uint32_t_u_u(((g_8 > (safe_sub_func_uint8_t_u_u((l_13 ^ (safe_div_func_uint16_t_u_u(((++(*l_20)) > 0UL), (g_30 |= (((((((safe_div_func_int32_t_s_s((8UL > g_8), (-2L))), g_8) & g_8) ^ l_13), l_20) == g_26) != l_13))))), 0UL))) ^ g_27), g_8)) != 0UL), l_13);
        1:   31:  return l_13;
        -:   32:}
        -:   33:
        1:   34:static struct S0 func_2(int8_t p_3, uint64_t p_4, uint64_t p_5, int8_t p_6, uint16_t p_7) {
        1:   35:  uint32_t l_36 = 1UL;
        1:   36:  struct S0 l_39 = {0L, -4L};
       31:   37:  for (p_7 = 0; (p_7 < 30); p_7++) {
       30:   38:    int32_t *l_33 = &g_34;
        -:   39:    int32_t *l_35[2];
        -:   40:    int i;
       90:   41:    for (i = 0; i < 2; i++)
       60:   42:      l_35[i] = (void *)0;
       30:   43:    l_36++;
        -:   44:  }
        1:   45:  return l_39;
        -:   46:}
        -:   47:
        1:   48:int main(int argc, char *argv[]) {
        1:   49:  int print_hash_value = 0;
       1*:   50:  if (argc == 2 && strcmp(argv[1], "1") == 0)
    #####:   51:    print_hash_value = 1;
        1:   52:  platform_main_begin();
        1:   53:  crc32_gentab();
        1:   54:  func_1();
        1:   55:  transparent_crc(g_8, "g_8", print_hash_value);
        1:   56:  transparent_crc(g_21, "g_21", print_hash_value);
        1:   57:  transparent_crc(g_27, "g_27", print_hash_value);
        1:   58:  transparent_crc(g_30, "g_30", print_hash_value);
        1:   59:  transparent_crc(g_34, "g_34", print_hash_value);
        1:   60:  transparent_crc(g_40.f0, "g_40.f0", print_hash_value);
        1:   61:  transparent_crc(g_40.f1, "g_40.f1", print_hash_value);
        1:   62:  platform_main_end(crc32_context ^ 0xFFFFFFFFUL, print_hash_value);
        1:   63:  return 0;
        -:   64:}
