        -:    0:Source:513.c
        -:    0:Graph:513.gcno
        -:    0:Data:513.gcda
        -:    0:Runs:1
        -:    1:// Options:   --concise --max-struct-fields 5 --max-funcs 2 --max-array-len-per-dim 5 --max-block-depth 3 --max-block-size 2
        -:    2:#include "csmith.h"
        -:    3:
        -:    4:static long __undefined;
        -:    5:
        -:    6:union U0 {
        -:    7:  volatile uint16_t f0;
        -:    8:  volatile uint32_t f1;
        -:    9:  uint32_t f2;
        -:   10:  uint32_t f3;
        -:   11:  const uint32_t f4;
        -:   12:};
        -:   13:
        -:   14:static int32_t g_4 = 0x10B999FBL;
        -:   15:static union U0 g_5[4][1] = {{{65535UL}}, {{1UL}}, {{65535UL}}, {{1UL}}};
        -:   16:
        -:   17:static union U0 func_1(void);
        -:   18:
        1:   19:static union U0 func_1(void) {
        1:   20:  uint16_t l_2 = 0UL;
        1:   21:  int32_t *l_3[5] = {&g_4, &g_4, &g_4, &g_4, &g_4};
        -:   22:  int i;
        1:   23:  g_4 |= l_2;
        1:   24:  return g_5[0][0];
        -:   25:}
        -:   26:
        1:   27:int main(int argc, char *argv[]) {
        -:   28:  int i, j;
        1:   29:  int print_hash_value = 0;
       1*:   30:  if (argc == 2 && strcmp(argv[1], "1") == 0)
    #####:   31:    print_hash_value = 1;
        1:   32:  platform_main_begin();
        1:   33:  crc32_gentab();
        1:   34:  func_1();
        1:   35:  transparent_crc(g_4, "g_4", print_hash_value);
        5:   36:  for (i = 0; i < 4; i++) {
        8:   37:    for (j = 0; j < 1; j++) {
        4:   38:      transparent_crc(g_5[i][j].f0, "g_5[i][j].f0", print_hash_value);
        4:   39:      if (print_hash_value)
    #####:   40:        printf("index = [%d][%d]\n", i, j);
        -:   41:    }
        -:   42:  }
        1:   43:  platform_main_end(crc32_context ^ 0xFFFFFFFFUL, print_hash_value);
        1:   44:  return 0;
        -:   45:}
