        -:    0:Source:1588.c
        -:    0:Graph:1588.gcno
        -:    0:Data:1588.gcda
        -:    0:Runs:1
        -:    1:/* PR rtl-optimization/70542 */
        -:    2:/* { dg-do run } */
        -:    3:/* { dg-require-effective-target int32plus } */
        -:    4:
        -:    5:int a[113], d[113];
        -:    6:short b[113], c[113], e[113];
        -:    7:
        1:    8:int main() {
        -:    9:  int i;
        -:   10:  long j;
      114:   11:  for (i = 0; i < 113; ++i) {
      113:   12:    a[i] = -636544305;
      113:   13:    b[i] = -31804;
        -:   14:  }
      113:   15:  for (j = 1; j <= 112; ++j) {
      112:   16:    c[j] = b[j] >> ((a[j] & 1587842570) - 1510214139);
      112:   17:    if (a[j])
      112:   18:      d[j] = j;
      112:   19:    e[j] = 7 << ((2312631697 - b[j]) - 2312663500);
        -:   20:  }
        1:   21:  asm volatile("" : : : "memory");
        1:   22:  if (c[0] || d[0] || e[0])
    #####:   23:    __builtin_abort();
      113:   24:  for (i = 1; i <= 112; ++i)
      112:   25:    if (c[i] != -1 || d[i] != i || e[i] != 14)
    #####:   26:      __builtin_abort();
        1:   27:  return 0;
        -:   28:}
