        -:    0:Source:2570.c
        -:    0:Graph:2570.gcno
        -:    0:Data:2570.gcda
        -:    0:Runs:1
        -:    1:/* PR inline-asm/6806 */
        -:    2:/* { dg-do run } */
        -:    3:/* { dg-skip-if "" { ia32 && { ! nonpic } } } */
        -:    4:/* { dg-options "-O2" } */
        -:    5:
        -:    6:extern void abort(void);
        -:    7:
        -:    8:volatile int out = 1;
        -:    9:volatile int a = 2;
        -:   10:volatile int b = 4;
        -:   11:volatile int c = 8;
        -:   12:volatile int d = 16;
        -:   13:volatile int e = 32;
        -:   14:volatile int f = 64;
        -:   15:
        1:   16:int main() {
        1:   17:  asm volatile("xorl %%eax, %%eax	\n\t"
        -:   18:               "xorl %%esi, %%esi	\n\t"
        -:   19:               "addl %1, %0		\n\t"
        -:   20:               "addl %2, %0		\n\t"
        -:   21:               "addl %3, %0		\n\t"
        -:   22:               "addl %4, %0		\n\t"
        -:   23:               "addl %5, %0		\n\t"
        -:   24:               "addl %6, %0"
        -:   25:               : "+r"(out)
        -:   26:               : "r"(a), "r"(b), "r"(c), "g"(d), "g"(e), "g"(f)
        -:   27:               : "%eax", "%esi");
        -:   28:
        1:   29:  if (out != 127)
    #####:   30:    abort();
        -:   31:
        1:   32:  return 0;
        -:   33:}
