        -:    0:Source:984.c
        -:    0:Graph:984.gcno
        -:    0:Data:984.gcda
        -:    0:Runs:1
        -:    1:/* { dg-do run } */
        -:    2:/* { dg-options "-O3" } */
        -:    3:
        -:    4:int a, c, f, g;
        -:    5:char b;
        -:    6:
        1:    7:static int fn1() {
        -:    8:  char h;
        1:    9:  int k = -1, i, j;
       17:   10:  for (; b < 16; b++)
        -:   11:    ;
        1:   12:  __builtin_printf(" ");
        1:   13:  if (b < 5)
    #####:   14:    k++;
        1:   15:  if (k) {
        1:   16:    int l = 2;
       1*:   17:    a = h = b < 0 || b > (127 >> l) ? b : b << 1;
        1:   18:    return 0;
        -:   19:  }
    #####:   20:  for (i = 0; i < 1; i++)
    #####:   21:    for (j = 0; j < 7; j++)
    #####:   22:      f = 0;
    #####:   23:  for (c = 0; c; c++)
        -:   24:    ;
    #####:   25:  if (g)
    #####:   26:    for (;;)
        -:   27:      ;
    #####:   28:  return 0;
        -:   29:}
        -:   30:
        1:   31:int main() {
        1:   32:  fn1();
        -:   33:
        1:   34:  if (a != 32)
    #####:   35:    __builtin_abort();
        -:   36:
        1:   37:  return 0;
        -:   38:}
