        -:    0:Source:728.c
        -:    0:Graph:728.gcno
        -:    0:Data:728.gcda
        -:    0:Runs:1
        -:    1:/* { dg-do run } */
        -:    2:/* { dg-options "-fsanitize=bounds" } */
        -:    3:
        -:    4:struct S {
        -:    5:  unsigned long a[1];
        -:    6:  int l;
        -:    7:};
        -:    8:
        1:    9:static inline unsigned long fn(const struct S *s, int i) { return s->a[i] / i; }
        -:   10:
        1:   11:int main() {
        -:   12:  struct S s;
        1:   13:  fn(&s, 1);
        -:   14:}
        -:   15:
        -:   16:/* { dg-output "index 1 out of bounds for type 'long unsigned int \\\[1\\\]'" }
        -:   17: */
