        -:    0:Source:1470.c
        -:    0:Graph:1470.gcno
        -:    0:Data:1470.gcda
        -:    0:Runs:1
        -:    1:/* { dg-do run } */
        -:    2:
        -:    3:extern void abort(void);
        -:    4:
        -:    5:int a[8][6] = {0, 0, 0, 0, 0, 0, 0, 0, 0, 0, 0, 0, 0, 1};
        -:    6:int b;
        -:    7:
        1:    8:int main(void) {
        3:    9:  for (b = 0; b <= 1; b++) {
        2:   10:    a[1][3] = 0;
        -:   11:    int c;
        6:   12:    for (c = 0; c <= 1; c++) {
        4:   13:      a[c + 1][b] = a[c + 2][b];
        -:   14:    }
        -:   15:  }
        1:   16:  if (a[1][1] != 1)
    #####:   17:    abort();
        1:   18:  return 0;
        -:   19:}
