        -:    0:Source:937.c
        -:    0:Graph:937.gcno
        -:    0:Data:937.gcda
        -:    0:Runs:1
        -:    1:// Options:   --concise --max-struct-fields 5 --max-funcs 2 --max-array-len-per-dim 5 --max-block-depth 3 --max-block-size 2
        -:    2:#include "csmith.h"
        -:    3:
        -:    4:static long __undefined;
        -:    5:
        -:    6:static volatile int32_t g_2[1] = {1L};
        -:    7:static volatile int32_t g_3 = 0xAA39ED08L;
        -:    8:static volatile int32_t g_4 = 0L;
        -:    9:static volatile int32_t g_5 = 0x09978F3CL;
        -:   10:static int32_t g_6 = 1L;
        -:   11:static uint16_t g_24 = 0xE19FL;
        -:   12:static uint16_t g_26 = 0xEDF0L;
        -:   13:static uint32_t g_30 = 8UL;
        -:   14:static int32_t g_33 = 1L;
        -:   15:static uint16_t *g_34 = &g_26;
        -:   16:static int32_t g_50 = 1L;
        -:   17:
        -:   18:static int32_t func_1(void);
        -:   19:static int32_t func_9(uint32_t p_10, uint16_t p_11, const int32_t p_12, const int16_t p_13, uint16_t p_14);
        -:   20:
        1:   21:static int32_t func_1(void) {
        1:   22:  int16_t l_15 = 0x21AFL;
        6:   23:  for (g_6 = (-20); (g_6 != (-15)); g_6++) {
        5:   24:    int32_t l_22 = 9L;
        5:   25:    uint16_t *l_23 = &g_24;
        5:   26:    const uint16_t *l_25 = &g_26;
        5:   27:    int32_t *l_31 = (void *)0;
        5:   28:    int32_t *l_32 = &g_33;
        5:   29:    uint8_t l_35 = 251UL;
        5:   30:    int32_t *l_52 = &g_50;
        5:   31:    int32_t *l_53 = &l_22;
        5:   32:    (*l_53) = ((*l_52) |= func_9(l_15, (safe_add_func_int16_t_s_s(((safe_sub_func_uint64_t_u_u(g_3, (l_15 | ((((((*l_23) = l_22) ^ (l_25 == (g_34 = ((((*l_32) = (+((g_26 <= (safe_rshift_func_uint32_t_u_s(l_22, 11))), (g_30 = g_26)))), (&g_26 != &g_26)), (void *)0)))) | l_15), l_15) != 0x857BL)))) > g_6), l_22)), l_22, l_15, l_35));
        -:   33:  }
        1:   34:  return g_2[0];
        -:   35:}
        -:   36:
        5:   37:static int32_t func_9(uint32_t p_10, uint16_t p_11, const int32_t p_12, const int16_t p_13, uint16_t p_14) {
        5:   38:  uint16_t *l_42 = &g_24;
        5:   39:  uint32_t l_48 = 4UL;
        5:   40:  int32_t l_51 = 0x3D47EBDCL;
       40:   41:  for (g_26 = 0; (g_26 < 7); g_26 = safe_add_func_int64_t_s_s(g_26, 1)) {
       35:   42:    uint32_t l_47 = 0x6E30F4AEL;
       35:   43:    int32_t *l_49[2][4] = {{&g_6, &g_50, &g_6, &g_50}, {&g_6, &g_50, &g_6, &g_50}};
        -:   44:    int i, j;
       35:   45:    l_51 &= ((((-5L) || (((0x8FL & g_24) != (~((+(safe_sub_func_uint64_t_u_u(((((void *)0 != l_42) | (safe_lshift_func_int16_t_s_u(((safe_add_func_uint32_t_u_u((&g_26 == &g_26), (1L | (l_47 >= g_30)))) <= 0xFE54384F3AC16B40LL), l_48))) == p_14), (-1L)))) | g_2[0]))) > l_48)) && 0xDC9A81FFDE63B691LL), l_47);
        -:   46:  }
        5:   47:  return g_26;
        -:   48:}
        -:   49:
        1:   50:int main(int argc, char *argv[]) {
        -:   51:  int i;
        1:   52:  int print_hash_value = 0;
       1*:   53:  if (argc == 2 && strcmp(argv[1], "1") == 0)
    #####:   54:    print_hash_value = 1;
        1:   55:  platform_main_begin();
        1:   56:  crc32_gentab();
        1:   57:  func_1();
        2:   58:  for (i = 0; i < 1; i++) {
        1:   59:    transparent_crc(g_2[i], "g_2[i]", print_hash_value);
        1:   60:    if (print_hash_value)
    #####:   61:      printf("index = [%d]\n", i);
        -:   62:  }
        1:   63:  transparent_crc(g_3, "g_3", print_hash_value);
        1:   64:  transparent_crc(g_4, "g_4", print_hash_value);
        1:   65:  transparent_crc(g_5, "g_5", print_hash_value);
        1:   66:  transparent_crc(g_6, "g_6", print_hash_value);
        1:   67:  transparent_crc(g_24, "g_24", print_hash_value);
        1:   68:  transparent_crc(g_26, "g_26", print_hash_value);
        1:   69:  transparent_crc(g_30, "g_30", print_hash_value);
        1:   70:  transparent_crc(g_33, "g_33", print_hash_value);
        1:   71:  transparent_crc(g_50, "g_50", print_hash_value);
        1:   72:  platform_main_end(crc32_context ^ 0xFFFFFFFFUL, print_hash_value);
        1:   73:  return 0;
        -:   74:}
