        -:    0:Source:193.c
        -:    0:Graph:193.gcno
        -:    0:Data:193.gcda
        -:    0:Runs:1
        -:    1:/* Copyright (C) 2003 Free Software Foundation.
        -:    2:
        -:    3:   Check that constant folding of built-in math functions doesn't
        -:    4:   break anything and produces the expected results.
        -:    5:
        -:    6:   Written by Roger Sayle, 25th May 2003.  */
        -:    7:
        -:    8:/* { dg-do link } */
        -:    9:/* { dg-options "-O2 -ffast-math" } */
        -:   10:
        -:   11:extern void link_error(void);
        -:   12:
        -:   13:extern double exp(double);
        -:   14:extern double atan(double);
        -:   15:
        1:   16:int main() {
        -:   17:  if (exp(1.0) < 2.71 || exp(1.0) > 2.72)
        -:   18:    link_error();
        -:   19:  if (exp(2.0) < 7.38 || exp(2.0) > 7.39)
        -:   20:    link_error();
        -:   21:  if (exp(-2.0) < 0.13 || exp(-2.0) > 0.14)
        -:   22:    link_error();
        -:   23:  if (atan(1.0) < 0.78 || atan(1.0) > 0.79)
        -:   24:    link_error();
        -:   25:
        1:   26:  return 0;
        -:   27:}
