        -:    0:Source:180.c
        -:    0:Graph:180.gcno
        -:    0:Data:180.gcda
        -:    0:Runs:1
        -:    1:// Options:   --concise --max-struct-fields 5 --max-funcs 2 --max-array-len-per-dim 5 --max-block-depth 3 --max-block-size 2
        -:    2:#include "csmith.h"
        -:    3:
        -:    4:static long __undefined;
        -:    5:
        -:    6:struct S0 {
        -:    7:  const volatile signed f0 : 18;
        -:    8:};
        -:    9:
        -:   10:struct S2 {
        -:   11:  volatile int16_t f0;
        -:   12:  const unsigned f1 : 13;
        -:   13:};
        -:   14:
        -:   15:static volatile int32_t g_2 = 0x256A9EF7L;
        -:   16:static int32_t g_3 = 1L;
        -:   17:static volatile struct S2 g_13[1] = {{0xC63CL, 34}};
        -:   18:static volatile struct S2 *g_12 = &g_13[0];
        -:   19:static volatile struct S2 **volatile g_11 = &g_12;
        -:   20:static volatile int32_t *volatile g_14 = &g_2;
        -:   21:static struct S0 g_15[2][3][4] = {{{{-405}, {-405}, {66}, {-405}}, {{-405}, {173}, {173}, {-405}}, {{173}, {-405}, {173}, {173}}}, {{{-405}, {-405}, {66}, {-405}}, {{-405}, {173}, {173}, {-405}}, {{173}, {-405}, {173}, {173}}}};
        -:   22:static int32_t *const volatile g_17 = &g_3;
        -:   23:
        -:   24:static int64_t func_1(void);
        -:   25:static struct S0 func_6(struct S2 *p_7, int64_t p_8);
        -:   26:
        1:   27:static int64_t func_1(void) {
        1:   28:  struct S2 *l_9 = (void *)0;
        1:   29:  int32_t l_16 = 0x43836745L;
        1:   30:  uint32_t l_18 = 3UL;
       29:   31:  for (g_3 = (-14); (g_3 != 14); g_3++) {
       28:   32:    struct S2 **l_10 = &l_9;
       28:   33:    (*l_10) = (func_6(((*l_10) = l_9), ((void *)0 != g_11)), (*l_10));
        -:   34:  }
        1:   35:  (*g_17) = l_16;
        1:   36:  return l_18;
        -:   37:}
        -:   38:
       28:   39:static struct S0 func_6(struct S2 *p_7, int64_t p_8) {
       28:   40:  (*g_14) = g_13[0].f1;
       28:   41:  return g_15[1][2][2];
        -:   42:}
        -:   43:
        1:   44:int main(int argc, char *argv[]) {
        -:   45:  int i, j, k;
        1:   46:  int print_hash_value = 0;
       1*:   47:  if (argc == 2 && strcmp(argv[1], "1") == 0)
    #####:   48:    print_hash_value = 1;
        1:   49:  platform_main_begin();
        1:   50:  crc32_gentab();
        1:   51:  func_1();
        1:   52:  transparent_crc(g_2, "g_2", print_hash_value);
        1:   53:  transparent_crc(g_3, "g_3", print_hash_value);
        2:   54:  for (i = 0; i < 1; i++) {
        1:   55:    transparent_crc(g_13[i].f0, "g_13[i].f0", print_hash_value);
        1:   56:    transparent_crc(g_13[i].f1, "g_13[i].f1", print_hash_value);
        1:   57:    if (print_hash_value)
    #####:   58:      printf("index = [%d]\n", i);
        -:   59:  }
        3:   60:  for (i = 0; i < 2; i++) {
        8:   61:    for (j = 0; j < 3; j++) {
       30:   62:      for (k = 0; k < 4; k++) {
       24:   63:        transparent_crc(g_15[i][j][k].f0, "g_15[i][j][k].f0", print_hash_value);
       24:   64:        if (print_hash_value)
    #####:   65:          printf("index = [%d][%d][%d]\n", i, j, k);
        -:   66:      }
        -:   67:    }
        -:   68:  }
        1:   69:  platform_main_end(crc32_context ^ 0xFFFFFFFFUL, print_hash_value);
        1:   70:  return 0;
        -:   71:}
