        -:    0:Source:703.c
        -:    0:Graph:703.gcno
        -:    0:Data:703.gcda
        -:    0:Runs:1
        -:    1:// Options:   --concise --max-struct-fields 5 --max-funcs 2 --max-array-len-per-dim 5 --max-block-depth 3 --max-block-size 2
        -:    2:#include "csmith.h"
        -:    3:
        -:    4:static long __undefined;
        -:    5:
        -:    6:#pragma pack(push)
        -:    7:#pragma pack(1)
        -:    8:struct S0 {
        -:    9:  const volatile unsigned f0 : 27;
        -:   10:  unsigned f1 : 4;
        -:   11:  const signed f2 : 22;
        -:   12:  unsigned f3 : 10;
        -:   13:};
        -:   14:#pragma pack(pop)
        -:   15:
        -:   16:static uint32_t g_7[2][4] = {{1UL, 0x85ED0657L, 1UL, 1UL}, {0x85ED0657L, 0x85ED0657L, 0xA40F2FDAL, 0x85ED0657L}};
        -:   17:static int8_t g_11 = 7L;
        -:   18:static uint32_t g_18 = 8UL;
        -:   19:static int64_t g_25 = 0x649BC00EADD5D088LL;
        -:   20:static struct S0 g_31 = {5323, 1, 1822, 12};
        -:   21:static int8_t g_37 = (-2L);
        -:   22:static volatile int32_t g_55 = (-1L);
        -:   23:static volatile int8_t g_56 = 3L;
        -:   24:static uint32_t g_57 = 0x911B6BEFL;
        -:   25:static uint16_t g_73 = 0xCF83L;
        -:   26:static int32_t g_113 = 0x90C02A0DL;
        -:   27:static int32_t *volatile g_112 = &g_113;
        -:   28:static int32_t g_125 = 2L;
        -:   29:static volatile uint64_t g_126 = 0x6D11A38A02C35B49LL;
        -:   30:static int16_t g_171 = 0x9E8AL;
        -:   31:static int16_t g_173 = (-1L);
        -:   32:static int32_t g_191 = 1L;
        -:   33:static uint16_t g_192 = 0UL;
        -:   34:static int16_t *g_207[3][2] = {{&g_173, &g_173}, {&g_173, &g_173}, {&g_173, &g_173}};
        -:   35:static struct S0 g_223 = {9392, 0, 1415, 26};
        -:   36:static int32_t *g_228 = &g_125;
        -:   37:static int32_t **const volatile g_227[5][5] = {{&g_228, &g_228, &g_228, &g_228, &g_228}, {&g_228, &g_228, &g_228, (void *)0, &g_228}, {&g_228, &g_228, &g_228, &g_228, &g_228}, {&g_228, &g_228, &g_228, (void *)0, &g_228}, {&g_228, &g_228, &g_228, &g_228, &g_228}};
        -:   38:static int32_t g_250 = 7L;
        -:   39:
        -:   40:static uint16_t func_1(void);
        -:   41:static uint64_t func_3(int32_t p_4, uint16_t p_5, int64_t p_6);
        -:   42:
        1:   43:static uint16_t func_1(void) {
        1:   44:  uint32_t l_2[5][2][2] = {{{1UL, 0xFD1E814BL}, {18446744073709551615UL, 0xFD1E814BL}}, {{1UL, 0xFD1E814BL}, {18446744073709551615UL, 0xFD1E814BL}}, {{1UL, 0xFD1E814BL}, {18446744073709551615UL, 0xFD1E814BL}}, {{1UL, 0xFD1E814BL}, {18446744073709551615UL, 0xFD1E814BL}}, {{1UL, 0xFD1E814BL}, {18446744073709551615UL, 0xFD1E814BL}}};
        1:   45:  int8_t *l_10 = &g_11;
        1:   46:  uint16_t l_12 = 0UL;
        1:   47:  uint32_t *l_17 = &g_18;
        1:   48:  int32_t l_21 = 0L;
        1:   49:  int64_t *l_24 = &g_25;
        1:   50:  uint8_t l_242 = 1UL;
        1:   51:  uint64_t l_248 = 18446744073709551615UL;
        1:   52:  uint32_t l_251 = 4294967286UL;
        -:   53:  int i, j, k;
        1:   54:  if ((l_2[0][1][0] && ((-6L) < (func_3(g_7[1][1], g_7[1][0], ((*l_24) = ((safe_add_func_int8_t_s_s(g_7[0][0], ((*l_10) = l_2[3][1][1]))) == (l_12 != (safe_rshift_func_int8_t_s_s(((safe_mul_func_uint64_t_u_u(((l_21 = ((*l_17)++)), (safe_lshift_func_int8_t_s_u((-8L), 0))), g_7[1][1])) != g_7[1][1]), g_7[1][1])))))) <= l_242)))) {
        1:   55:    int16_t l_243 = 0xD3E4L;
        1:   56:    int32_t *l_249 = &g_250;
       1*:   57:    (*g_228) &= ((((*l_249) = (((0x0654149EF3D33EBALL & ((l_243 <= (g_191, 0xFBL)), ((((safe_mul_func_uint16_t_u_u(((void *)0 == &g_228), (safe_mul_func_uint8_t_u_u(0x1BL, (255UL != ((0x46C8L & l_248) >= l_243)))))) < 250UL), l_243) <= g_37))) < l_242) ^ (-4L))), 0xF6A6L) == l_251);
        -:   58:  } else {
    #####:   59:    (*g_228) |= (-1L);
        -:   60:  }
        1:   61:  return l_2[1][0][1];
        -:   62:}
        -:   63:
        1:   64:static uint64_t func_3(int32_t p_4, uint16_t p_5, int64_t p_6) {
        1:   65:  uint32_t *l_30 = &g_18;
        1:   66:  int8_t *l_32 = &g_11;
        1:   67:  int32_t l_33 = (-6L);
        1:   68:  int8_t *l_34 = (void *)0;
        1:   69:  int8_t *l_35 = (void *)0;
        -:   70:  int8_t *l_36[2];
        1:   71:  int8_t **l_39 = &l_36[0];
        1:   72:  int8_t **l_40 = &l_34;
        1:   73:  int32_t l_43 = 0x2E8B5A47L;
        1:   74:  int16_t *l_206 = &g_171;
        1:   75:  int16_t *l_208[4][3][4] = {{{&g_173, &g_173, (void *)0, &g_171}, {(void *)0, &g_171, (void *)0, &g_173}, {&g_173, &g_171, &g_171, &g_171}}, {{&g_173, &g_173, (void *)0, &g_171}, {(void *)0, &g_171, (void *)0, &g_173}, {&g_173, &g_171, &g_171, &g_171}}, {{&g_173, &g_173, (void *)0, &g_171}, {(void *)0, &g_171, (void *)0, &g_173}, {&g_173, &g_171, &g_171, &g_171}}, {{&g_173, &g_173, (void *)0, &g_171}, {(void *)0, &g_171, (void *)0, &g_173}, {&g_173, &g_171, &g_171, &g_171}}};
        1:   76:  int32_t l_211 = 0xB6A13B0CL;
        1:   77:  int32_t *l_226 = &g_191;
        1:   78:  int64_t l_241[5][5][5] = {{{9L, 1L, 1L, 9L, 0x526B4DC75B22A6ECLL}, {1L, 1L, 0xDD86D5CC336A520FLL, 0L, (-6L)}, {0L, 0x526B4DC75B22A6ECLL, 0xAF3C8200FA2573A2LL, (-1L), (-1L)}, {0xDD86D5CC336A520FLL, 1L, (-8L), 0L, 0L}, {1L, 0L, 1L, 9L, 0xB2C5943381A398CDLL}},
        -:   79:                            {{1L, (-7L), 0xCCBBC7C8C5722BD1LL, 1L, 0xCEE4413314324DB4LL}, {0x23C1EDEDEB66DA5DLL, 0x9DA543B9BA44DB36LL, 0x526B4DC75B22A6ECLL, 1L, (-5L)}, {1L, 0L, 0xCCBBC7C8C5722BD1LL, 0xCEE4413314324DB4LL, 0xCCBBC7C8C5722BD1LL}, {0xAF3C8200FA2573A2LL, 0xAF3C8200FA2573A2LL, 1L, 3L, (-1L)}, {(-6L), 1L, (-8L), 0xD778003283455AAALL, 0x521AF03943421533LL}},
        -:   80:                            {{0L, (-1L), 0xAF3C8200FA2573A2LL, 0x17AEBFAB6AB91267LL, 0xB9D125314CBB3D9DLL}, {0x57D90F0F0B5294ABLL, 1L, 0xDD86D5CC336A520FLL, 0xDD86D5CC336A520FLL, 1L}, {(-5L), 0xAF3C8200FA2573A2LL, 1L, 0x23C1EDEDEB66DA5DLL, 0xF00DC9259771E923LL}, {0x77A049A3F908AAE1LL, 0L, 0x9E22B5BEA170B35BLL, 0x57D90F0F0B5294ABLL, 0xD778003283455AAALL}, {3L, 0x9DA543B9BA44DB36LL, 0xB9D125314CBB3D9DLL, (-1L), 9L}},
        -:   81:                            {{0x77A049A3F908AAE1LL, (-7L), (-6L), (-7L), 0x77A049A3F908AAE1LL}, {(-5L), 0L, 9L, 0xB9D125314CBB3D9DLL, 0xAF3C8200FA2573A2LL}, {0x57D90F0F0B5294ABLL, 1L, 0xCEE4413314324DB4LL, 1L, 0x25A2B32743BDEAF1LL}, {0L, 0x526B4DC75B22A6ECLL, 1L, 0L, 0xAF3C8200FA2573A2LL}, {(-6L), 1L, 1L, (-6L), 0x77A049A3F908AAE1LL}},
        -:   82:                            {{0xAF3C8200FA2573A2LL, 1L, 0x23C1EDEDEB66DA5DLL, 0xF00DC9259771E923LL, 9L}, {1L, 0x77A049A3F908AAE1LL, 1L, 0xCCBBC7C8C5722BD1LL, 0xD778003283455AAALL}, {0x23C1EDEDEB66DA5DLL, 1L, 0x9DA543B9BA44DB36LL, 0xF00DC9259771E923LL, 0xF00DC9259771E923LL}, {1L, 1L, 1L, (-6L), 1L}, {1L, 3L, (-1L), 0L, 0xB9D125314CBB3D9DLL}}};
        -:   83:  int i, j, k;
        3:   84:  for (i = 0; i < 2; i++)
        2:   85:    l_36[i] = &g_37;
        1:   86:  if ((0xADL == (((((safe_mul_func_uint16_t_u_u((safe_sub_func_int8_t_s_s((p_4, ((*l_32) &= (((*l_30) = p_4), (g_31, (-7L))))), (l_33 = l_33))), ((~(((*l_40) = ((*l_39) = (void *)0)) != &g_37)) < (safe_mod_func_int16_t_s_s(g_7[1][1], l_43))))), p_4) >= l_43), l_33) == g_7[1][1]))) {
        -:   87:    return p_5;
        -:   88:  } else {
        -:   89:    int64_t l_52[3];
        1:   90:    int32_t l_54 = 1L;
        -:   91:    int i;
        4:   92:    for (i = 0; i < 3; i++)
        3:   93:      l_52[i] = 0xC7E9A03A1B4BC71FLL;
        1:   94:    if (g_25) {
    #####:   95:      int32_t *l_44 = &l_33;
    #####:   96:      int32_t l_53 = (-9L);
    #####:   97:      (*l_44) = 0x2BBA2D3CL;
    #####:   98:      for (g_37 = 20; (g_37 >= 13); g_37--) {
    #####:   99:        int32_t *l_47 = &l_43;
    #####:  100:        int32_t *l_48 = (void *)0;
    #####:  101:        int32_t *l_49 = (void *)0;
    #####:  102:        int32_t *l_50 = &l_33;
        -:  103:        int32_t *l_51[5];
    #####:  104:        int32_t **l_60 = &l_44;
        -:  105:        int i;
    #####:  106:        for (i = 0; i < 5; i++)
    #####:  107:          l_51[i] = (void *)0;
    #####:  108:        ++g_57;
    #####:  109:        (*l_47) = (p_5 & (g_25 = (l_52[0] > (&l_54 != ((*l_60) = &l_53)))));
        -:  110:      }
        -:  111:    } else {
        1:  112:      int64_t l_76 = 1L;
        3:  113:      for (l_33 = 0; (l_33 > (-2)); l_33--) {
        2:  114:        uint16_t *l_72 = &g_73;
        2:  115:        int32_t *l_79 = &l_43;
        2:  116:        (*l_79) = (safe_div_func_uint16_t_u_u((safe_lshift_func_uint32_t_u_s((safe_div_func_uint32_t_u_u(g_11, (safe_mod_func_uint32_t_u_u(((l_54 = ((g_18 &= ((-1L) != ((((*l_72) = (+1UL)) ^ p_5) || 65535UL))) | (g_31, ((safe_mul_func_uint8_t_u_u(255UL, (((l_76 == ((((safe_mod_func_uint16_t_u_u(g_56, l_76)) != 0x9EL) != 4294967295UL) || l_76)), (void *)0) != &p_6))) == p_5)))) <= 0x266DL), g_37)))), 3)), p_4));
        2:  117:        (*l_79) &= ((safe_lshift_func_int16_t_s_u(((+(g_31.f1 < g_31.f0)) & ((p_4 > (g_11 >= (safe_add_func_int64_t_s_s((safe_rshift_func_uint32_t_u_u((safe_mod_func_uint8_t_u_u(0x04L, g_7[1][1])), g_7[1][1])), ((safe_sub_func_int8_t_s_s(p_6, 0L)), p_6))))), 0xF9BFL)), p_6)) != 1L);
        -:  118:      }
        -:  119:    }
       1*:  120:    if (((safe_sub_func_int16_t_s_s(l_33, ((8UL < (18446744073709551615UL < ((((((l_43, 0xF05EL) ^ (safe_mod_func_int16_t_s_s(p_4, 0xA733L))) == (safe_add_func_int32_t_s_s(((((safe_add_func_uint32_t_u_u(0xB48400ECL, g_73)) <= g_11) || g_73) && l_43), p_4))), g_37) & l_52[2]) < (-9L)))) || g_7[1][2]))) && g_57)) {
        1:  121:      uint32_t *l_111 = &g_18;
        1:  122:      int32_t *l_114 = &l_54;
        1:  123:      int32_t *l_115 = &l_54;
        1:  124:      int32_t *l_116 = &l_54;
        1:  125:      int32_t *l_117 = (void *)0;
        1:  126:      int32_t *l_118 = &l_33;
        1:  127:      int32_t l_119 = 0xC896690BL;
        1:  128:      int32_t *l_120 = &l_33;
        1:  129:      int32_t *l_121 = &l_54;
        1:  130:      int32_t *l_122 = &l_54;
        1:  131:      int32_t *l_123 = &l_54;
        1:  132:      int32_t *l_124[4] = {(void *)0, (void *)0, (void *)0, (void *)0};
        -:  133:      int i;
       11:  134:      for (p_5 = 14; (p_5 >= 5); p_5--) {
       10:  135:        uint32_t l_108 = 0xCAF2BF2FL;
        -:  136:        int32_t l_109[1];
       10:  137:        uint32_t **l_110 = &l_30;
        -:  138:        int i;
       20:  139:        for (i = 0; i < 1; i++)
       10:  140:          l_109[i] = (-4L);
       10:  141:        if (g_25)
    #####:  142:          break;
      10*:  143:        (*g_112) ^= (safe_mul_func_uint64_t_u_u((safe_mod_func_uint8_t_u_u((safe_mul_func_uint64_t_u_u(((&p_5 == (void *)0) >= (~p_5)), 9L)), 0x76L)), (((((l_109[0] &= l_108) >= (((((*l_110) = &g_18) != l_111), ((g_7[1][1] ^ g_31.f2), g_31.f1)), p_5)), l_33) || g_37) || 0xFDL)));
        -:  144:      }
        1:  145:      ++g_126;
        -:  146:    } else {
    #####:  147:      return l_43;
        -:  148:    }
        -:  149:  }
        1:  150:  if ((safe_lshift_func_uint8_t_u_u(((+l_43) == 0x104B6A6BL), (safe_mod_func_uint8_t_u_u((l_43 < (((safe_mul_func_int8_t_s_s((safe_add_func_int16_t_s_s(((0x48D7L ^ g_18) & ((((l_33 |= ((safe_rshift_func_uint8_t_u_u((safe_add_func_int8_t_s_s((p_6 || 1L), p_6)), 2)) ^ p_6)) < 0x8ED2L) == 1UL) | 0x99CC8C39L)), 0xEC0CL)), 0UL)), g_31.f0) >= p_4)), l_43))))) {
    #####:  151:    uint8_t l_154 = 0x1FL;
    #####:  152:    int8_t *l_163 = &g_37;
    #####:  153:    int32_t *l_167 = &l_43;
        -:  154:    uint32_t **l_169[4];
    #####:  155:    int32_t l_188[3][1][5] = {{{0x1AEE02A2L, 0xAFFD700EL, 0xAFFD700EL, 7L, 0xAFFD700EL}}, {{0x3656F6DEL, 0x3656F6DEL, 1L, 0x3656F6DEL, 0x3656F6DEL}}, {{0xAFFD700EL, 7L, 0xAFFD700EL, 0xAFFD700EL, 7L}}};
        -:  156:    int i, j, k;
    #####:  157:    for (i = 0; i < 4; i++)
    #####:  158:      l_169[i] = &l_30;
    #####:  159:    for (g_25 = 0; (g_25 > 24); ++g_25) {
    #####:  160:      int32_t *const *l_147 = (void *)0;
    #####:  161:      const int8_t *l_164 = &g_37;
    #####:  162:      int32_t l_189 = 0xA9D03927L;
    #####:  163:      int32_t l_190 = 8L;
    #####:  164:      for (g_18 = 0; (g_18 <= 1); g_18 += 1) {
    #####:  165:        int32_t *l_145 = &g_113;
        -:  166:        int32_t **l_144[3];
    #####:  167:        uint32_t l_149 = 4294967295UL;
        -:  168:        int i, j;
    #####:  169:        for (i = 0; i < 3; i++)
    #####:  170:          l_144[i] = &l_145;
    #####:  171:        g_112 = (void *)0;
    #####:  172:        g_125 &= (~(g_7[g_18][(g_18 + 2)] || ((((p_4, (g_31.f2 == ((void *)0 != l_147))), (~(((p_5 && (g_56, (g_113 == p_5))) <= 0xBD412E5A93891D30LL), g_31.f1))), g_31), l_149)));
        -:  173:      }
    #####:  174:      if ((((safe_mul_func_int32_t_s_s((safe_add_func_uint32_t_u_u(l_154, (((safe_add_func_uint16_t_u_u((0x2BC82BF1337B5B8CLL > (safe_mul_func_uint32_t_u_u(g_11, (safe_sub_func_uint8_t_u_u(((safe_lshift_func_uint16_t_u_u(6UL, 4)) | ((((l_163 = (*l_39)) == l_164) ^ (-4L)) && (safe_div_func_uint16_t_u_u(l_154, p_6)))), p_6))))), g_57)) & l_154), l_43))), 4294967289UL)), p_6) || p_4)) {
    #####:  175:        uint32_t **l_168 = &l_30;
    #####:  176:        int16_t *l_170 = &g_171;
    #####:  177:        int16_t *l_172 = &g_173;
    #####:  178:        l_167 = &g_113;
    #####:  179:        (*l_167) = (((((*l_172) = ((*l_170) = (l_168 != (l_169[2] = l_169[2])))) >= p_4) != 0xB17D805DL) == (safe_rshift_func_uint8_t_u_u((safe_sub_func_uint32_t_u_u(l_43, 0x579967C0L)), 3)));
        -:  180:      } else {
    #####:  181:        int32_t *l_178 = &l_33;
    #####:  182:        int32_t *l_179 = &l_43;
    #####:  183:        int32_t l_180 = 1L;
    #####:  184:        int32_t *l_181 = &g_113;
    #####:  185:        int32_t *l_182 = &l_43;
    #####:  186:        int32_t *l_183 = &g_125;
    #####:  187:        int32_t *l_184 = &g_113;
    #####:  188:        int32_t *l_185 = (void *)0;
    #####:  189:        int32_t *l_186 = (void *)0;
    #####:  190:        int32_t *l_187[5][4] = {{&l_33, &l_33, &l_33, &l_33}, {&l_33, &l_33, &l_33, &l_33}, {&l_33, &l_33, (void *)0, &l_33}, {&l_33, &l_33, &l_33, &l_33}, {&l_33, &l_33, &l_33, &l_33}};
        -:  191:        int i, j;
    #####:  192:        ++g_192;
        -:  193:      }
        -:  194:    }
        -:  195:  } else {
        1:  196:    uint32_t l_197 = 4294967292UL;
        1:  197:    uint64_t l_234 = 0xFBCBA7642D4FD8FALL;
        1:  198:    int32_t l_240 = 1L;
        3:  199:    for (g_113 = 0; (g_113 <= 1); g_113 += 1) {
        2:  200:      int16_t **l_209 = &l_208[1][2][3];
        2:  201:      uint16_t *l_210 = &g_192;
        2:  202:      uint32_t *l_214 = &g_7[1][2];
        2:  203:      int32_t *l_215 = &l_43;
        2:  204:      int32_t l_221 = (-1L);
       2*:  205:      (*l_215) &= (safe_mod_func_uint32_t_u_u(((l_197 == (safe_mul_func_uint64_t_u_u((((*l_214) ^= (((safe_rshift_func_int8_t_s_s((safe_add_func_int16_t_s_s((((safe_add_func_uint32_t_u_u(((g_73 |= ((*l_210) |= ((g_207[0][1] = l_206) == ((*l_209) = l_208[2][2][2])))) & 65535UL), (l_211 == p_6))), 4294967290UL), ((safe_lshift_func_int64_t_s_u((((*l_30) = g_125), g_73), g_55)) == p_5)), g_191)), 0)) >= g_31.f3) && g_55)), 0x74ECC6D06614CE2BLL), 0x4F7B99C00F1287B4LL))) & 0xBD48L), l_197));
       2*:  206:      if ((l_221 = ((*l_215) = (0x00L == ((*l_215) & (safe_sub_func_uint16_t_u_u((p_5 >= (safe_unary_minus_func_uint64_t_u(((p_4 <= (g_173 != (((void *)0 == &l_33) || (safe_sub_func_uint8_t_u_u(((g_31, (l_33 = (l_211 >= 0x9946L))) & (*l_215)), 0L))))) | 252UL)))), l_211))))))) {
        2:  207:        int32_t **l_222 = &l_215;
        2:  208:        int32_t *l_225 = &g_113;
        2:  209:        int32_t **l_224 = &l_225;
        2:  210:        (*l_222) = &l_43;
        2:  211:        l_226 = ((*l_224) = ((*l_222) = (g_223, (void *)0)));
        -:  212:      } else {
    #####:  213:        return g_191;
        -:  214:      }
        6:  215:      for (l_221 = 1; (l_221 >= 0); l_221 -= 1) {
        4:  216:        int32_t **l_229 = &l_215;
        4:  217:        (*l_229) = &l_221;
        -:  218:      }
        -:  219:    }
       1*:  220:    for (p_6 = 0; (p_6 >= 25); p_6 = safe_add_func_uint64_t_u_u(p_6, 6)) {
    #####:  221:      int16_t l_237 = 0x21FDL;
    #####:  222:      for (l_197 = 1; (l_197 <= 5); l_197 = safe_add_func_int16_t_s_s(l_197, 8)) {
    #####:  223:        if (p_6)
    #####:  224:          break;
        -:  225:      }
    #####:  226:      if (l_234) {
    #####:  227:        l_33 |= ((*g_228) && ((&g_11 == ((*l_39) = (void *)0)) < (safe_mul_func_int16_t_s_s(p_5, l_237))));
        -:  228:      } else {
    #####:  229:        if (p_6)
    #####:  230:          break;
    #####:  231:        l_241[2][3][1] = (l_240 = (safe_rshift_func_int32_t_s_u(0xCC3962B6L, 0)));
        -:  232:      }
        -:  233:    }
        -:  234:  }
        1:  235:  return p_4;
        -:  236:}
        -:  237:
        1:  238:int main(int argc, char *argv[]) {
        -:  239:  int i, j;
        1:  240:  int print_hash_value = 0;
       1*:  241:  if (argc == 2 && strcmp(argv[1], "1") == 0)
    #####:  242:    print_hash_value = 1;
        1:  243:  platform_main_begin();
        1:  244:  crc32_gentab();
        1:  245:  func_1();
        3:  246:  for (i = 0; i < 2; i++) {
       10:  247:    for (j = 0; j < 4; j++) {
        8:  248:      transparent_crc(g_7[i][j], "g_7[i][j]", print_hash_value);
        8:  249:      if (print_hash_value)
    #####:  250:        printf("index = [%d][%d]\n", i, j);
        -:  251:    }
        -:  252:  }
        1:  253:  transparent_crc(g_11, "g_11", print_hash_value);
        1:  254:  transparent_crc(g_18, "g_18", print_hash_value);
        1:  255:  transparent_crc(g_25, "g_25", print_hash_value);
        1:  256:  transparent_crc(g_31.f0, "g_31.f0", print_hash_value);
        1:  257:  transparent_crc(g_31.f1, "g_31.f1", print_hash_value);
        1:  258:  transparent_crc(g_31.f2, "g_31.f2", print_hash_value);
        1:  259:  transparent_crc(g_31.f3, "g_31.f3", print_hash_value);
        1:  260:  transparent_crc(g_37, "g_37", print_hash_value);
        1:  261:  transparent_crc(g_55, "g_55", print_hash_value);
        1:  262:  transparent_crc(g_56, "g_56", print_hash_value);
        1:  263:  transparent_crc(g_57, "g_57", print_hash_value);
        1:  264:  transparent_crc(g_73, "g_73", print_hash_value);
        1:  265:  transparent_crc(g_113, "g_113", print_hash_value);
        1:  266:  transparent_crc(g_125, "g_125", print_hash_value);
        1:  267:  transparent_crc(g_126, "g_126", print_hash_value);
        1:  268:  transparent_crc(g_171, "g_171", print_hash_value);
        1:  269:  transparent_crc(g_173, "g_173", print_hash_value);
        1:  270:  transparent_crc(g_191, "g_191", print_hash_value);
        1:  271:  transparent_crc(g_192, "g_192", print_hash_value);
        1:  272:  transparent_crc(g_223.f0, "g_223.f0", print_hash_value);
        1:  273:  transparent_crc(g_223.f1, "g_223.f1", print_hash_value);
        1:  274:  transparent_crc(g_223.f2, "g_223.f2", print_hash_value);
        1:  275:  transparent_crc(g_223.f3, "g_223.f3", print_hash_value);
        1:  276:  transparent_crc(g_250, "g_250", print_hash_value);
        1:  277:  platform_main_end(crc32_context ^ 0xFFFFFFFFUL, print_hash_value);
        1:  278:  return 0;
        -:  279:}
