        -:    0:Source:4044.c
        -:    0:Graph:4044.gcno
        -:    0:Data:4044.gcda
        -:    0:Runs:1
        -:    1:/* PR rtl-optimization/93908 */
        -:    2:
        -:    3:struct T {
        -:    4:  int b;
        -:    5:  int c;
        -:    6:  unsigned short d;
        -:    7:  unsigned e : 1, f : 1, g : 1, h : 2, i : 1, j : 1;
        -:    8:  signed int k : 2;
        -:    9:};
        -:   10:
        -:   11:struct S {
        -:   12:  struct T s;
        -:   13:  char c[64];
        -:   14:} buf[2];
        -:   15:
        2:   16:__attribute__((noipa)) void *baz(void) {
        -:   17:  static int cnt;
        2:   18:  return (void *)&buf[cnt++];
        -:   19:}
        -:   20:
        -:   21:static inline __attribute__((always_inline)) struct T *bar(const char *a) {
        -:   22:  struct T *s;
        2:   23:  s = baz();
        2:   24:  s->b = 1;
        2:   25:  s->k = -1;
        2:   26:  return s;
        -:   27:}
        -:   28:
        1:   29:__attribute__((noipa)) void foo(const char *x, struct T **y) {
        1:   30:  struct T *l = bar(x);
        1:   31:  struct T *m = bar(x);
        1:   32:  y[0] = l;
        1:   33:  y[1] = m;
        1:   34:}
        -:   35:
        1:   36:int main() {
        -:   37:  struct T *r[2];
        1:   38:  foo("foo", r);
        1:   39:  if (r[0]->e || r[0]->f || r[0]->g || r[0]->h || r[0]->i || r[0]->j ||
        1:   40:      r[0]->k != -1)
    #####:   41:    __builtin_abort();
        1:   42:  if (r[1]->e || r[1]->f || r[1]->g || r[1]->h || r[1]->i || r[1]->j ||
        1:   43:      r[1]->k != -1)
    #####:   44:    __builtin_abort();
        1:   45:  return 0;
        -:   46:}
