        -:    0:Source:2384.c
        -:    0:Graph:2384.gcno
        -:    0:Data:2384.gcda
        -:    0:Runs:1
        -:    1:#include <limits.h>
        -:    2:
        -:    3:int n = 0;
        -:    4:
        4:    5:g(i) { n++; }
        -:    6:
        1:    7:f(m) {
        -:    8:  int i;
        1:    9:  i = m;
        -:   10:  do {
        4:   11:    g(i * 4);
        4:   12:    i -= INT_MAX / 8;
        4:   13:  } while (i > 0);
        1:   14:}
        -:   15:
        1:   16:main() {
        1:   17:  f(INT_MAX / 8 * 4);
        1:   18:  if (n != 4)
    #####:   19:    abort();
        1:   20:  exit(0);
        -:   21:}
