        -:    0:Source:2613.c
        -:    0:Graph:2613.gcno
        -:    0:Data:2613.gcda
        -:    0:Runs:1
        -:    1:/* { dg-do run } */
        -:    2:/* { dg-options "-O2" } */
        -:    3:
        -:    4:extern int memcmp(const void *, const void *, __SIZE_TYPE__);
        -:    5:
        1:    6:void *x(void *pdst, const void *psrc, unsigned int pn) {
        1:    7:  register void *return_dst = pdst;
        1:    8:  register unsigned char *dst = pdst;
        1:    9:  register unsigned const char *src = psrc;
        1:   10:  register int n __asm__("ebx") = pn;
        -:   11:
        1:   12:  if (src < dst && dst < src + n) {
        1:   13:    src += n;
        1:   14:    dst += n;
        3:   15:    while (n--)
        2:   16:      *--dst = *--src;
        1:   17:    return return_dst;
        -:   18:  }
        -:   19:
    #####:   20:  while (n >= 16)
    #####:   21:    n--;
        -:   22:
    #####:   23:  return return_dst;
        -:   24:}
        -:   25:extern void abort();
        -:   26:extern void exit(int);
        -:   27:char xx[30] = "abc";
        1:   28:int main(void) {
        1:   29:  char yy[30] = "aab";
        -:   30:
        1:   31:  if (x(xx + 1, xx, 2) != xx + 1 || memcmp(xx, yy, sizeof(yy)) != 0)
    #####:   32:    abort();
        1:   33:  exit(0);
        -:   34:}
