        -:    0:Source:228.c
        -:    0:Graph:228.gcno
        -:    0:Data:228.gcda
        -:    0:Runs:1
        -:    1:/* Verify that rtl expansion cleanup doesn't get too aggressive about
        -:    2:   code dealing with complex CONCATs.  */
        -:    3:/* { dg-do run } */
        -:    4:/* { dg-options "-O -fno-tree-sra" } */
        -:    5:
        -:    6:extern void abort(void);
        -:    7:extern void exit(int);
        -:    8:
        1:    9:__complex__ float foo(void) {
        -:   10:  __complex__ float f[1];
        1:   11:  __real__ f[0] = 1;
        1:   12:  __imag__ f[0] = 1;
        1:   13:  f[0] = __builtin_conjf(f[0]);
        1:   14:  return f[0];
        -:   15:}
        -:   16:
        1:   17:int main(void) {
        -:   18:  __complex__ double d[1];
        1:   19:  d[0] = foo();
        1:   20:  if (__real__ d[0] != 1 || __imag__ d[0] != -1)
    #####:   21:    abort();
        1:   22:  exit(0);
        -:   23:}
