        -:    0:Source:4138.c
        -:    0:Graph:4138.gcno
        -:    0:Data:4138.gcda
        -:    0:Runs:1
        -:    1:extern void abort(void);
        -:    2:extern void exit(int);
        -:    3:
        -:    4:union iso_directory_record {
        -:    5:  char carr[4];
        -:    6:  struct {
        -:    7:    unsigned char name_len[1];
        -:    8:    char name[0];
        -:    9:  } u;
        -:   10:} entry;
        -:   11:
        -:   12:void set(union iso_directory_record *);
        -:   13:
        1:   14:int main(void) {
        -:   15:  union iso_directory_record *de;
        -:   16:
        1:   17:  de = &entry;
        1:   18:  set(de);
        -:   19:
        1:   20:  if (de->u.name_len[0] == 1 && de->u.name[0] == 0)
        1:   21:    exit(0);
        -:   22:  else
    #####:   23:    abort();
        -:   24:}
        -:   25:
        1:   26:void set(union iso_directory_record *p) {
        1:   27:  p->carr[0] = 1;
        1:   28:  p->carr[1] = 0;
        1:   29:  return;
        -:   30:}
