        -:    0:Source:3496.c
        -:    0:Graph:3496.gcno
        -:    0:Data:3496.gcda
        -:    0:Runs:1
        -:    1:char temp[] = "192.168.190.160";
        -:    2:unsigned result = (((((192u << 8) | 168u) << 8) | 190u) << 8) | 160u;
        -:    3:
        -:    4:int strtoul1(const char *a, char **b, int c) __attribute__((noinline, noclone));
        4:    5:int strtoul1(const char *a, char **b, int c) {
        4:    6:  *b = a + 3;
        4:    7:  if (a == temp)
        1:    8:    return 192;
        3:    9:  else if (a == temp + 4)
        1:   10:    return 168;
        2:   11:  else if (a == temp + 8)
        1:   12:    return 190;
        1:   13:  else if (a == temp + 12)
        1:   14:    return 160;
    #####:   15:  __builtin_abort();
        -:   16:}
        -:   17:
        -:   18:int string_to_ip(const char *s) __attribute__((noinline, noclone));
        1:   19:int string_to_ip(const char *s) {
        -:   20:  int addr;
        -:   21:  char *e;
        -:   22:  int i;
        -:   23:
        1:   24:  if (s == 0)
    #####:   25:    return (0);
        -:   26:
        5:   27:  for (addr = 0, i = 0; i < 4; ++i) {
       4*:   28:    int val = s ? strtoul1(s, &e, 10) : 0;
        4:   29:    addr <<= 8;
        4:   30:    addr |= (val & 0xFF);
        4:   31:    if (s) {
        4:   32:      s = (*e) ? e + 1 : e;
        -:   33:    }
        -:   34:  }
        -:   35:
        1:   36:  return addr;
        -:   37:}
        -:   38:
        1:   39:int main(void) {
        1:   40:  int t = string_to_ip(temp);
        1:   41:  printf("%x\n", t);
        1:   42:  printf("%x\n", result);
        1:   43:  if (t != result)
    #####:   44:    __builtin_abort();
        1:   45:  printf("WORKS.\n");
        1:   46:  return 0;
        -:   47:}
