        -:    0:Source:2076.c
        -:    0:Graph:2076.gcno
        -:    0:Data:2076.gcda
        -:    0:Runs:1
        -:    1:/* { dg-do run } */
        -:    2:/* { dg-require-effective-target int32plus } */
        -:    3:/* { dg-options "-O -fdump-tree-fre1 -fdump-tree-dse1" } */
        -:    4:
        -:    5:extern void abort(void);
        -:    6:
        -:    7:union U {
        -:    8:  int i;
        -:    9:  char c[4];
        -:   10:  short s[2];
        -:   11:};
        -:   12:
        1:   13:char __attribute__((noinline, noclone)) foo(int i) {
        -:   14:  union U u;
        1:   15:  u.i = i;
        -:   16:  /* This should be equivalent to (char) i.  */
        -:   17:#if __BYTE_ORDER__ == __ORDER_LITTLE_ENDIAN__
        1:   18:  return u.c[0];
        -:   19:#elif __BYTE_ORDER__ == __ORDER_BIG_ENDIAN__
        -:   20:  return u.c[3];
        -:   21:#else
        -:   22:  return 0x04;
        -:   23:#endif
        -:   24:}
        -:   25:
        1:   26:short __attribute__((noinline, noclone)) baz(int i) {
        -:   27:  union U u;
        1:   28:  u.i = i;
        -:   29:  /* This should be equivalent to (char) i.  */
        -:   30:#if __BYTE_ORDER__ == __ORDER_LITTLE_ENDIAN__
        1:   31:  return u.s[0];
        -:   32:#elif __BYTE_ORDER__ == __ORDER_BIG_ENDIAN__
        -:   33:  return u.s[1];
        -:   34:#else
        -:   35:  return 0x0304;
        -:   36:#endif
        -:   37:}
        -:   38:
    #####:   39:char __attribute__((noinline, noclone)) bar(int j) {
        -:   40:  union U u;
    #####:   41:  u.i = j;
        -:   42:  /* This gets simplified to a BIT_FIELD_REF.  */
    #####:   43:  return u.c[2];
        -:   44:}
        -:   45:
        1:   46:int main() {
        1:   47:  if (foo(0x01020304) != 0x04)
    #####:   48:    abort();
        1:   49:  if (baz(0x01020304) != 0x0304)
    #####:   50:    abort();
        1:   51:  return 0;
        -:   52:}
        -:   53:
        -:   54:/* { dg-final { scan-tree-dump "\\(char\\) i_" "fre1" } } */
        -:   55:/* { dg-final { scan-tree-dump "\\(short int\\) i_" "fre1" } } */
        -:   56:/* { dg-final { scan-tree-dump-not "u.i =" "dse1" } } */
