        -:    0:Source:3590.c
        -:    0:Graph:3590.gcno
        -:    0:Data:3590.gcda
        -:    0:Runs:1
        -:    1:int x;
        -:    2:
        1:    3:void __attribute__((noinline)) foo(void) { x = -x; }
    #####:    4:void __attribute__((const, noinline)) bar(void) {}
        -:    5:
        1:    6:int __attribute__((noinline)) test(int c) {
        1:    7:  int tmp = x;
       1*:    8:  (c ? foo : bar)();
        1:    9:  return tmp + x;
        -:   10:}
        -:   11:
        -:   12:extern void abort(void);
        1:   13:int main() {
        1:   14:  x = 1;
        1:   15:  if (test(1) != 0)
    #####:   16:    abort();
        1:   17:  return 0;
        -:   18:}
