        -:    0:Source:3622.c
        -:    0:Graph:3622.gcno
        -:    0:Data:3622.gcda
        -:    0:Runs:1
        -:    1:/* { dg-options "-Wno-psabi" } */
        -:    2:/* { dg-require-effective-target int32plus } */
        -:    3:void abort(void);
        -:    4:
        -:    5:struct S2848 {
        -:    6:  unsigned int a;
        -:    7:  _Complex int b;
        -:    8:  struct {
        -:    9:  } __attribute__((aligned)) c;
        -:   10:};
        -:   11:
        -:   12:struct S2848 s2848;
        -:   13:
        -:   14:int fails;
        -:   15:
        1:   16:void __attribute__((noinline)) check2848va(int z, ...) {
        -:   17:  struct S2848 arg;
        -:   18:  __builtin_va_list ap;
        -:   19:
        1:   20:  __builtin_va_start(ap, z);
        -:   21:
        1:   22:  arg = __builtin_va_arg(ap, struct S2848);
        -:   23:
        1:   24:  if (s2848.a != arg.a)
    #####:   25:    ++fails;
        1:   26:  if (s2848.b != arg.b)
    #####:   27:    ++fails;
        -:   28:
        1:   29:  __builtin_va_end(ap);
        1:   30:}
        -:   31:
        1:   32:int main(void) {
        1:   33:  s2848.a = 4027477739U;
        1:   34:  s2848.b = (723419448 + -218144346 * __extension__ 1i);
        -:   35:
        1:   36:  check2848va(1, s2848);
        -:   37:
        1:   38:  if (fails)
    #####:   39:    abort();
        -:   40:
        1:   41:  return 0;
        -:   42:}
