        -:    0:Source:12.c
        -:    0:Graph:12.gcno
        -:    0:Data:12.gcda
        -:    0:Runs:1
        -:    1:// Options:   --concise --max-struct-fields 5 --max-funcs 2 --max-array-len-per-dim 5 --max-block-depth 3 --max-block-size 2
        -:    2:#include "csmith.h"
        -:    3:
        -:    4:static long __undefined;
        -:    5:
        -:    6:static int16_t g_2 = 0x7894L;
        -:    7:static int16_t g_11 = 0x592CL;
        -:    8:static int32_t g_30 = 0L;
        -:    9:static uint32_t g_52 = 0xBC19AC4EL;
        -:   10:static int32_t g_55 = 0xF4FCF427L;
        -:   11:static int8_t g_61 = 7L;
        -:   12:static int16_t g_66[3][3] = {{0x0F14L, 0x0F14L, 0x0F14L}, {0x0F14L, 0x0F14L, 0x0F14L}, {0x0F14L, 0x0F14L, 0x0F14L}};
        -:   13:static uint16_t g_74 = 0UL;
        -:   14:static uint8_t g_76 = 7UL;
        -:   15:static int32_t g_81 = 4L;
        -:   16:
        -:   17:static uint32_t func_1(void);
        -:   18:static int16_t func_5(int64_t p_6, int64_t p_7);
        -:   19:
        1:   20:static uint32_t func_1(void) {
        1:   21:  int32_t l_3 = 0xD4914D2EL;
        1:   22:  int32_t l_9[2][2] = {{0x0BB8BFFBL, 0x0BB8BFFBL}, {0x0BB8BFFBL, 0x0BB8BFFBL}};
        1:   23:  int16_t *l_10 = &g_11;
        1:   24:  int32_t l_15 = 0xDCA1A1F0L;
        -:   25:  uint8_t *l_75[1];
        1:   26:  uint16_t l_77 = 0x9D13L;
        1:   27:  int8_t *l_78 = &g_61;
        1:   28:  int32_t *l_79 = (void *)0;
        1:   29:  int32_t *l_80[4] = {&g_81, &g_81, &g_81, &g_81};
        -:   30:  int i, j;
        2:   31:  for (i = 0; i < 1; i++)
        1:   32:    l_75[i] = &g_76;
        1:   33:  g_81 &= (g_2, ((l_3 || (l_3, l_3)), ((((*l_78) = (g_2 == (l_77 = ((safe_unary_minus_func_uint32_t_u(4294967292UL)) | func_5((+(l_9[0][1] == (((*l_10) = g_2) == (safe_lshift_func_uint16_t_u_u(((l_15 = ((+(g_2 <= (-4L))), g_2)) > g_2), 8))))), g_2))))) != g_76) < 0xD26FL)));
        1:   34:  return g_61;
        -:   35:}
        -:   36:
        1:   37:static int16_t func_5(int64_t p_6, int64_t p_7) {
        1:   38:  uint64_t l_26[1][5][3] = {{{18446744073709551607UL, 0x16DE6EAB3AE5D5ECLL, 18446744073709551607UL}, {18446744073709551613UL, 18446744073709551613UL, 18446744073709551613UL}, {18446744073709551607UL, 0x16DE6EAB3AE5D5ECLL, 18446744073709551607UL}, {18446744073709551613UL, 18446744073709551613UL, 18446744073709551613UL}, {18446744073709551607UL, 0x16DE6EAB3AE5D5ECLL, 18446744073709551607UL}}};
        1:   39:  int32_t *l_29 = &g_30;
        1:   40:  int16_t *l_50 = &g_11;
        1:   41:  uint32_t *l_51 = &g_52;
        -:   42:  int64_t l_53[2][5];
        1:   43:  int32_t *l_54 = &g_55;
        1:   44:  int8_t *l_60 = &g_61;
        1:   45:  int32_t l_64 = 0xE206C165L;
        1:   46:  int16_t *l_65 = &g_66[0][1];
        1:   47:  int16_t *l_67[3][4] = {{(void *)0, (void *)0, (void *)0, (void *)0}, {(void *)0, (void *)0, (void *)0, (void *)0}, {(void *)0, (void *)0, (void *)0, (void *)0}};
        1:   48:  uint16_t *l_73 = &g_74;
        -:   49:  int i, j, k;
        3:   50:  for (i = 0; i < 2; i++) {
       12:   51:    for (j = 0; j < 5; j++)
       10:   52:      l_53[i][j] = 0x7E8F88485BDF607DLL;
        -:   53:  }
       1*:   54:  (*l_54) = ((~(((safe_mul_func_int64_t_s_s(p_7, ((safe_mul_func_int8_t_s_s((g_2, (safe_add_func_int16_t_s_s((~(safe_lshift_func_uint64_t_u_u(l_26[0][2][1], 44))), (safe_mul_func_int32_t_s_s((((*l_29) |= g_2) ^ (((safe_sub_func_int16_t_s_s(p_6, (((((safe_mod_func_int16_t_s_s((safe_mod_func_int8_t_s_s(p_7, (safe_add_func_int16_t_s_s((safe_mod_func_uint32_t_u_u((safe_lshift_func_uint8_t_u_s((p_6 ^ (!(safe_sub_func_int32_t_s_s((safe_rshift_func_int32_t_s_u(p_6, ((*l_51) ^= (safe_lshift_func_int16_t_s_s(((*l_50) = (g_11 <= l_26[0][0][2])), 1))))), g_2)))), 4)), g_2)), 3UL)))), p_6)) || p_6) || l_26[0][0][2]) >= l_53[1][4]) ^ p_7))) < 0x9A92L) < g_2)), 0xD232038BL))))), 0x84L)) == 1L))), g_11) < g_2)) >= 0UL);
       1*:   55:  (*l_54) = ((p_7, (((*l_54) != ((((*l_29) = ((*l_65) = ((*l_50) = ((safe_sub_func_uint32_t_u_u(p_6, 0xD85AA7F7L)) >= (safe_mul_func_int8_t_s_s(((*l_60) = g_11), (safe_mod_func_int64_t_s_s(0L, l_64)))))))) && (safe_mul_func_uint16_t_u_u(((*l_73) &= (((~((*l_51) = g_61)) || (safe_mul_func_uint8_t_u_u((((*l_29) > p_6) & (*l_29)), 3L))) && g_66[2][2])), p_7))) <= (*l_54))), (*l_54))) != 0UL);
        1:   56:  return p_7;
        -:   57:}
        -:   58:
        1:   59:int main(int argc, char *argv[]) {
        -:   60:  int i, j;
        1:   61:  int print_hash_value = 0;
       1*:   62:  if (argc == 2 && strcmp(argv[1], "1") == 0)
    #####:   63:    print_hash_value = 1;
        1:   64:  platform_main_begin();
        1:   65:  crc32_gentab();
        1:   66:  func_1();
        1:   67:  transparent_crc(g_2, "g_2", print_hash_value);
        1:   68:  transparent_crc(g_11, "g_11", print_hash_value);
        1:   69:  transparent_crc(g_30, "g_30", print_hash_value);
        1:   70:  transparent_crc(g_52, "g_52", print_hash_value);
        1:   71:  transparent_crc(g_55, "g_55", print_hash_value);
        1:   72:  transparent_crc(g_61, "g_61", print_hash_value);
        4:   73:  for (i = 0; i < 3; i++) {
       12:   74:    for (j = 0; j < 3; j++) {
        9:   75:      transparent_crc(g_66[i][j], "g_66[i][j]", print_hash_value);
        9:   76:      if (print_hash_value)
    #####:   77:        printf("index = [%d][%d]\n", i, j);
        -:   78:    }
        -:   79:  }
        1:   80:  transparent_crc(g_74, "g_74", print_hash_value);
        1:   81:  transparent_crc(g_76, "g_76", print_hash_value);
        1:   82:  transparent_crc(g_81, "g_81", print_hash_value);
        1:   83:  platform_main_end(crc32_context ^ 0xFFFFFFFFUL, print_hash_value);
        1:   84:  return 0;
        -:   85:}
