        -:    0:Source:2759.c
        -:    0:Graph:2759.gcno
        -:    0:Data:2759.gcda
        -:    0:Runs:1
        -:    1:/* Check that indirect sibcalls understand regparm.  */
        -:    2:/* { dg-do run { target ia32 } } */
        -:    3:/* { dg-options "-O2" } */
        -:    4:
        -:    5:extern void abort(void);
        -:    6:
        -:    7:int (*f)(int, int) __attribute__((regparm(2)));
        -:    8:int (*g)(int, int, int) __attribute__((regparm(3)));
        -:    9:
        1:   10:int __attribute__((noinline)) foo(void) { return f(1, 2); }
        -:   11:
        1:   12:int __attribute__((noinline)) bar(void) { return g(1, 2, 3); }
        -:   13:
        1:   14:int __attribute__((regparm(2))) f1(int x, int y) { return x * 3 + y; }
        -:   15:
        1:   16:int __attribute__((regparm(3))) g1(int x, int y, int z) {
        1:   17:  return x * 9 + y * 3 + z;
        -:   18:}
        -:   19:
        1:   20:int main() {
        1:   21:  f = f1;
        1:   22:  g = g1;
        1:   23:  if (foo() != 1 * 3 + 2)
    #####:   24:    abort();
        1:   25:  if (bar() != 1 * 9 + 2 * 3 + 3)
    #####:   26:    abort();
        1:   27:  return 0;
        -:   28:}
