        -:    0:Source:23.c
        -:    0:Graph:23.gcno
        -:    0:Data:23.gcda
        -:    0:Runs:1
        -:    1:// Options:   --concise --max-struct-fields 5 --max-funcs 2 --max-array-len-per-dim 5 --max-block-depth 3 --max-block-size 2
        -:    2:#include "csmith.h"
        -:    3:
        -:    4:static long __undefined;
        -:    5:
        -:    6:static int16_t g_2[3][2] = {{(-1L), (-1L)}, {(-1L), (-1L)}, {(-1L), (-1L)}};
        -:    7:static uint16_t g_6 = 0UL;
        -:    8:
        -:    9:static uint32_t func_1(void);
        -:   10:
        1:   11:static uint32_t func_1(void) {
        1:   12:  uint16_t l_3 = 0xB221L;
        1:   13:  ++l_3;
        1:   14:  return g_6;
        -:   15:}
        -:   16:
        1:   17:int main(int argc, char *argv[]) {
        -:   18:  int i, j;
        1:   19:  int print_hash_value = 0;
       1*:   20:  if (argc == 2 && strcmp(argv[1], "1") == 0)
    #####:   21:    print_hash_value = 1;
        1:   22:  platform_main_begin();
        1:   23:  crc32_gentab();
        1:   24:  func_1();
        4:   25:  for (i = 0; i < 3; i++) {
        9:   26:    for (j = 0; j < 2; j++) {
        6:   27:      transparent_crc(g_2[i][j], "g_2[i][j]", print_hash_value);
        6:   28:      if (print_hash_value)
    #####:   29:        printf("index = [%d][%d]\n", i, j);
        -:   30:    }
        -:   31:  }
        1:   32:  transparent_crc(g_6, "g_6", print_hash_value);
        1:   33:  platform_main_end(crc32_context ^ 0xFFFFFFFFUL, print_hash_value);
        1:   34:  return 0;
        -:   35:}
