        -:    0:Source:3743.c
        -:    0:Graph:3743.gcno
        -:    0:Data:3743.gcda
        -:    0:Runs:1
        -:    1:/* PR middle-end/50865 */
        -:    2:
        -:    3:#define INT64_MIN (-__LONG_LONG_MAX__ - 1)
        -:    4:
        1:    5:int main() {
        1:    6:  volatile long long l1 = 1;
        1:    7:  volatile long long l2 = -1;
        1:    8:  volatile long long l3 = -1;
        -:    9:
        -:   10:  if ((INT64_MIN % 1LL) != 0)
        -:   11:    __builtin_abort();
        1:   12:  if ((INT64_MIN % l1) != 0)
    #####:   13:    __builtin_abort();
        1:   14:  if (l2 == -1) {
        -:   15:    if ((INT64_MIN % 1LL) != 0)
        -:   16:      __builtin_abort();
    #####:   17:  } else if ((INT64_MIN % -l2) != 0)
    #####:   18:    __builtin_abort();
        1:   19:  if ((INT64_MIN % -l3) != 0)
    #####:   20:    __builtin_abort();
        -:   21:
        1:   22:  return 0;
        -:   23:}
