        -:    0:Source:3490.c
        -:    0:Graph:3490.gcno
        -:    0:Data:3490.gcda
        -:    0:Runs:1
        -:    1:typedef struct sreal {
        -:    2:  unsigned sig; /* Significant.  */
        -:    3:  int exp;      /* Exponent.  */
        -:    4:} sreal;
        -:    5:
       12:    6:sreal_compare(sreal *a, sreal *b) {
       12:    7:  if (a->exp > b->exp)
        4:    8:    return 1;
        8:    9:  if (a->exp < b->exp)
        2:   10:    return -1;
        6:   11:  if (a->sig > b->sig)
        2:   12:    return 1;
        4:   13:  if (a->sig < b->sig)
        1:   14:    return -1;
        3:   15:  return 0;
        -:   16:}
        -:   17:
        -:   18:sreal a[] = {{0, 0}, {1, 0}, {0, 1}, {1, 1}};
        -:   19:
        1:   20:int main() {
        -:   21:  int i, j;
        5:   22:  for (i = 0; i <= 3; i++) {
       16:   23:    for (j = 0; j < 3; j++) {
       12:   24:      if (i < j && sreal_compare(&a[i], &a[j]) != -1)
    #####:   25:        abort();
       12:   26:      if (i == j && sreal_compare(&a[i], &a[j]) != 0)
    #####:   27:        abort();
       12:   28:      if (i > j && sreal_compare(&a[i], &a[j]) != 1)
    #####:   29:        abort();
        -:   30:    }
        -:   31:  }
        1:   32:  return 0;
        -:   33:}
