        -:    0:Source:3798.c
        -:    0:Graph:3798.gcno
        -:    0:Data:3798.gcda
        -:    0:Runs:1
        -:    1:/* PR rtl-optimization/57877 */
        -:    2:
        -:    3:extern void abort(void);
        -:    4:int a, b, *c = &b, e, f = 6, g, h;
        -:    5:short d;
        -:    6:
        1:    7:static unsigned char foo(unsigned long long p1, int *p2) {
        2:    8:  for (; g <= 0; g++) {
        1:    9:    short *i = &d;
        1:   10:    int *j = &e;
        1:   11:    h = *c;
        1:   12:    *i = h;
        1:   13:    *j = (*i == *p2) < p1;
        -:   14:  }
        1:   15:  return 0;
        -:   16:}
        -:   17:
        1:   18:int main() {
        1:   19:  foo(f, &a);
        1:   20:  if (e != 1)
    #####:   21:    abort();
        1:   22:  return 0;
        -:   23:}
