        -:    0:Source:255.c
        -:    0:Graph:255.gcno
        -:    0:Data:255.gcda
        -:    0:Runs:1
        -:    1:// Options:   --concise --max-struct-fields 5 --max-funcs 2 --max-array-len-per-dim 5 --max-block-depth 3 --max-block-size 2
        -:    2:#include "csmith.h"
        -:    3:
        -:    4:static long __undefined;
        -:    5:
        -:    6:static int32_t g_5 = 0x108F8256L;
        -:    7:static uint32_t g_10 = 1UL;
        -:    8:static int16_t g_16 = 0x9CEEL;
        -:    9:static uint8_t g_18 = 0x48L;
        -:   10:static uint16_t g_20 = 1UL;
        -:   11:static uint32_t g_23 = 3UL;
        -:   12:static int32_t *g_28 = &g_5;
        -:   13:static int32_t **volatile g_27 = &g_28;
        -:   14:
        -:   15:static int32_t func_1(void);
        -:   16:static int32_t *const func_2(int8_t p_3, int32_t *p_4);
        -:   17:
        1:   18:static int32_t func_1(void) {
        1:   19:  uint64_t l_6 = 0xE2FDE2BBEF7D6512LL;
        1:   20:  uint32_t *l_9[2][2][4] = {{{&g_10, &g_10, &g_10, &g_10}, {&g_10, &g_10, &g_10, &g_10}}, {{&g_10, &g_10, &g_10, &g_10}, {&g_10, &g_10, &g_10, &g_10}}};
        1:   21:  int16_t *l_15 = &g_16;
        1:   22:  uint8_t *l_17 = &g_18;
        -:   23:  uint16_t *l_19[2][4];
        1:   24:  int32_t l_21 = 0x717B38E5L;
        1:   25:  uint32_t *l_22 = &g_23;
        -:   26:  int i, j, k;
        3:   27:  for (i = 0; i < 2; i++) {
       10:   28:    for (j = 0; j < 4; j++)
        8:   29:      l_19[i][j] = &g_20;
        -:   30:  }
       1*:   31:  (*g_27) = func_2(g_5, ((l_6 & ((*l_22) = ((l_21 = (safe_div_func_int8_t_s_s((((((l_6 ^ g_5), (0xF9L & l_6)) || (((((--g_10), (((safe_lshift_func_uint16_t_u_s((((((*l_17) = (g_5 >= ((((*l_15) = (6L && (((65535UL > l_6) >= l_6), g_10))) > l_6), l_6))), 4294967293UL), l_9[0][0][3]) != l_9[1][1][3]), 8)), l_6), g_10)) != g_5), l_6) & g_5)) < g_5) && l_6), g_5))) || 0x1E33L))), &g_5));
        1:   32:  return l_21;
        -:   33:}
        -:   34:
        1:   35:static int32_t *const func_2(int8_t p_3, int32_t *p_4) {
        1:   36:  uint16_t l_24 = 1UL;
        1:   37:  l_24--;
        1:   38:  return p_4;
        -:   39:}
        -:   40:
        1:   41:int main(int argc, char *argv[]) {
        1:   42:  int print_hash_value = 0;
       1*:   43:  if (argc == 2 && strcmp(argv[1], "1") == 0)
    #####:   44:    print_hash_value = 1;
        1:   45:  platform_main_begin();
        1:   46:  crc32_gentab();
        1:   47:  func_1();
        1:   48:  transparent_crc(g_5, "g_5", print_hash_value);
        1:   49:  transparent_crc(g_10, "g_10", print_hash_value);
        1:   50:  transparent_crc(g_16, "g_16", print_hash_value);
        1:   51:  transparent_crc(g_18, "g_18", print_hash_value);
        1:   52:  transparent_crc(g_20, "g_20", print_hash_value);
        1:   53:  transparent_crc(g_23, "g_23", print_hash_value);
        1:   54:  platform_main_end(crc32_context ^ 0xFFFFFFFFUL, print_hash_value);
        1:   55:  return 0;
        -:   56:}
