        -:    0:Source:2531.c
        -:    0:Graph:2531.gcno
        -:    0:Data:2531.gcda
        -:    0:Runs:1
        -:    1:/* Wrong method to get number of arg reg will cause argument corruption.  */
        -:    2:/* { dg-do run } */
        -:    3:/* { dg-skip-if "incompatible options" { ! { arm_thumb1_ok || arm_thumb2_ok } }
        -:    4: * } */
        -:    5:/* { dg-require-effective-target arm_eabi } */
        -:    6:/* { dg-options "-mthumb -O1" } */
        -:    7:
        -:    8:extern void abort(void);
        -:    9:
        -:   10:int foo(int, int, int, int) __attribute__((noinline));
        -:   11:
        1:   12:int foo(int a, int b, int c, int d) {
        -:   13:  register int m asm("r8");
        -:   14:
        1:   15:  m = a;
        1:   16:  m += b;
        1:   17:  m += c;
        1:   18:  m += d;
        -:   19:
        1:   20:  asm("" : "=r"(m) : "0"(m));
        -:   21:
        1:   22:  return m;
        -:   23:}
        -:   24:
        1:   25:int main() {
        1:   26:  volatile int a = 10;
        1:   27:  volatile int b = 20;
        1:   28:  volatile int c = 30;
        1:   29:  volatile int d = 40;
        1:   30:  volatile int sum = 0;
        -:   31:
        1:   32:  sum = foo(a, b, c, d);
        -:   33:
        1:   34:  if (sum != 100)
    #####:   35:    abort();
        -:   36:
        1:   37:  return 0;
        -:   38:}
