        -:    0:Source:2260.c
        -:    0:Graph:2260.gcno
        -:    0:Data:2260.gcda
        -:    0:Runs:1
        -:    1:#define vector64 __attribute__((vector_size(8)))
        -:    2:
        1:    3:main() {
        -:    4:
        -:    5:  vector64 int c;
        1:    6:  vector64 int a = {1, -1};
        1:    7:  vector64 int b = {2, -2};
        1:    8:  c = -a + b * b * (-1LL);
        -:    9:  /* c is now {-5, -3} */
        -:   10:
        1:   11:  printf("result is %llx\n", (long long)c);
        -:   12:}
