        -:    0:Source:1099.c
        -:    0:Graph:1099.gcno
        -:    0:Data:1099.gcda
        -:    0:Runs:1
        -:    1:/* PR rtl-optimization/94873 */
        -:    2:/* { dg-do run { target int128 } } */
        -:    3:/* { dg-options "-O -fno-merge-constants -fno-split-wide-types -fno-tree-fre" }
        -:    4: */
        -:    5:
        1:    6:__attribute__((noipa)) void foo(const char *p, int q) {
        1:    7:  if (p[0] != '%' || p[1] != '0' || p[2] != '2' || p[3] != 'x' || p[4] != '\0')
    #####:    8:    __builtin_abort();
        -:    9:#if __BYTE_ORDER__ == __ORDER_LITTLE_ENDIAN__
        1:   10:  if ((unsigned char)q != 0x95)
    #####:   11:    __builtin_abort();
        -:   12:#elif __BYTE_ORDER__ == __ORDER_BIG_ENDIAN__
        -:   13:  if ((unsigned char)q != 0)
        -:   14:    __builtin_abort();
        -:   15:#endif
        1:   16:}
        -:   17:
        1:   18:int main() {
        -:   19:  union U {
        -:   20:    __int128 a;
        -:   21:    char b[sizeof(__int128)];
        -:   22:  };
        1:   23:  char x = ((union U){.a = 0xF4409395252B9560ULL}).b[1];
        2:   24:  for (unsigned i = 0; i < sizeof(x); i++)
        1:   25:    foo("%02x", i[(volatile unsigned char *)&x]);
        1:   26:  return 0;
        -:   27:}
