        -:    0:Source:307.c
        -:    0:Graph:307.gcno
        -:    0:Data:307.gcda
        -:    0:Runs:1
        -:    1:// Options:   --concise --max-struct-fields 5 --max-funcs 2 --max-array-len-per-dim 5 --max-block-depth 3 --max-block-size 2
        -:    2:#include "csmith.h"
        -:    3:
        -:    4:static long __undefined;
        -:    5:
        -:    6:static volatile int32_t g_6 = (-1L);
        -:    7:static int32_t g_10 = 1L;
        -:    8:static uint64_t g_12[4][5][4] = {{{0xB40E11A796D402DALL, 0x9E95D1C58BDFADF6LL, 0x9E95D1C58BDFADF6LL, 0xB40E11A796D402DALL}, {0x9E95D1C58BDFADF6LL, 0xB40E11A796D402DALL, 0UL, 0x18AB9C279A20B287LL}, {0x9E95D1C58BDFADF6LL, 0UL, 0x9E95D1C58BDFADF6LL, 8UL}, {0xB40E11A796D402DALL, 0x18AB9C279A20B287LL, 8UL, 8UL}, {0UL, 0UL, 0x15E314A5EA964A90LL, 0x18AB9C279A20B287LL}},
        -:    9:                                 {{0x18AB9C279A20B287LL, 0xB40E11A796D402DALL, 0x15E314A5EA964A90LL, 0xB40E11A796D402DALL}, {0UL, 0x9E95D1C58BDFADF6LL, 8UL, 0x15E314A5EA964A90LL}, {0xB40E11A796D402DALL, 0x9E95D1C58BDFADF6LL, 0x9E95D1C58BDFADF6LL, 0xB40E11A796D402DALL}, {0x9E95D1C58BDFADF6LL, 0xB40E11A796D402DALL, 0UL, 0x18AB9C279A20B287LL}, {0x9E95D1C58BDFADF6LL, 0UL, 0x9E95D1C58BDFADF6LL, 8UL}},
        -:   10:                                 {{0xB40E11A796D402DALL, 0x18AB9C279A20B287LL, 8UL, 8UL}, {0UL, 0UL, 0UL, 8UL}, {8UL, 0x9E95D1C58BDFADF6LL, 0UL, 0x9E95D1C58BDFADF6LL}, {6UL, 0x18AB9C279A20B287LL, 0x15E314A5EA964A90LL, 0UL}, {0x9E95D1C58BDFADF6LL, 0x18AB9C279A20B287LL, 0x18AB9C279A20B287LL, 0x9E95D1C58BDFADF6LL}},
        -:   11:                                 {{0x18AB9C279A20B287LL, 0x9E95D1C58BDFADF6LL, 6UL, 8UL}, {0x18AB9C279A20B287LL, 6UL, 0x18AB9C279A20B287LL, 0x15E314A5EA964A90LL}, {0x9E95D1C58BDFADF6LL, 8UL, 0x15E314A5EA964A90LL, 0x15E314A5EA964A90LL}, {6UL, 6UL, 0UL, 8UL}, {8UL, 0x9E95D1C58BDFADF6LL, 0UL, 0x9E95D1C58BDFADF6LL}}};
        -:   12:static const uint64_t g_35 = 18446744073709551609UL;
        -:   13:static int8_t g_37 = 0x13L;
        -:   14:static uint32_t g_40 = 0xFC308456L;
        -:   15:static uint8_t g_42 = 0x9DL;
        -:   16:static int64_t g_45 = 0x95C78859B3460EE4LL;
        -:   17:static int32_t *volatile g_46 = &g_10;
        -:   18:static int32_t g_65 = 1L;
        -:   19:
        -:   20:static int64_t func_1(void);
        -:   21:static int32_t func_2(uint64_t p_3, uint8_t p_4);
        -:   22:
        1:   23:static int64_t func_1(void) {
        -:   24:  uint8_t l_9[1];
        1:   25:  uint64_t *l_11 = &g_12[1][2][1];
        1:   26:  uint16_t l_18[5][2] = {{7UL, 7UL}, {7UL, 7UL}, {7UL, 7UL}, {7UL, 7UL}, {7UL, 7UL}};
        1:   27:  int32_t *l_64 = &g_65;
        -:   28:  int i, j;
        2:   29:  for (i = 0; i < 1; i++)
        1:   30:    l_9[i] = 0x6FL;
       1*:   31:  (*l_64) |= func_2((!g_6), ((safe_add_func_int8_t_s_s(l_9[0], g_10)) && (((*l_11)--) == ((((safe_mul_func_uint32_t_u_u((l_18[4][0] = (+0x6AL)), (((0x9B347D17L & (((g_10 <= 0x0EF874ACL) | (safe_lshift_func_uint64_t_u_s(g_10, 28))) || (safe_sub_func_int32_t_s_s((((+((safe_mod_func_uint8_t_u_u((0x8AL < l_9[0]), 7L)), g_10)) <= 0x76L) != 0x7E1289ED5B6062CFLL), g_10)))) >= l_9[0]) || g_10))) == l_9[0]) && 0x7C0CL) >= (-4L)))));
        1:   32:  return g_42;
        -:   33:}
        -:   34:
        1:   35:static int32_t func_2(uint64_t p_3, uint8_t p_4) {
        1:   36:  uint64_t l_30 = 1UL;
        1:   37:  int32_t l_49 = 0x50EDC675L;
        1:   38:  int32_t l_50 = (-5L);
        1:   39:  int32_t l_56 = (-6L);
        1:   40:  int32_t l_57 = 0xAD2D1E56L;
        1:   41:  int32_t l_60 = 7L;
        1:   42:  uint8_t l_61 = 1UL;
        1:   43:  for (p_4 = (-5); (p_4 == 21); p_4 = safe_add_func_int8_t_s_s(p_4, 6)) {
    #####:   44:    const uint64_t *l_34 = &g_35;
    #####:   45:    const uint64_t **l_33 = &l_34;
    #####:   46:    int8_t *l_36 = &g_37;
    #####:   47:    int8_t l_38 = 0x03L;
    #####:   48:    uint32_t *l_39 = &g_40;
    #####:   49:    uint8_t *l_41[4] = {&g_42, &g_42, &g_42, &g_42};
    #####:   50:    int32_t l_43 = 0x3464EB7FL;
    #####:   51:    int64_t *l_44 = &g_45;
        -:   52:    int i;
    #####:   53:    (*g_46) &= (246UL < (safe_lshift_func_uint16_t_u_u(((l_30 <= (((*l_44) &= (255UL < ((l_43 = (((l_30 & (0x3CL ^ (((*l_39) = (((safe_rshift_func_int32_t_s_s((p_4 >= ((0xAADAD2DAL | (((*l_33) = &g_12[1][2][1]) != ((((*l_36) = (1L ^ 0x0988A21DEC743572LL)), p_3), &g_12[1][0][2]))) < 0xEDCDL)), 28)) && l_38) | g_12[3][1][0])) & 3UL))) >= p_3) ^ l_30)) >= 0x72L))), l_30)) == l_30), g_35)));
    #####:   54:    return l_38;
        -:   55:  }
        5:   56:  for (p_3 = 0; (p_3 != 16); p_3 = safe_add_func_int32_t_s_s(p_3, 4)) {
        4:   57:    int32_t *l_51 = (void *)0;
        4:   58:    int32_t *l_52 = (void *)0;
        4:   59:    int32_t *l_53 = &g_10;
        4:   60:    int32_t *l_54 = &g_10;
        -:   61:    int32_t l_55[2][3];
        4:   62:    int32_t *l_58 = &l_50;
        4:   63:    int32_t *l_59[5] = {&l_50, &l_50, &l_50, &l_50, &l_50};
        -:   64:    int i, j;
       12:   65:    for (i = 0; i < 2; i++) {
       32:   66:      for (j = 0; j < 3; j++)
       24:   67:        l_55[i][j] = 0xE9E582D0L;
        -:   68:    }
        4:   69:    l_61--;
        -:   70:  }
        1:   71:  return p_4;
        -:   72:}
        -:   73:
        1:   74:int main(int argc, char *argv[]) {
        -:   75:  int i, j, k;
        1:   76:  int print_hash_value = 0;
       1*:   77:  if (argc == 2 && strcmp(argv[1], "1") == 0)
    #####:   78:    print_hash_value = 1;
        1:   79:  platform_main_begin();
        1:   80:  crc32_gentab();
        1:   81:  func_1();
        1:   82:  transparent_crc(g_6, "g_6", print_hash_value);
        1:   83:  transparent_crc(g_10, "g_10", print_hash_value);
        5:   84:  for (i = 0; i < 4; i++) {
       24:   85:    for (j = 0; j < 5; j++) {
      100:   86:      for (k = 0; k < 4; k++) {
       80:   87:        transparent_crc(g_12[i][j][k], "g_12[i][j][k]", print_hash_value);
       80:   88:        if (print_hash_value)
    #####:   89:          printf("index = [%d][%d][%d]\n", i, j, k);
        -:   90:      }
        -:   91:    }
        -:   92:  }
        1:   93:  transparent_crc(g_35, "g_35", print_hash_value);
        1:   94:  transparent_crc(g_37, "g_37", print_hash_value);
        1:   95:  transparent_crc(g_40, "g_40", print_hash_value);
        1:   96:  transparent_crc(g_42, "g_42", print_hash_value);
        1:   97:  transparent_crc(g_45, "g_45", print_hash_value);
        1:   98:  transparent_crc(g_65, "g_65", print_hash_value);
        1:   99:  platform_main_end(crc32_context ^ 0xFFFFFFFFUL, print_hash_value);
        1:  100:  return 0;
        -:  101:}
