        -:    0:Source:625.c
        -:    0:Graph:625.gcno
        -:    0:Data:625.gcda
        -:    0:Runs:1
        -:    1:/* { dg-do compile { target c99_runtime } } */
        -:    2:/* { dg-options "-O0 -fipa-icf -fdump-ipa-icf-optimized"  } */
        -:    3:
        -:    4:#include <complex.h>
        -:    5:
        -:    6:typedef _Complex float COMPLEX_FLOAT;
        -:    7:
        1:    8:__attribute__((noinline)) static float real_part(COMPLEX_FLOAT a) {
        1:    9:  return *(float *)(&a);
        -:   10:}
        -:   11:
        1:   12:__attribute__((noinline)) static float real_part_2(COMPLEX_FLOAT a) {
        1:   13:  return ((float *)(&a))[0];
        -:   14:}
        -:   15:
        1:   16:int main() {
        1:   17:  COMPLEX_FLOAT f = 1.0f + _Complex_I;
        -:   18:
        1:   19:  float r1 = real_part(f);
        1:   20:  float r2 = real_part_2(f);
        -:   21:
        1:   22:  return r1 - r2;
        -:   23:}
        -:   24:
        -:   25:/* { dg-final { scan-ipa-dump "Semantic equality
        -:   26: * hit:real_part/\[0-9+\]+->real_part_2/\[0-9+\]+" "icf"  } } */
        -:   27:/* { dg-final { scan-ipa-dump "Equal symbols: 1" "icf"  } } */
