        -:    0:Source:993.c
        -:    0:Graph:993.gcno
        -:    0:Data:993.gcda
        -:    0:Runs:1
        -:    1:// Options:   --concise --max-struct-fields 5 --max-funcs 2 --max-array-len-per-dim 5 --max-block-depth 3 --max-block-size 2
        -:    2:#include "csmith.h"
        -:    3:
        -:    4:static long __undefined;
        -:    5:
        -:    6:static int32_t g_4 = (-1L);
        -:    7:static volatile uint16_t g_9 = 0x7BEDL;
        -:    8:static volatile uint8_t g_16[3][3][5] = {{{1UL, 1UL, 1UL, 1UL, 1UL}, {0x2FL, 0x2FL, 0x2FL, 0x2FL, 0x2FL}, {1UL, 1UL, 1UL, 1UL, 1UL}}, {{0x2FL, 0x2FL, 0x2FL, 0x2FL, 0x2FL}, {1UL, 1UL, 1UL, 1UL, 1UL}, {0x2FL, 0x2FL, 0x2FL, 0x2FL, 0x2FL}}, {{1UL, 1UL, 1UL, 1UL, 1UL}, {0x2FL, 0x2FL, 0x2FL, 0x2FL, 0x2FL}, {1UL, 1UL, 1UL, 1UL, 1UL}}};
        -:    9:static int64_t g_23[4][5][5] = {{{(-6L), 1L, (-4L), (-7L), (-6L)}, {0xF4864854668DACB3LL, 0x92E7BAA9D707D8EBLL, 0x92E7BAA9D707D8EBLL, 0xF4864854668DACB3LL, 1L}, {(-6L), 0x1C1D99EA5D840DFELL, 0xEFCECB2EC6F0D4A7LL, 3L, (-7L)}, {0xBF7C2F5A260DF392LL, 1L, 0x0F9E3D3B0CF5AA05LL, 1L, 5L}, {0xEFCECB2EC6F0D4A7LL, 0xE7AD53A38D06721FLL, (-1L), 3L, 3L}},
        -:   10:                                {{0x05807C1ABDF11CAFLL, 0xBF7C2F5A260DF392LL, 0x05807C1ABDF11CAFLL, 0xF4864854668DACB3LL, 1L}, {0xE7AD53A38D06721FLL, 0x711DB6084EDC0223LL, 0x867F5D1CC0C7FD57LL, (-7L), 0L}, {2L, 0x20F30385D06F6293LL, 1L, 0x92E7BAA9D707D8EBLL, 1L}, {(-7L), 3L, 0x867F5D1CC0C7FD57LL, 0L, 0x867F5D1CC0C7FD57LL}, {0x0F9E3D3B0CF5AA05LL, 0x0F9E3D3B0CF5AA05LL, 0x05807C1ABDF11CAFLL, 0xD8491F199E1F9531LL, 1L}},
        -:   11:                                {{(-7L), 0L, (-1L), 0x4B81230B63E91CB6LL, 0L}, {0xD9E177C422D5FBA2LL, 5L, 0x0F9E3D3B0CF5AA05LL, (-1L), 0x55DBFE6B87C2657ALL}, {(-4L), 0L, 0xEFCECB2EC6F0D4A7LL, 0xEFCECB2EC6F0D4A7LL, 0L}, {1L, 0x0F9E3D3B0CF5AA05LL, 0x92E7BAA9D707D8EBLL, 2L, 1L}, {1L, 3L, (-4L), (-4L), 0x4B81230B63E91CB6LL}},
        -:   12:                                {{0xD8491F199E1F9531LL, 0x20F30385D06F6293LL, 0x55DBFE6B87C2657ALL, 5L, 0xF4864854668DACB3LL}, {1L, 0x711DB6084EDC0223LL, (-7L), 0x711DB6084EDC0223LL, 1L}, {1L, 0xBF7C2F5A260DF392LL, 0xF4864854668DACB3LL, 0x55DBFE6B87C2657ALL, 0x0F9E3D3B0CF5AA05LL}, {(-4L), 0xE7AD53A38D06721FLL, 0L, 0x1C1D99EA5D840DFELL, 0x4763523E24B13B10LL}, {0xD9E177C422D5FBA2LL, 1L, (-9L), 0xBF7C2F5A260DF392LL, 0x0F9E3D3B0CF5AA05LL}}};
        -:   13:static volatile int64_t g_25 = (-2L);
        -:   14:static volatile int32_t g_27 = (-1L);
        -:   15:static volatile int8_t g_28 = 0L;
        -:   16:static uint64_t g_29 = 0x702B68169B2B2933LL;
        -:   17:static uint8_t g_42 = 0xC5L;
        -:   18:static volatile uint8_t *g_43 = (void *)0;
        -:   19:static uint16_t g_46 = 65528UL;
        -:   20:static uint16_t g_50 = 0x870BL;
        -:   21:static int64_t g_51[2] = {0x490A9DAEE1D35EE8LL, 0x490A9DAEE1D35EE8LL};
        -:   22:static uint32_t g_54 = 8UL;
        -:   23:static int16_t g_57 = 5L;
        -:   24:static int32_t g_59 = 0x019D465FL;
        -:   25:static int32_t g_61 = 0x96A48ADBL;
        -:   26:static uint16_t g_63[1][4][5] = {{{0UL, 0UL, 0UL, 0UL, 0UL}, {0UL, 0UL, 0UL, 0UL, 0UL}, {0UL, 0UL, 0UL, 0UL, 0UL}, {0UL, 0UL, 0UL, 0UL, 0UL}}};
        -:   27:static int64_t g_66 = 5L;
        -:   28:
        -:   29:static int32_t func_1(void);
        -:   30:static uint16_t func_34(uint32_t p_35, int8_t p_36);
        -:   31:
        1:   32:static int32_t func_1(void) {
        1:   33:  int64_t l_2 = 0x176B0F73838A1F94LL;
        1:   34:  int32_t *l_3 = &g_4;
        1:   35:  int32_t *l_5 = (void *)0;
        1:   36:  int32_t *l_6 = &g_4;
        1:   37:  int32_t *l_7 = &g_4;
        -:   38:  int32_t *l_8[4];
        -:   39:  int i;
        5:   40:  for (i = 0; i < 4; i++)
        4:   41:    l_8[i] = (void *)0;
        1:   42:  ++g_9;
       17:   43:  for (g_4 = (-19); (g_4 < (-3)); g_4++) {
       16:   44:    int32_t l_22 = 0L;
        -:   45:    int32_t l_24[1];
        -:   46:    int i;
       32:   47:    for (i = 0; i < 1; i++)
       16:   48:      l_24[i] = 0L;
      16*:   49:    for (l_2 = 0; (l_2 == (-2)); l_2 = safe_sub_func_uint64_t_u_u(l_2, 5)) {
    #####:   50:      g_16[2][1][2]--;
        -:   51:    }
       64:   52:    for (l_2 = 0; (l_2 <= 2); l_2 += 1) {
       48:   53:      const int16_t l_21 = 0x5154L;
        -:   54:      int32_t l_26[1];
        -:   55:      uint32_t l_68[3];
        -:   56:      int i;
       96:   57:      for (i = 0; i < 1; i++)
       48:   58:        l_26[i] = 9L;
      192:   59:      for (i = 0; i < 3; i++)
      144:   60:        l_68[i] = 1UL;
       48:   61:      l_22 ^= (safe_mul_func_int8_t_s_s(l_21, 0xBCL));
       48:   62:      --g_29;
      192:   63:      for (l_22 = 2; (l_22 >= 0); l_22 -= 1) {
      144:   64:        uint16_t l_39 = 7UL;
      144:   65:        uint8_t *l_40 = (void *)0;
        -:   66:        uint8_t *l_41[3];
      144:   67:        uint16_t *l_44 = (void *)0;
      144:   68:        uint16_t *l_45 = &g_46;
      144:   69:        uint16_t *l_49 = &g_50;
      144:   70:        uint32_t *l_52 = (void *)0;
      144:   71:        uint32_t *l_53[4] = {(void *)0, (void *)0, (void *)0, (void *)0};
      144:   72:        int32_t l_67 = 0x83651A33L;
        -:   73:        int i, j, k;
      576:   74:        for (i = 0; i < 3; i++)
      432:   75:          l_41[i] = &g_42;
     144*:   76:        g_27 = (safe_div_func_int8_t_s_s(0x2BL, (g_16[l_2][l_2][(l_22 + 2)] | (g_59 = (func_34((l_24[0] = (safe_div_func_uint8_t_u_u((g_42 = ((l_39 = (-1L)) != g_4)), (g_29 || (g_51[1] = (((*l_45) = ((g_43 != l_41[2]), g_4)) | ((*l_49) = (((safe_lshift_func_uint8_t_u_u(0xB5L, l_22)) && 0xD6FFBBA6F2DB44E9LL) == g_23[3][0][0])))))))), l_22), g_23[3][0][0])))));
      144:   77:        l_68[1]++;
        -:   78:      }
        -:   79:    }
        -:   80:  }
        1:   81:  return g_9;
        -:   82:}
        -:   83:
      144:   84:static uint16_t func_34(uint32_t p_35, int8_t p_36) {
      144:   85:  int32_t l_62 = 0x4433A031L;
      576:   86:  for (g_54 = 0; (g_54 != 12); g_54 = safe_add_func_uint32_t_u_u(g_54, 4)) {
      432:   87:    int32_t *l_58 = &g_59;
        -:   88:    int32_t *l_60[2];
        -:   89:    int i;
     1296:   90:    for (i = 0; i < 2; i++)
      864:   91:      l_60[i] = &g_59;
      432:   92:    ++g_63[0][0][3];
        -:   93:  }
      144:   94:  return g_66;
        -:   95:}
        -:   96:
        1:   97:int main(int argc, char *argv[]) {
        -:   98:  int i, j, k;
        1:   99:  int print_hash_value = 0;
       1*:  100:  if (argc == 2 && strcmp(argv[1], "1") == 0)
    #####:  101:    print_hash_value = 1;
        1:  102:  platform_main_begin();
        1:  103:  crc32_gentab();
        1:  104:  func_1();
        1:  105:  transparent_crc(g_4, "g_4", print_hash_value);
        1:  106:  transparent_crc(g_9, "g_9", print_hash_value);
        4:  107:  for (i = 0; i < 3; i++) {
       12:  108:    for (j = 0; j < 3; j++) {
       54:  109:      for (k = 0; k < 5; k++) {
       45:  110:        transparent_crc(g_16[i][j][k], "g_16[i][j][k]", print_hash_value);
       45:  111:        if (print_hash_value)
    #####:  112:          printf("index = [%d][%d][%d]\n", i, j, k);
        -:  113:      }
        -:  114:    }
        -:  115:  }
        5:  116:  for (i = 0; i < 4; i++) {
       24:  117:    for (j = 0; j < 5; j++) {
      120:  118:      for (k = 0; k < 5; k++) {
      100:  119:        transparent_crc(g_23[i][j][k], "g_23[i][j][k]", print_hash_value);
      100:  120:        if (print_hash_value)
    #####:  121:          printf("index = [%d][%d][%d]\n", i, j, k);
        -:  122:      }
        -:  123:    }
        -:  124:  }
        1:  125:  transparent_crc(g_25, "g_25", print_hash_value);
        1:  126:  transparent_crc(g_27, "g_27", print_hash_value);
        1:  127:  transparent_crc(g_28, "g_28", print_hash_value);
        1:  128:  transparent_crc(g_29, "g_29", print_hash_value);
        1:  129:  transparent_crc(g_42, "g_42", print_hash_value);
        1:  130:  transparent_crc(g_46, "g_46", print_hash_value);
        1:  131:  transparent_crc(g_50, "g_50", print_hash_value);
        3:  132:  for (i = 0; i < 2; i++) {
        2:  133:    transparent_crc(g_51[i], "g_51[i]", print_hash_value);
        2:  134:    if (print_hash_value)
    #####:  135:      printf("index = [%d]\n", i);
        -:  136:  }
        1:  137:  transparent_crc(g_54, "g_54", print_hash_value);
        1:  138:  transparent_crc(g_57, "g_57", print_hash_value);
        1:  139:  transparent_crc(g_59, "g_59", print_hash_value);
        1:  140:  transparent_crc(g_61, "g_61", print_hash_value);
        2:  141:  for (i = 0; i < 1; i++) {
        5:  142:    for (j = 0; j < 4; j++) {
       24:  143:      for (k = 0; k < 5; k++) {
       20:  144:        transparent_crc(g_63[i][j][k], "g_63[i][j][k]", print_hash_value);
       20:  145:        if (print_hash_value)
    #####:  146:          printf("index = [%d][%d][%d]\n", i, j, k);
        -:  147:      }
        -:  148:    }
        -:  149:  }
        1:  150:  transparent_crc(g_66, "g_66", print_hash_value);
        1:  151:  platform_main_end(crc32_context ^ 0xFFFFFFFFUL, print_hash_value);
        1:  152:  return 0;
        -:  153:}
