        -:    0:Source:643.c
        -:    0:Graph:643.gcno
        -:    0:Data:643.gcda
        -:    0:Runs:1
        -:    1:/* Verify that indirect inlining machinery can remove references to functions
        -:    2:   passed as parameters that are never used.  */
        -:    3:/* { dg-do compile } */
        -:    4:/* { dg-options "-O3 -fno-early-inlining -fno-ipa-sra -fno-ipa-cp
        -:    5: * -fdump-ipa-inline -fdump-tree-optimized"  } */
        -:    6:
        1:    7:extern int __attribute__((noinline, noclone, used)) stuff(int i) { return 0; }
        -:    8:
    #####:    9:static void hooray() { stuff(1); }
        -:   10:
        1:   11:static int hiphip(void (*f)()) { return stuff(2); }
        -:   12:
        1:   13:int main(void) { return hiphip(hooray); }
        -:   14:
        -:   15:/* { dg-final { scan-ipa-dump "ipa-prop: Removed a reference"  "inline"  } } */
        -:   16:/* { dg-final { scan-tree-dump-not "hooray"  "optimized"  } } */
