        -:    0:Source:2648.c
        -:    0:Graph:2648.gcno
        -:    0:Data:2648.gcda
        -:    0:Runs:1
        -:    1:typedef unsigned long long ULL;
        -:    2:ULL back;
        -:    3:ULL hpart, lpart;
       12:    4:ULL build(long h, long l) {
       12:    5:  hpart = h;
       12:    6:  hpart <<= 32;
       12:    7:  lpart = l;
       12:    8:  lpart &= 0xFFFFFFFFLL;
       12:    9:  back = hpart | lpart;
       12:   10:  return back;
        -:   11:}
        -:   12:
        1:   13:main() {
        1:   14:  if (build(0, 1) != 0x0000000000000001LL)
    #####:   15:    abort();
        1:   16:  if (build(0, 0) != 0x0000000000000000LL)
    #####:   17:    abort();
        1:   18:  if (build(0, 0xFFFFFFFF) != 0x00000000FFFFFFFFLL)
    #####:   19:    abort();
        1:   20:  if (build(0, 0xFFFFFFFE) != 0x00000000FFFFFFFELL)
    #####:   21:    abort();
        1:   22:  if (build(1, 1) != 0x0000000100000001LL)
    #####:   23:    abort();
        1:   24:  if (build(1, 0) != 0x0000000100000000LL)
    #####:   25:    abort();
        1:   26:  if (build(1, 0xFFFFFFFF) != 0x00000001FFFFFFFFLL)
    #####:   27:    abort();
        1:   28:  if (build(1, 0xFFFFFFFE) != 0x00000001FFFFFFFELL)
    #####:   29:    abort();
        1:   30:  if (build(0xFFFFFFFF, 1) != 0xFFFFFFFF00000001LL)
    #####:   31:    abort();
        1:   32:  if (build(0xFFFFFFFF, 0) != 0xFFFFFFFF00000000LL)
    #####:   33:    abort();
        1:   34:  if (build(0xFFFFFFFF, 0xFFFFFFFF) != 0xFFFFFFFFFFFFFFFFLL)
    #####:   35:    abort();
        1:   36:  if (build(0xFFFFFFFF, 0xFFFFFFFE) != 0xFFFFFFFFFFFFFFFELL)
    #####:   37:    abort();
        1:   38:  exit(0);
        -:   39:}
