        -:    0:Source:908.c
        -:    0:Graph:908.gcno
        -:    0:Data:908.gcda
        -:    0:Runs:1
        -:    1:/* { dg-do run } */
        -:    2:/* { dg-require-effective-target fpic } */
        -:    3:/* { dg-options "-O -fprofile-arcs -fPIC -fno-dce -fno-forward-propagate" } */
        -:    4:/* { dg-require-profiling "-fprofile-generate" } */
        -:    5:
        1:    6:int test_goto2(int f) {
        -:    7:  int i;
        1:    8:  for (i = 0; ({
       11:    9:         _Bool a = i < 10;
       11:   10:         a;
        -:   11:       });
       10:   12:       i++) {
       10:   13:    if (i == f)
    #####:   14:      goto lab2;
        -:   15:  }
        1:   16:  return 4;
    #####:   17:lab2:
    #####:   18:  return 8;
        -:   19:}
        -:   20:
        1:   21:int main() {
        1:   22:  test_goto2(30);
        1:   23:  return 0;
        -:   24:}
        -:   25:
        -:   26:/* { dg-final { cleanup-coverage-files } } */
