        -:    0:Source:1403.c
        -:    0:Graph:1403.gcno
        -:    0:Data:1403.gcda
        -:    0:Runs:1
        -:    1:/* { dg-do run } */
        -:    2:/* { dg-options "-fno-common" { target hppa*-*-hpux* } } */
        -:    3:
        -:    4:extern void abort(void);
        -:    5:
        -:    6:typedef long long T;
        -:    7:typedef T vl_t __attribute__((vector_size(2 * sizeof(T))));
        -:    8:
        -:    9:vl_t ul[4], vl[4] = {{1, 2}, {3, 4}, {5, 6}, {7, 8}};
        -:   10:
        1:   11:static void mul_vl_l(vl_t *u, vl_t *v, T x, int m) {
        -:   12:  vl_t w;
        1:   13:  T *p = (T *)&w;
        1:   14:  p[0] = p[1] = x;
        5:   15:  while (m--)
        4:   16:    *u++ = *v++ * w;
        1:   17:}
        -:   18:
        1:   19:int main(int argc, char *argv[]) {
        -:   20:  int i;
        -:   21:  T *pl;
        -:   22:
        1:   23:  pl = (T *)&ul;
        1:   24:  mul_vl_l(ul, vl, 2, 4);
        9:   25:  for (i = 0; i < 8; i++)
        8:   26:    if (pl[i] != 2 * (i + 1))
    #####:   27:      abort();
        -:   28:
        1:   29:  return 0;
        -:   30:}
