        -:    0:Source:1730.c
        -:    0:Graph:1730.gcno
        -:    0:Data:1730.gcda
        -:    0:Runs:1
        -:    1:/* { dg-do run } */
        -:    2:
        -:    3:typedef __UINT32_TYPE__ u32;
        -:    4:
        1:    5:int main(void) {
        1:    6:  u32 b = 0x027C5902;
        1:    7:  u32 a = 0;
        1:    8:  __builtin_memset(1 + (char *)&b, 0, 2);
        1:    9:  __builtin_memcpy(&a, 2 + (char *)&b, 2);
        -:   10:#if __BYTE_ORDER__ == __ORDER_LITTLE_ENDIAN__
        1:   11:  if (a != 0x00000200)
        -:   12:#else
        -:   13:  if (a != 0x00020000)
        -:   14:#endif
    #####:   15:    __builtin_abort();
        1:   16:  return 0;
        -:   17:}
