        -:    0:Source:788.c
        -:    0:Graph:788.gcno
        -:    0:Data:788.gcda
        -:    0:Runs:1
        -:    1:// Options:   --concise --max-struct-fields 5 --max-funcs 2 --max-array-len-per-dim 5 --max-block-depth 3 --max-block-size 2
        -:    2:#include "csmith.h"
        -:    3:
        -:    4:static long __undefined;
        -:    5:
        -:    6:static int32_t g_2[2][3] = {{0x8C176B0FL, 0x8C176B0FL, 0x8C176B0FL}, {(-9L), (-9L), (-9L)}};
        -:    7:static volatile int32_t g_3 = 0x4A53AA9AL;
        -:    8:static volatile int32_t g_4 = 5L;
        -:    9:static volatile int32_t g_5[5][4] = {{0xCFE04822L, 0xCFE04822L, 0xCFE04822L, 0xCFE04822L}, {0xCFE04822L, 0xCFE04822L, 0xCFE04822L, 0xCFE04822L}, {0xCFE04822L, 0xCFE04822L, 0xCFE04822L, 0xCFE04822L}, {0xCFE04822L, 0xCFE04822L, 0xCFE04822L, 0xCFE04822L}, {0xCFE04822L, 0xCFE04822L, 0xCFE04822L, 0xCFE04822L}};
        -:   10:static volatile int32_t g_6 = 0x3B7BEDEDL;
        -:   11:static int32_t g_7 = 0xABFC3938L;
        -:   12:static volatile int32_t g_8 = 0x3E0566A9L;
        -:   13:static int32_t g_9 = 0L;
        -:   14:static int16_t g_25 = 3L;
        -:   15:static uint8_t g_31[3][5] = {{0x54L, 0x54L, 0x54L, 0x54L, 0x54L}, {0x54L, 0x54L, 0x54L, 0x54L, 0x54L}, {0x54L, 0x54L, 0x54L, 0x54L, 0x54L}};
        -:   16:static int16_t *g_47 = &g_25;
        -:   17:static int32_t *g_58 = &g_7;
        -:   18:static int32_t **volatile g_57[5] = {&g_58, &g_58, &g_58, &g_58, &g_58};
        -:   19:static uint32_t g_64[5][1] = {{0x3153ED87L}, {0x3153ED87L}, {0x3153ED87L}, {0x3153ED87L}, {0x3153ED87L}};
        -:   20:static int64_t g_67 = 0xC42121A659E808E2LL;
        -:   21:
        -:   22:static uint32_t func_1(void);
        -:   23:static uint32_t func_15(const uint64_t p_16);
        -:   24:
        1:   25:static uint32_t func_1(void) {
        1:   26:  int32_t l_26 = 0xD76270E7L;
        1:   27:  int32_t *l_65 = &g_7;
        3:   28:  for (g_7 = 1; (g_7 >= 0); g_7 -= 1) {
        2:   29:    int8_t l_32 = 0x10L;
        2:   30:    int16_t *l_38 = &g_25;
        2:   31:    int16_t ***l_52 = (void *)0;
        2:   32:    int16_t **l_54 = (void *)0;
        -:   33:    int16_t ***l_53[4];
        2:   34:    int16_t **l_55 = (void *)0;
        2:   35:    int32_t *l_56 = &l_26;
        -:   36:    int i;
       10:   37:    for (i = 0; i < 4; i++)
        8:   38:      l_53[i] = &l_54;
        6:   39:    for (g_9 = 1; (g_9 >= 0); g_9 -= 1) {
        -:   40:      int16_t *l_24[5][4];
        -:   41:      int i, j;
       24:   42:      for (i = 0; i < 5; i++) {
      100:   43:        for (j = 0; j < 4; j++)
       80:   44:          l_24[i][j] = &g_25;
        -:   45:      }
        4:   46:      if ((~(safe_lshift_func_uint8_t_u_s((safe_lshift_func_uint16_t_u_u((func_15((+(l_26 = (safe_mul_func_uint32_t_u_u(g_2[g_9][(g_7 + 1)], (safe_sub_func_int64_t_s_s((safe_sub_func_int32_t_s_s(g_2[g_9][(g_9 + 1)], g_2[g_9][(g_7 + 1)])), (-10L)))))))), (0UL ^ ((247UL | (safe_add_func_int32_t_s_s((g_2[g_9][(g_9 + 1)] == (((safe_rshift_func_uint64_t_u_s((g_3, 1UL), g_31[0][4])) >= g_31[0][4]) ^ g_7)), 0xB6930509L))), l_26))), g_2[g_9][(g_7 + 1)])), l_32)))) {
        4:   47:        int64_t l_43 = (-3L);
        4:   48:        int16_t **l_45 = &l_24[2][3];
        -:   49:        int16_t **l_46[2];
        4:   50:        int32_t *l_48 = (void *)0;
        4:   51:        int32_t *l_49 = &l_26;
        -:   52:        int i, j;
       12:   53:        for (i = 0; i < 2; i++)
        8:   54:          l_46[i] = &l_38;
        4:   55:        (*l_49) |= (safe_sub_func_int8_t_s_s((safe_rshift_func_int16_t_s_s(((((g_2[g_9][(g_9 + 1)] < (((+3L) || ((((void *)0 != &g_25), g_8) >= ((&g_25 != (g_47 = ((*l_45) = (((l_38 == ((safe_sub_func_uint64_t_u_u((safe_sub_func_uint8_t_u_u(l_43, ((!g_31[0][4]) < 0xB2235412L))), (-9L))), l_38)) || 0L), &g_25)))) ^ l_43))) <= g_2[0][1])) | l_32), 8UL) && 0UL), g_2[g_9][(g_7 + 1)])), l_32));
        4:   56:        (*l_49) |= g_6;
        -:   57:      } else {
        -:   58:        int16_t **l_51 = &g_47;
        -:   59:        int16_t ***l_50 = &l_51;
        -:   60:        (*l_50) = (void *)0;
        -:   61:      }
        -:   62:    }
        2:   63:    if (((*l_56) ^= (&g_47 != (l_55 = &g_47)))) {
        2:   64:      (*l_56) &= 0xA57A880EL;
        -:   65:    } else {
    #####:   66:      if (l_26)
    #####:   67:        break;
    #####:   68:      for (g_25 = 0; (g_25 <= 1); g_25 += 1) {
    #####:   69:        int32_t **l_59 = &g_58;
    #####:   70:        int64_t *l_66 = &g_67;
        -:   71:        int i, j;
    #####:   72:        (*l_59) = &g_2[g_7][g_7];
    #####:   73:        g_2[g_25][g_25] = ((((&g_47 != ((safe_rshift_func_uint16_t_u_u((((*l_66) = (safe_mul_func_uint32_t_u_u((l_26 ^= (g_64[2][0] = g_2[g_7][g_7])), (l_65 == (*l_59))))) ^ 0xB601BA2AAC5DA298LL), ((safe_sub_func_uint8_t_u_u(g_3, ((g_9 & (safe_lshift_func_int64_t_s_s((0x40F4L && 0x4F12L), g_7))), g_25))), 65529UL))), (void *)0)), (-1L)), (**l_59)) != 65535UL);
        -:   74:      }
        -:   75:    }
       2*:   76:    for (g_67 = 0; (g_67 <= 1); g_67 += 1) {
        2:   77:      int64_t l_72 = 3L;
        -:   78:      int i, j;
        6:   79:      for (l_32 = 1; (l_32 >= 0); l_32 -= 1) {
        4:   80:        int32_t **l_73 = &l_65;
        4:   81:        int32_t *l_74 = &g_9;
        -:   82:        int i, j;
        4:   83:        l_56 = ((((8L != g_2[l_32][g_7]) & l_72), (*l_65)), ((*l_73) = &g_2[l_32][g_7]));
        4:   84:        (*l_74) = (g_2[l_32][g_67] = (&g_67 == (void *)0));
        -:   85:      }
        2:   86:      if (g_2[g_67][(g_7 + 1)])
        2:   87:        break;
        -:   88:    }
        -:   89:  }
        1:   90:  return g_25;
        -:   91:}
        -:   92:
        4:   93:static uint32_t func_15(const uint64_t p_16) { return g_25; }
        -:   94:
        1:   95:int main(int argc, char *argv[]) {
        -:   96:  int i, j;
        1:   97:  int print_hash_value = 0;
       1*:   98:  if (argc == 2 && strcmp(argv[1], "1") == 0)
    #####:   99:    print_hash_value = 1;
        1:  100:  platform_main_begin();
        1:  101:  crc32_gentab();
        1:  102:  func_1();
        3:  103:  for (i = 0; i < 2; i++) {
        8:  104:    for (j = 0; j < 3; j++) {
        6:  105:      transparent_crc(g_2[i][j], "g_2[i][j]", print_hash_value);
        6:  106:      if (print_hash_value)
    #####:  107:        printf("index = [%d][%d]\n", i, j);
        -:  108:    }
        -:  109:  }
        1:  110:  transparent_crc(g_3, "g_3", print_hash_value);
        1:  111:  transparent_crc(g_4, "g_4", print_hash_value);
        6:  112:  for (i = 0; i < 5; i++) {
       25:  113:    for (j = 0; j < 4; j++) {
       20:  114:      transparent_crc(g_5[i][j], "g_5[i][j]", print_hash_value);
       20:  115:      if (print_hash_value)
    #####:  116:        printf("index = [%d][%d]\n", i, j);
        -:  117:    }
        -:  118:  }
        1:  119:  transparent_crc(g_6, "g_6", print_hash_value);
        1:  120:  transparent_crc(g_7, "g_7", print_hash_value);
        1:  121:  transparent_crc(g_8, "g_8", print_hash_value);
        1:  122:  transparent_crc(g_9, "g_9", print_hash_value);
        1:  123:  transparent_crc(g_25, "g_25", print_hash_value);
        4:  124:  for (i = 0; i < 3; i++) {
       18:  125:    for (j = 0; j < 5; j++) {
       15:  126:      transparent_crc(g_31[i][j], "g_31[i][j]", print_hash_value);
       15:  127:      if (print_hash_value)
    #####:  128:        printf("index = [%d][%d]\n", i, j);
        -:  129:    }
        -:  130:  }
        6:  131:  for (i = 0; i < 5; i++) {
       10:  132:    for (j = 0; j < 1; j++) {
        5:  133:      transparent_crc(g_64[i][j], "g_64[i][j]", print_hash_value);
        5:  134:      if (print_hash_value)
    #####:  135:        printf("index = [%d][%d]\n", i, j);
        -:  136:    }
        -:  137:  }
        1:  138:  transparent_crc(g_67, "g_67", print_hash_value);
        1:  139:  platform_main_end(crc32_context ^ 0xFFFFFFFFUL, print_hash_value);
        1:  140:  return 0;
        -:  141:}
