        -:    0:Source:602.c
        -:    0:Graph:602.gcno
        -:    0:Data:602.gcda
        -:    0:Runs:1
        -:    1:#include <stdarg.h>
        -:    2:
        1:    3:void stub(int num, ...) {
        -:    4:  va_list ap;
        -:    5:  char *end;
        -:    6:  int i;
        -:    7:
        3:    8:  for (i = 0; i < 2; i++) {
        2:    9:    va_start(ap, num);
        -:   10:    while (1) {
        8:   11:      end = va_arg(ap, char *);
        8:   12:      if (!end)
        2:   13:        break;
        -:   14:    }
        2:   15:    va_end(ap);
        -:   16:  }
        1:   17:}
        -:   18:
        1:   19:int main() {
        1:   20:  stub(1, "ab", "bc", "cx", (char *)0);
        1:   21:  exit(0);
        -:   22:}
