        -:    0:Source:2345.c
        -:    0:Graph:2345.gcno
        -:    0:Data:2345.gcda
        -:    0:Runs:1
        -:    1:/* Test that the correct data prefetch instructions are generated for i386
        -:    2:   variants that use 3DNow! prefetchw or SSE prefetch instructions with
        -:    3:   locality hints.  */
        -:    4:
        -:    5:/* { dg-do compile { target { { i?86-*-* x86_64-*-* } && ia32 } } } */
        -:    6:
        -:    7:extern void exit(int);
        -:    8:
        -:    9:char *msg = "howdy there";
        -:   10:
        1:   11:void foo(char *p) {
        1:   12:  __builtin_prefetch(p, 0, 0);
        1:   13:  __builtin_prefetch(p, 0, 1);
        1:   14:  __builtin_prefetch(p, 0, 2);
        1:   15:  __builtin_prefetch(p, 0, 3);
        1:   16:  __builtin_prefetch(p, 1, 0);
        1:   17:  __builtin_prefetch(p, 1, 1);
        1:   18:  __builtin_prefetch(p, 1, 2);
        1:   19:  __builtin_prefetch(p, 1, 3);
        1:   20:}
        -:   21:
        1:   22:int main() {
        1:   23:  foo(msg);
        1:   24:  exit(0);
        -:   25:}
        -:   26:
        -:   27:/* { dg-final { scan-assembler "prefetchw" } } */
        -:   28:/* { dg-final { scan-assembler "prefetchnta" } } */
        -:   29:/* { dg-final { scan-assembler "prefetcht" } } */
