        -:    0:Source:3785.c
        -:    0:Graph:3785.gcno
        -:    0:Data:3785.gcda
        -:    0:Runs:1
        -:    1:/* PR tree-optimization/57321 */
        -:    2:
        -:    3:int a = 1, *b, **c;
        -:    4:
        1:    5:static int foo(int *p) {
        1:    6:  if (*p == a) {
    #####:    7:    int *i[7][5] = {{0}};
        -:    8:    int **j[1][1];
    #####:    9:    j[0][0] = &i[0][0];
    #####:   10:    *b = &p != c;
        -:   11:  }
        1:   12:  return 0;
        -:   13:}
        -:   14:
        1:   15:int main() {
        1:   16:  int i = 0;
        1:   17:  foo(&i);
        1:   18:  return 0;
        -:   19:}
