        -:    0:Source:2990.c
        -:    0:Graph:2990.gcno
        -:    0:Data:2990.gcda
        -:    0:Runs:1
        -:    1:/* PR target/31100 */
        -:    2:/* Reported by Erwin Unruh <Erwin.Unruh@fujitsu-siemens.com> */
        -:    3:
        -:    4:/* { dg-do run } */
        -:    5:/* { dg-options "-falign-labels=16" } */
        -:    6:
        -:    7:extern void abort(void);
        -:    8:
        1:    9:int f(int i) {
        -:   10:  int res;
        -:   11:
        1:   12:  switch (i) {
    #####:   13:  case 5:
    #####:   14:    res = i - i;
    #####:   15:    break;
        1:   16:  default:
        1:   17:    res = i * 2;
        1:   18:    break;
        -:   19:  }
        -:   20:
        1:   21:  return res;
        -:   22:}
        -:   23:
        1:   24:int main(void) {
        1:   25:  if (f(2) != 4)
    #####:   26:    abort();
        1:   27:  return 0;
        -:   28:}
