        -:    0:Source:1678.c
        -:    0:Graph:1678.gcno
        -:    0:Data:1678.gcda
        -:    0:Runs:1
        -:    1:/* { dg-do run } */
        -:    2:
        1:    3:__attribute__((noinline, noclone)) void test(int *pi, long *pl, int f) {
        1:    4:  *pl = 0;
        -:    5:
        1:    6:  *pi = 1;
        -:    7:
        1:    8:  if (f)
    #####:    9:    *pl = 2;
        1:   10:}
        -:   11:
        1:   12:int main() {
        1:   13:  void *p = __builtin_malloc(sizeof(long));
        -:   14:
        1:   15:  test(p, p, 0);
        -:   16:
        1:   17:  if (*(int *)p != 1)
    #####:   18:    __builtin_abort();
        1:   19:  return 0;
        -:   20:}
